#! /c/Source/iverilog-install/bin/vvp
:ivl_version "12.0 (devel)" "(s20150603-1539-g2693dd32b)";
:ivl_delay_selection "TYPICAL";
:vpi_time_precision - 10;
:vpi_module "C:\iverilog\lib\ivl\system.vpi";
:vpi_module "C:\iverilog\lib\ivl\vhdl_sys.vpi";
:vpi_module "C:\iverilog\lib\ivl\vhdl_textio.vpi";
:vpi_module "C:\iverilog\lib\ivl\v2005_math.vpi";
:vpi_module "C:\iverilog\lib\ivl\va_math.vpi";
S_000002df73806ba0 .scope module, "data_memory" "data_memory" 2 13;
 .timescale -9 -10;
    .port_info 0 /INPUT 1 "clock";
    .port_info 1 /INPUT 1 "reset";
    .port_info 2 /INPUT 1 "read";
    .port_info 3 /INPUT 1 "write";
    .port_info 4 /INPUT 6 "address";
    .port_info 5 /INPUT 32 "writedata";
    .port_info 6 /OUTPUT 32 "readdata";
    .port_info 7 /OUTPUT 1 "busywait";
v000002df736d8b70_0 .var *"_ivl_10", 7 0; Local signal
v000002df73806d30_0 .var *"_ivl_3", 7 0; Local signal
v000002df73806dd0_0 .var *"_ivl_4", 7 0; Local signal
v000002df73806e70_0 .var *"_ivl_5", 7 0; Local signal
v000002df73806f10_0 .var *"_ivl_6", 7 0; Local signal
v000002df73806fb0_0 .var *"_ivl_7", 7 0; Local signal
v000002df736e3f10_0 .var *"_ivl_8", 7 0; Local signal
v000002df736e3fb0_0 .var *"_ivl_9", 7 0; Local signal
o000002df736ee0e8 .functor BUFZ 6, C4<zzzzzz>; HiZ drive
v000002df736e4050_0 .net "address", 5 0, o000002df736ee0e8;  0 drivers
v000002df7373afe0_0 .var "busywait", 0 0;
o000002df736ee148 .functor BUFZ 1, C4<z>; HiZ drive
v000002df7373b080_0 .net "clock", 0 0, o000002df736ee148;  0 drivers
v000002df7373b120_0 .var/i "i", 31 0;
v000002df7373b1c0_0 .var/i "j", 31 0;
v000002df7373bcb0 .array "memory_array", 0 255, 7 0;
o000002df736ee1d8 .functor BUFZ 1, C4<z>; HiZ drive
v000002df7373b710_0 .net "read", 0 0, o000002df736ee1d8;  0 drivers
v000002df7373b350_0 .var "readaccess", 0 0;
v000002df7373ba30_0 .var "readdata", 31 0;
o000002df736ee268 .functor BUFZ 1, C4<z>; HiZ drive
v000002df7373b670_0 .net "reset", 0 0, o000002df736ee268;  0 drivers
o000002df736ee298 .functor BUFZ 1, C4<z>; HiZ drive
v000002df7373bad0_0 .net "write", 0 0, o000002df736ee298;  0 drivers
v000002df7373b7b0_0 .var "writeaccess", 0 0;
o000002df736ee2f8 .functor BUFZ 32, C4<zzzzzzzzzzzzzzzzzzzzzzzzzzzzzzzz>; HiZ drive
v000002df7373bf30_0 .net "writedata", 31 0, o000002df736ee2f8;  0 drivers
E_000002df736d7530 .event posedge, v000002df7373b670_0;
E_000002df736d6bf0 .event posedge, v000002df7373b080_0;
E_000002df736d6630 .event anyedge, v000002df7373bad0_0, v000002df7373b710_0;
    .scope S_000002df73806ba0;
T_0 ;
    %wait E_000002df736d6630;
    %load/vec4 v000002df7373b710_0;
    %flag_set/vec4 8;
    %jmp/1 T_0.2, 8;
    %load/vec4 v000002df7373bad0_0;
    %flag_set/vec4 9;
    %flag_or 8, 9;
T_0.2;
    %jmp/0 T_0.0, 8;
    %pushi/vec4 1, 0, 2;
    %jmp/1 T_0.1, 8;
T_0.0 ; End of true expr.
    %pushi/vec4 0, 0, 2;
    %jmp/0 T_0.1, 8;
 ; End of false expr.
    %blend;
T_0.1;
    %pad/s 1;
    %store/vec4 v000002df7373afe0_0, 0, 1;
    %load/vec4 v000002df7373b710_0;
    %flag_set/vec4 9;
    %flag_get/vec4 9;
    %jmp/0 T_0.5, 9;
    %load/vec4 v000002df7373bad0_0;
    %nor/r;
    %and;
T_0.5;
    %flag_set/vec4 8;
    %jmp/0 T_0.3, 8;
    %pushi/vec4 1, 0, 2;
    %jmp/1 T_0.4, 8;
T_0.3 ; End of true expr.
    %pushi/vec4 0, 0, 2;
    %jmp/0 T_0.4, 8;
 ; End of false expr.
    %blend;
T_0.4;
    %pad/s 1;
    %store/vec4 v000002df7373b350_0, 0, 1;
    %load/vec4 v000002df7373b710_0;
    %nor/r;
    %flag_set/vec4 9;
    %flag_get/vec4 9;
    %jmp/0 T_0.8, 9;
    %load/vec4 v000002df7373bad0_0;
    %and;
T_0.8;
    %flag_set/vec4 8;
    %jmp/0 T_0.6, 8;
    %pushi/vec4 1, 0, 2;
    %jmp/1 T_0.7, 8;
T_0.6 ; End of true expr.
    %pushi/vec4 0, 0, 2;
    %jmp/0 T_0.7, 8;
 ; End of false expr.
    %blend;
T_0.7;
    %pad/s 1;
    %store/vec4 v000002df7373b7b0_0, 0, 1;
    %jmp T_0;
    .thread T_0, $push;
    .scope S_000002df73806ba0;
T_1 ;
    %wait E_000002df736d6bf0;
    %load/vec4 v000002df7373b350_0;
    %flag_set/vec4 8;
    %jmp/0xz  T_1.0, 8;
    %load/vec4 v000002df736e4050_0;
    %concati/vec4 0, 0, 2;
    %pad/u 10;
    %ix/vec4 4;
    %load/vec4a v000002df7373bcb0, 4;
    %store/vec4 v000002df73806d30_0, 0, 8;
    %pushi/vec4 400, 0, 64;
    %ix/vec4 4;
    %delayx 4;
    %load/vec4 v000002df73806d30_0;
    %ix/load 4, 0, 0;
    %flag_set/imm 4, 0;
    %store/vec4 v000002df7373ba30_0, 4, 8;
    %load/vec4 v000002df736e4050_0;
    %concati/vec4 1, 0, 2;
    %pad/u 10;
    %ix/vec4 4;
    %load/vec4a v000002df7373bcb0, 4;
    %store/vec4 v000002df73806dd0_0, 0, 8;
    %pushi/vec4 400, 0, 64;
    %ix/vec4 4;
    %delayx 4;
    %load/vec4 v000002df73806dd0_0;
    %ix/load 4, 8, 0;
    %flag_set/imm 4, 0;
    %store/vec4 v000002df7373ba30_0, 4, 8;
    %load/vec4 v000002df736e4050_0;
    %concati/vec4 2, 0, 2;
    %pad/u 10;
    %ix/vec4 4;
    %load/vec4a v000002df7373bcb0, 4;
    %store/vec4 v000002df73806e70_0, 0, 8;
    %pushi/vec4 400, 0, 64;
    %ix/vec4 4;
    %delayx 4;
    %load/vec4 v000002df73806e70_0;
    %ix/load 4, 16, 0;
    %flag_set/imm 4, 0;
    %store/vec4 v000002df7373ba30_0, 4, 8;
    %load/vec4 v000002df736e4050_0;
    %concati/vec4 3, 0, 2;
    %pad/u 10;
    %ix/vec4 4;
    %load/vec4a v000002df7373bcb0, 4;
    %store/vec4 v000002df73806f10_0, 0, 8;
    %pushi/vec4 400, 0, 64;
    %ix/vec4 4;
    %delayx 4;
    %load/vec4 v000002df73806f10_0;
    %ix/load 4, 24, 0;
    %flag_set/imm 4, 0;
    %store/vec4 v000002df7373ba30_0, 4, 8;
    %pushi/vec4 0, 0, 1;
    %store/vec4 v000002df7373afe0_0, 0, 1;
    %pushi/vec4 0, 0, 1;
    %store/vec4 v000002df7373b350_0, 0, 1;
T_1.0 ;
    %load/vec4 v000002df7373b7b0_0;
    %flag_set/vec4 8;
    %jmp/0xz  T_1.2, 8;
    %load/vec4 v000002df7373bf30_0;
    %parti/s 8, 0, 2;
    %store/vec4 v000002df73806fb0_0, 0, 8;
    %pushi/vec4 400, 0, 64;
    %ix/vec4 4;
    %delayx 4;
    %load/vec4 v000002df73806fb0_0;
    %load/vec4 v000002df736e4050_0;
    %concati/vec4 0, 0, 2;
    %pad/u 10;
    %ix/vec4 4;
    %store/vec4a v000002df7373bcb0, 4, 0;
    %load/vec4 v000002df7373bf30_0;
    %parti/s 8, 8, 5;
    %store/vec4 v000002df736e3f10_0, 0, 8;
    %pushi/vec4 400, 0, 64;
    %ix/vec4 4;
    %delayx 4;
    %load/vec4 v000002df736e3f10_0;
    %load/vec4 v000002df736e4050_0;
    %concati/vec4 1, 0, 2;
    %pad/u 10;
    %ix/vec4 4;
    %store/vec4a v000002df7373bcb0, 4, 0;
    %load/vec4 v000002df7373bf30_0;
    %parti/s 8, 16, 6;
    %store/vec4 v000002df736e3fb0_0, 0, 8;
    %pushi/vec4 400, 0, 64;
    %ix/vec4 4;
    %delayx 4;
    %load/vec4 v000002df736e3fb0_0;
    %load/vec4 v000002df736e4050_0;
    %concati/vec4 2, 0, 2;
    %pad/u 10;
    %ix/vec4 4;
    %store/vec4a v000002df7373bcb0, 4, 0;
    %load/vec4 v000002df7373bf30_0;
    %parti/s 8, 24, 6;
    %store/vec4 v000002df736d8b70_0, 0, 8;
    %pushi/vec4 400, 0, 64;
    %ix/vec4 4;
    %delayx 4;
    %load/vec4 v000002df736d8b70_0;
    %load/vec4 v000002df736e4050_0;
    %concati/vec4 3, 0, 2;
    %pad/u 10;
    %ix/vec4 4;
    %store/vec4a v000002df7373bcb0, 4, 0;
    %pushi/vec4 0, 0, 1;
    %store/vec4 v000002df7373afe0_0, 0, 1;
    %pushi/vec4 0, 0, 1;
    %store/vec4 v000002df7373b7b0_0, 0, 1;
T_1.2 ;
    %jmp T_1;
    .thread T_1;
    .scope S_000002df73806ba0;
T_2 ;
    %wait E_000002df736d7530;
    %load/vec4 v000002df7373b670_0;
    %flag_set/vec4 8;
    %jmp/0xz  T_2.0, 8;
    %pushi/vec4 0, 0, 32;
    %store/vec4 v000002df7373b120_0, 0, 32;
T_2.2 ;
    %load/vec4 v000002df7373b120_0;
    %cmpi/s 256, 0, 32;
    %jmp/0xz T_2.3, 5;
    %pushi/vec4 0, 0, 8;
    %ix/getv/s 4, v000002df7373b120_0;
    %store/vec4a v000002df7373bcb0, 4, 0;
    %load/vec4 v000002df7373b120_0;
    %addi 1, 0, 32;
    %store/vec4 v000002df7373b120_0, 0, 32;
    %jmp T_2.2;
T_2.3 ;
    %pushi/vec4 0, 0, 1;
    %store/vec4 v000002df7373afe0_0, 0, 1;
    %pushi/vec4 0, 0, 1;
    %store/vec4 v000002df7373b350_0, 0, 1;
    %pushi/vec4 0, 0, 1;
    %store/vec4 v000002df7373b7b0_0, 0, 1;
T_2.0 ;
    %jmp T_2;
    .thread T_2;
    .scope S_000002df73806ba0;
T_3 ;
    %vpi_call 2 86 "$dumpfile", "cpu_wavedata.vcd" {0 0 0};
    %pushi/vec4 0, 0, 32;
    %store/vec4 v000002df7373b1c0_0, 0, 32;
T_3.0 ;
    %load/vec4 v000002df7373b1c0_0;
    %cmpi/s 256, 0, 32;
    %jmp/0xz T_3.1, 5;
    %vpi_call 2 89 "$dumpvars", 32'sb00000000000000000000000000000001, &A<v000002df7373bcb0, v000002df7373b1c0_0 > {0 0 0};
    ; show_stmt_assign_vector: Get l-value for compressed += operand
    %load/vec4 v000002df7373b1c0_0;
    %pushi/vec4 1, 0, 32;
    %add;
    %store/vec4 v000002df7373b1c0_0, 0, 32;
    %jmp T_3.0;
T_3.1 ;
    %end;
    .thread T_3;
# The file index is used to find the file name in the following table.
:file_names 3;
    "N/A";
    "<interactive>";
    "dmem.v";
