#! /c/Source/iverilog-install/bin/vvp
:ivl_version "12.0 (devel)" "(s20150603-1539-g2693dd32b)";
:ivl_delay_selection "TYPICAL";
:vpi_time_precision - 10;
:vpi_module "C:\iverilog\lib\ivl\system.vpi";
:vpi_module "C:\iverilog\lib\ivl\vhdl_sys.vpi";
:vpi_module "C:\iverilog\lib\ivl\vhdl_textio.vpi";
:vpi_module "C:\iverilog\lib\ivl\v2005_math.vpi";
:vpi_module "C:\iverilog\lib\ivl\va_math.vpi";
S_00000270c5d25370 .scope module, "flowControl" "flowControl" 2 8;
 .timescale -9 -10;
    .port_info 0 /INPUT 1 "JUMP";
    .port_info 1 /INPUT 1 "BRANCH";
    .port_info 2 /INPUT 1 "ZERO";
    .port_info 3 /INPUT 1 "BNE";
    .port_info 4 /OUTPUT 1 "OUT";
o00000270c5d26fd8 .functor BUFZ 1, C4<z>; HiZ drive
L_00000270c5e7b2b0 .functor NOT 1, o00000270c5d26fd8, C4<0>, C4<0>, C4<0>;
o00000270c5d27008 .functor BUFZ 1, C4<z>; HiZ drive
L_00000270c5e77500 .functor AND 1, o00000270c5d27008, L_00000270c5e7b2b0, C4<1>, C4<1>;
L_00000270c5d23fe0 .functor NOT 1, o00000270c5d27008, C4<0>, C4<0>, C4<0>;
L_00000270c5d24050 .functor AND 1, L_00000270c5d23fe0, o00000270c5d26fd8, C4<1>, C4<1>;
o00000270c5d26fa8 .functor BUFZ 1, C4<z>; HiZ drive
o00000270c5d27068 .functor BUFZ 1, C4<z>; HiZ drive
L_00000270c5d240c0 .functor XOR 1, o00000270c5d26fa8, o00000270c5d27068, C4<0>, C4<0>;
L_00000270c5d24130 .functor AND 1, L_00000270c5d24050, L_00000270c5d240c0, C4<1>, C4<1>;
L_00000270c5d241a0 .functor OR 1, L_00000270c5e77500, L_00000270c5d24130, C4<0>, C4<0>;
v00000270c5e77660_0 .net "BNE", 0 0, o00000270c5d26fa8;  0 drivers
v00000270c5e76fc0_0 .net "BRANCH", 0 0, o00000270c5d26fd8;  0 drivers
v00000270c5d25690_0 .net "JUMP", 0 0, o00000270c5d27008;  0 drivers
v00000270c5d25730_0 .net "OUT", 0 0, L_00000270c5d241a0;  1 drivers
v00000270c5e7be60_0 .net "ZERO", 0 0, o00000270c5d27068;  0 drivers
v00000270c5e7bf00_0 .net *"_ivl_0", 0 0, L_00000270c5e7b2b0;  1 drivers
v00000270c5d23e10_0 .net *"_ivl_10", 0 0, L_00000270c5d24130;  1 drivers
v00000270c5d23eb0_0 .net *"_ivl_2", 0 0, L_00000270c5e77500;  1 drivers
v00000270c5d68060_0 .net *"_ivl_4", 0 0, L_00000270c5d23fe0;  1 drivers
v00000270c5d68b00_0 .net *"_ivl_6", 0 0, L_00000270c5d24050;  1 drivers
v00000270c5d68100_0 .net *"_ivl_8", 0 0, L_00000270c5d240c0;  1 drivers
S_00000270c5d25500 .scope module, "offsetAdder" "offsetAdder" 2 18;
 .timescale -9 -10;
    .port_info 0 /INPUT 32 "PC";
    .port_info 1 /INPUT 8 "OFFSET";
    .port_info 2 /OUTPUT 32 "TARGET";
o00000270c5d272a8 .functor BUFZ 8, C4<zzzzzzzz>; HiZ drive
v00000270c5d68a60_0 .net "OFFSET", 7 0, o00000270c5d272a8;  0 drivers
o00000270c5d272d8 .functor BUFZ 32, C4<zzzzzzzzzzzzzzzzzzzzzzzzzzzzzzzz>; HiZ drive
v00000270c5d681a0_0 .net "PC", 31 0, o00000270c5d272d8;  0 drivers
v00000270c5d68ba0_0 .net "TARGET", 31 0, L_00000270c5d68380;  1 drivers
v00000270c5d689c0_0 .net *"_ivl_1", 0 0, L_00000270c5d68240;  1 drivers
L_00000270c5d6a648 .functor BUFT 1, C4<00>, C4<0>, C4<0>, C4<0>;
v00000270c5d687e0_0 .net/2u *"_ivl_4", 1 0, L_00000270c5d6a648;  1 drivers
v00000270c5d68c40_0 .net *"_ivl_6", 31 0, L_00000270c5d682e0;  1 drivers
v00000270c5d68560_0 .net "signBits", 21 0, L_00000270c5d68600;  1 drivers
L_00000270c5d68240 .part o00000270c5d272a8, 7, 1;
LS_00000270c5d68600_0_0 .concat [ 1 1 1 1], L_00000270c5d68240, L_00000270c5d68240, L_00000270c5d68240, L_00000270c5d68240;
LS_00000270c5d68600_0_4 .concat [ 1 1 1 1], L_00000270c5d68240, L_00000270c5d68240, L_00000270c5d68240, L_00000270c5d68240;
LS_00000270c5d68600_0_8 .concat [ 1 1 1 1], L_00000270c5d68240, L_00000270c5d68240, L_00000270c5d68240, L_00000270c5d68240;
LS_00000270c5d68600_0_12 .concat [ 1 1 1 1], L_00000270c5d68240, L_00000270c5d68240, L_00000270c5d68240, L_00000270c5d68240;
LS_00000270c5d68600_0_16 .concat [ 1 1 1 1], L_00000270c5d68240, L_00000270c5d68240, L_00000270c5d68240, L_00000270c5d68240;
LS_00000270c5d68600_0_20 .concat [ 1 1 0 0], L_00000270c5d68240, L_00000270c5d68240;
LS_00000270c5d68600_1_0 .concat [ 4 4 4 4], LS_00000270c5d68600_0_0, LS_00000270c5d68600_0_4, LS_00000270c5d68600_0_8, LS_00000270c5d68600_0_12;
LS_00000270c5d68600_1_4 .concat [ 4 2 0 0], LS_00000270c5d68600_0_16, LS_00000270c5d68600_0_20;
L_00000270c5d68600 .concat [ 16 6 0 0], LS_00000270c5d68600_1_0, LS_00000270c5d68600_1_4;
L_00000270c5d682e0 .concat [ 2 8 22 0], L_00000270c5d6a648, o00000270c5d272a8, L_00000270c5d68600;
L_00000270c5d68380 .delay 32 (20,20,20) L_00000270c5d68380/d;
L_00000270c5d68380/d .arith/sum 32, o00000270c5d272d8, L_00000270c5d682e0;
# The file index is used to find the file name in the following table.
:file_names 3;
    "N/A";
    "<interactive>";
    "flowcontrol.v";
