#! /c/Source/iverilog-install/bin/vvp
:ivl_version "12.0 (devel)" "(s20150603-1539-g2693dd32b)";
:ivl_delay_selection "TYPICAL";
:vpi_time_precision - 10;
:vpi_module "C:\iverilog\lib\ivl\system.vpi";
:vpi_module "C:\iverilog\lib\ivl\vhdl_sys.vpi";
:vpi_module "C:\iverilog\lib\ivl\vhdl_textio.vpi";
:vpi_module "C:\iverilog\lib\ivl\v2005_math.vpi";
:vpi_module "C:\iverilog\lib\ivl\va_math.vpi";
S_00000254db74d2b0 .scope module, "MULT" "MULT" 2 10;
 .timescale -9 -10;
    .port_info 0 /INPUT 8 "DATA1";
    .port_info 1 /INPUT 8 "DATA2";
    .port_info 2 /OUTPUT 8 "RESULT";
L_00000254db817750 .functor AND 1, L_00000254db895f80, L_00000254db895a80, C4<1>, C4<1>;
L_00000254db817bb0 .functor AND 1, L_00000254db893dc0, L_00000254db895da0, C4<1>, C4<1>;
L_00000254db817c20 .functor AND 1, L_00000254db893c80, L_00000254db894900, C4<1>, C4<1>;
L_00000254db898340 .functor AND 1, L_00000254db894540, L_00000254db895e40, C4<1>, C4<1>;
L_00000254db897c40 .functor AND 1, L_00000254db8938c0, L_00000254db896020, C4<1>, C4<1>;
L_00000254db8985e0 .functor AND 1, L_00000254db894680, L_00000254db893fa0, C4<1>, C4<1>;
L_00000254db897b60 .functor AND 1, L_00000254db894b80, L_00000254db8945e0, C4<1>, C4<1>;
L_00000254db897d90 .functor AND 1, L_00000254db893960, L_00000254db895bc0, C4<1>, C4<1>;
L_00000254db898180 .functor AND 1, L_00000254db895440, L_00000254db895760, C4<1>, C4<1>;
L_00000254db8987a0 .functor AND 1, L_00000254db8954e0, L_00000254db895800, C4<1>, C4<1>;
L_00000254db8980a0 .functor AND 1, L_00000254db893e60, L_00000254db8944a0, C4<1>, C4<1>;
L_00000254db89ac60 .functor AND 1, L_00000254db894360, L_00000254db894040, C4<1>, C4<1>;
L_00000254db89ae20 .functor AND 1, L_00000254db894720, L_00000254db895580, C4<1>, C4<1>;
L_00000254db89b600 .functor AND 1, L_00000254db895d00, L_00000254db895c60, C4<1>, C4<1>;
L_00000254db89ab10 .functor AND 1, L_00000254db894c20, L_00000254db894180, C4<1>, C4<1>;
L_00000254db89b440 .functor AND 1, L_00000254db894a40, L_00000254db895620, C4<1>, C4<1>;
L_00000254db89b1a0 .functor AND 1, L_00000254db894e00, L_00000254db894d60, C4<1>, C4<1>;
L_00000254db89a950 .functor AND 1, L_00000254db895080, L_00000254db895120, C4<1>, C4<1>;
L_00000254db89c300 .functor AND 1, L_00000254db895300, L_00000254db8953a0, C4<1>, C4<1>;
L_00000254db89bce0 .functor AND 1, L_00000254db8962a0, L_00000254db8968e0, C4<1>, C4<1>;
L_00000254db89c5a0 .functor AND 1, L_00000254db897380, L_00000254db896f20, C4<1>, C4<1>;
L_00000254db89bff0 .functor AND 1, L_00000254db897240, L_00000254db896980, C4<1>, C4<1>;
L_00000254db89c0d0 .functor AND 1, L_00000254db896c00, L_00000254db896480, C4<1>, C4<1>;
L_00000254db89ebb0 .functor AND 1, L_00000254db896840, L_00000254db8971a0, C4<1>, C4<1>;
L_00000254db89ff60 .functor AND 1, L_00000254db896a20, L_00000254db897060, C4<1>, C4<1>;
L_00000254db89ffd0 .functor AND 1, L_00000254db8972e0, L_00000254db896520, C4<1>, C4<1>;
L_00000254db89f320 .functor AND 1, L_00000254db896d40, L_00000254db896160, C4<1>, C4<1>;
L_00000254db89f5c0 .functor AND 1, L_00000254db896700, L_00000254db896de0, C4<1>, C4<1>;
L_00000254db89ec20 .functor AND 1, L_00000254db8974c0, L_00000254db896200, C4<1>, C4<1>;
L_00000254db89f4e0 .functor AND 1, L_00000254db8a2330, L_00000254db8a1cf0, C4<1>, C4<1>;
L_00000254db89f400 .functor AND 1, L_00000254db8a32d0, L_00000254db8a1b10, C4<1>, C4<1>;
L_00000254db89fa20 .functor AND 1, L_00000254db8a1390, L_00000254db8a16b0, C4<1>, C4<1>;
L_00000254db8a0580 .functor AND 1, L_00000254db8a1110, L_00000254db8a0d50, C4<1>, C4<1>;
L_00000254db8a9140 .functor AND 1, L_00000254db8a2510, L_00000254db8a12f0, C4<1>, C4<1>;
L_00000254db8a7cb0 .functor AND 1, L_00000254db8a11b0, L_00000254db8a19d0, C4<1>, C4<1>;
L_00000254db8a9290 .functor AND 1, L_00000254db8a30f0, L_00000254db8a2b50, C4<1>, C4<1>;
L_00000254db8a7ee0/d .functor BUFZ 8, L_00000254db8a26f0, C4<00000000>, C4<00000000>, C4<00000000>;
L_00000254db8a7ee0 .delay 8 (30,30,30) L_00000254db8a7ee0/d;
v00000254db8934b0_0 .net "C0", 7 0, L_00000254db8a21f0;  1 drivers
v00000254db892dd0_0 .net "C1", 7 0, L_00000254db8a0c10;  1 drivers
v00000254db892bf0_0 .net "C2", 7 0, L_00000254db8a14d0;  1 drivers
v00000254db893050_0 .net "C3", 7 0, L_00000254db8a2970;  1 drivers
v00000254db893190_0 .net "C4", 7 0, L_00000254db8a0df0;  1 drivers
v00000254db893690_0 .net "C5", 7 0, L_00000254db8a1430;  1 drivers
v00000254db893410_0 .net "C6", 7 0, L_00000254db894860;  1 drivers
o00000254db854768 .functor BUFZ 8, C4<zzzzzzzz>; HiZ drive
v00000254db8928d0_0 .net "DATA1", 7 0, o00000254db854768;  0 drivers
o00000254db854798 .functor BUFZ 8, C4<zzzzzzzz>; HiZ drive
v00000254db893550_0 .net "DATA2", 7 0, o00000254db854798;  0 drivers
v00000254db893730_0 .net "RESULT", 7 0, L_00000254db8a7ee0;  1 drivers
v00000254db892830_0 .net "S0", 7 0, L_00000254db8a2e70;  1 drivers
v00000254db8926f0_0 .net "S1", 7 0, L_00000254db8a3190;  1 drivers
v00000254db8923d0_0 .net "S2", 7 0, L_00000254db8a2290;  1 drivers
v00000254db8925b0_0 .net "S3", 7 0, L_00000254db8a2650;  1 drivers
v00000254db892970_0 .net "S4", 7 0, L_00000254db8a2a10;  1 drivers
v00000254db892e70_0 .net "S5", 7 0, L_00000254db8947c0;  1 drivers
v00000254db8921f0_0 .net "TEMPORARY", 7 0, L_00000254db8a26f0;  1 drivers
v00000254db892510_0 .net *"_ivl_103", 0 0, L_00000254db894720;  1 drivers
v00000254db8932d0_0 .net *"_ivl_105", 0 0, L_00000254db895580;  1 drivers
v00000254db892290_0 .net *"_ivl_11", 0 0, L_00000254db895da0;  1 drivers
v00000254db892330_0 .net *"_ivl_115", 0 0, L_00000254db895d00;  1 drivers
v00000254db892650_0 .net *"_ivl_117", 0 0, L_00000254db895c60;  1 drivers
v00000254db892c90_0 .net *"_ivl_121", 0 0, L_00000254db894c20;  1 drivers
v00000254db892d30_0 .net *"_ivl_123", 0 0, L_00000254db894180;  1 drivers
v00000254db892f10_0 .net *"_ivl_135", 0 0, L_00000254db894a40;  1 drivers
v00000254db892fb0_0 .net *"_ivl_137", 0 0, L_00000254db895620;  1 drivers
v00000254db890170_0 .net *"_ivl_147", 0 0, L_00000254db894e00;  1 drivers
v00000254db892010_0 .net *"_ivl_149", 0 0, L_00000254db894d60;  1 drivers
v00000254db8919d0_0 .net *"_ivl_15", 0 0, L_00000254db893c80;  1 drivers
v00000254db891ed0_0 .net *"_ivl_161", 0 0, L_00000254db895080;  1 drivers
v00000254db890670_0 .net *"_ivl_163", 0 0, L_00000254db895120;  1 drivers
v00000254db891430_0 .net *"_ivl_17", 0 0, L_00000254db894900;  1 drivers
v00000254db890ad0_0 .net *"_ivl_175", 0 0, L_00000254db895300;  1 drivers
v00000254db8912f0_0 .net *"_ivl_177", 0 0, L_00000254db8953a0;  1 drivers
v00000254db891bb0_0 .net *"_ivl_189", 0 0, L_00000254db8962a0;  1 drivers
v00000254db890df0_0 .net *"_ivl_191", 0 0, L_00000254db8968e0;  1 drivers
v00000254db891f70_0 .net *"_ivl_203", 0 0, L_00000254db897380;  1 drivers
v00000254db891b10_0 .net *"_ivl_205", 0 0, L_00000254db896f20;  1 drivers
v00000254db890b70_0 .net *"_ivl_217", 0 0, L_00000254db897240;  1 drivers
v00000254db890c10_0 .net *"_ivl_219", 0 0, L_00000254db896980;  1 drivers
v00000254db891570_0 .net *"_ivl_229", 0 0, L_00000254db896c00;  1 drivers
v00000254db890a30_0 .net *"_ivl_231", 0 0, L_00000254db896480;  1 drivers
v00000254db88fdb0_0 .net *"_ivl_243", 0 0, L_00000254db896840;  1 drivers
v00000254db8905d0_0 .net *"_ivl_245", 0 0, L_00000254db8971a0;  1 drivers
v00000254db890210_0 .net *"_ivl_25", 0 0, L_00000254db894540;  1 drivers
v00000254db890cb0_0 .net *"_ivl_257", 0 0, L_00000254db896a20;  1 drivers
v00000254db891890_0 .net *"_ivl_259", 0 0, L_00000254db897060;  1 drivers
v00000254db890990_0 .net *"_ivl_27", 0 0, L_00000254db895e40;  1 drivers
v00000254db890d50_0 .net *"_ivl_271", 0 0, L_00000254db8972e0;  1 drivers
v00000254db8917f0_0 .net *"_ivl_273", 0 0, L_00000254db896520;  1 drivers
v00000254db891cf0_0 .net *"_ivl_285", 0 0, L_00000254db896d40;  1 drivers
v00000254db890710_0 .net *"_ivl_287", 0 0, L_00000254db896160;  1 drivers
v00000254db8914d0_0 .net *"_ivl_297", 0 0, L_00000254db896700;  1 drivers
v00000254db890e90_0 .net *"_ivl_299", 0 0, L_00000254db896de0;  1 drivers
v00000254db8907b0_0 .net *"_ivl_3", 0 0, L_00000254db895f80;  1 drivers
v00000254db8902b0_0 .net *"_ivl_31", 0 0, L_00000254db8938c0;  1 drivers
v00000254db891070_0 .net *"_ivl_311", 0 0, L_00000254db8974c0;  1 drivers
v00000254db890f30_0 .net *"_ivl_313", 0 0, L_00000254db896200;  1 drivers
v00000254db88fa90_0 .net *"_ivl_325", 0 0, L_00000254db8a2330;  1 drivers
v00000254db88fc70_0 .net *"_ivl_327", 0 0, L_00000254db8a1cf0;  1 drivers
v00000254db890fd0_0 .net *"_ivl_33", 0 0, L_00000254db896020;  1 drivers
v00000254db891110_0 .net *"_ivl_339", 0 0, L_00000254db8a32d0;  1 drivers
v00000254db891a70_0 .net *"_ivl_341", 0 0, L_00000254db8a1b10;  1 drivers
v00000254db88fb30_0 .net *"_ivl_351", 0 0, L_00000254db8a1390;  1 drivers
v00000254db891930_0 .net *"_ivl_353", 0 0, L_00000254db8a16b0;  1 drivers
v00000254db88fd10_0 .net *"_ivl_365", 0 0, L_00000254db8a1110;  1 drivers
v00000254db88fef0_0 .net *"_ivl_367", 0 0, L_00000254db8a0d50;  1 drivers
v00000254db88f8b0_0 .net *"_ivl_379", 0 0, L_00000254db8a2510;  1 drivers
v00000254db8911b0_0 .net *"_ivl_381", 0 0, L_00000254db8a12f0;  1 drivers
v00000254db88f950_0 .net *"_ivl_391", 0 0, L_00000254db8a11b0;  1 drivers
v00000254db88fe50_0 .net *"_ivl_393", 0 0, L_00000254db8a19d0;  1 drivers
v00000254db890850_0 .net *"_ivl_405", 0 0, L_00000254db8a30f0;  1 drivers
v00000254db890030_0 .net *"_ivl_407", 0 0, L_00000254db8a2b50;  1 drivers
o00000254db8553c8 .functor BUFZ 1, C4<z>; HiZ drive
; Elide local net with no drivers, v00000254db891c50_0 name=_ivl_419
o00000254db8553f8 .functor BUFZ 2, C4<zz>; HiZ drive
; Elide local net with no drivers, v00000254db8908f0_0 name=_ivl_422
o00000254db855428 .functor BUFZ 2, C4<zz>; HiZ drive
; Elide local net with no drivers, v00000254db891250_0 name=_ivl_425
o00000254db855458 .functor BUFZ 3, C4<zzz>; HiZ drive
; Elide local net with no drivers, v00000254db891d90_0 name=_ivl_428
v00000254db891610_0 .net *"_ivl_43", 0 0, L_00000254db894680;  1 drivers
o00000254db8554b8 .functor BUFZ 3, C4<zzz>; HiZ drive
; Elide local net with no drivers, v00000254db8900d0_0 name=_ivl_431
o00000254db8554e8 .functor BUFZ 4, C4<zzzz>; HiZ drive
; Elide local net with no drivers, v00000254db88ff90_0 name=_ivl_434
o00000254db855518 .functor BUFZ 4, C4<zzzz>; HiZ drive
; Elide local net with no drivers, v00000254db891390_0 name=_ivl_437
o00000254db855548 .functor BUFZ 5, C4<zzzzz>; HiZ drive
; Elide local net with no drivers, v00000254db8916b0_0 name=_ivl_440
o00000254db855578 .functor BUFZ 5, C4<zzzzz>; HiZ drive
; Elide local net with no drivers, v00000254db890350_0 name=_ivl_443
o00000254db8555a8 .functor BUFZ 6, C4<zzzzzz>; HiZ drive
; Elide local net with no drivers, v00000254db891750_0 name=_ivl_446
o00000254db8555d8 .functor BUFZ 6, C4<zzzzzz>; HiZ drive
; Elide local net with no drivers, v00000254db891e30_0 name=_ivl_449
v00000254db8903f0_0 .net *"_ivl_45", 0 0, L_00000254db893fa0;  1 drivers
v00000254db88f9f0_0 .net *"_ivl_49", 0 0, L_00000254db894b80;  1 drivers
v00000254db890490_0 .net *"_ivl_5", 0 0, L_00000254db895a80;  1 drivers
v00000254db88fbd0_0 .net *"_ivl_51", 0 0, L_00000254db8945e0;  1 drivers
v00000254db890530_0 .net *"_ivl_6", 0 0, L_00000254db817750;  1 drivers
v00000254db893a00_0 .net *"_ivl_61", 0 0, L_00000254db893960;  1 drivers
v00000254db893b40_0 .net *"_ivl_63", 0 0, L_00000254db895bc0;  1 drivers
v00000254db8940e0_0 .net *"_ivl_67", 0 0, L_00000254db895440;  1 drivers
v00000254db894f40_0 .net *"_ivl_69", 0 0, L_00000254db895760;  1 drivers
v00000254db8959e0_0 .net *"_ivl_79", 0 0, L_00000254db8954e0;  1 drivers
v00000254db893be0_0 .net *"_ivl_81", 0 0, L_00000254db895800;  1 drivers
v00000254db8958a0_0 .net *"_ivl_85", 0 0, L_00000254db893e60;  1 drivers
v00000254db893d20_0 .net *"_ivl_87", 0 0, L_00000254db8944a0;  1 drivers
v00000254db893f00_0 .net *"_ivl_9", 0 0, L_00000254db893dc0;  1 drivers
v00000254db895ee0_0 .net *"_ivl_97", 0 0, L_00000254db894360;  1 drivers
v00000254db894ae0_0 .net *"_ivl_99", 0 0, L_00000254db894040;  1 drivers
L_00000254db895f80 .part o00000254db854768, 0, 1;
L_00000254db895a80 .part o00000254db854798, 0, 1;
L_00000254db893dc0 .part o00000254db854768, 1, 1;
L_00000254db895da0 .part o00000254db854798, 0, 1;
L_00000254db893c80 .part o00000254db854768, 0, 1;
L_00000254db894900 .part o00000254db854798, 1, 1;
L_00000254db894540 .part o00000254db854768, 2, 1;
L_00000254db895e40 .part o00000254db854798, 0, 1;
L_00000254db8938c0 .part o00000254db854768, 1, 1;
L_00000254db896020 .part o00000254db854798, 1, 1;
L_00000254db895b20 .part L_00000254db8a21f0, 0, 1;
L_00000254db894680 .part o00000254db854768, 3, 1;
L_00000254db893fa0 .part o00000254db854798, 0, 1;
L_00000254db894b80 .part o00000254db854768, 2, 1;
L_00000254db8945e0 .part o00000254db854798, 1, 1;
L_00000254db894400 .part L_00000254db8a0c10, 0, 1;
L_00000254db893960 .part o00000254db854768, 4, 1;
L_00000254db895bc0 .part o00000254db854798, 0, 1;
L_00000254db895440 .part o00000254db854768, 3, 1;
L_00000254db895760 .part o00000254db854798, 1, 1;
L_00000254db893aa0 .part L_00000254db8a14d0, 0, 1;
L_00000254db8954e0 .part o00000254db854768, 5, 1;
L_00000254db895800 .part o00000254db854798, 0, 1;
L_00000254db893e60 .part o00000254db854768, 4, 1;
L_00000254db8944a0 .part o00000254db854798, 1, 1;
L_00000254db8942c0 .part L_00000254db8a2970, 0, 1;
L_00000254db894360 .part o00000254db854768, 6, 1;
L_00000254db894040 .part o00000254db854798, 0, 1;
L_00000254db894720 .part o00000254db854768, 5, 1;
L_00000254db895580 .part o00000254db854798, 1, 1;
L_00000254db895940 .part L_00000254db8a0df0, 0, 1;
L_00000254db895d00 .part o00000254db854768, 7, 1;
L_00000254db895c60 .part o00000254db854798, 0, 1;
L_00000254db894c20 .part o00000254db854768, 6, 1;
L_00000254db894180 .part o00000254db854798, 1, 1;
L_00000254db894220 .part L_00000254db8a1430, 0, 1;
L_00000254db8947c0 .part/pv L_00000254db89aaa0, 0, 1, 8;
L_00000254db894860 .part/pv L_00000254db89a9c0, 0, 1, 8;
L_00000254db8949a0 .part L_00000254db8a2e70, 0, 1;
L_00000254db894a40 .part o00000254db854768, 0, 1;
L_00000254db895620 .part o00000254db854798, 2, 1;
L_00000254db894cc0 .part L_00000254db8a3190, 0, 1;
L_00000254db894e00 .part o00000254db854768, 1, 1;
L_00000254db894d60 .part o00000254db854798, 2, 1;
L_00000254db894ea0 .part L_00000254db8a21f0, 1, 1;
L_00000254db894fe0 .part L_00000254db8a2290, 0, 1;
L_00000254db895080 .part o00000254db854768, 2, 1;
L_00000254db895120 .part o00000254db854798, 2, 1;
L_00000254db8951c0 .part L_00000254db8a0c10, 1, 1;
L_00000254db895260 .part L_00000254db8a2650, 0, 1;
L_00000254db895300 .part o00000254db854768, 3, 1;
L_00000254db8953a0 .part o00000254db854798, 2, 1;
L_00000254db8956c0 .part L_00000254db8a14d0, 1, 1;
L_00000254db897600 .part L_00000254db8a2a10, 0, 1;
L_00000254db8962a0 .part o00000254db854768, 4, 1;
L_00000254db8968e0 .part o00000254db854798, 2, 1;
L_00000254db896ac0 .part L_00000254db8a2970, 1, 1;
L_00000254db8965c0 .part L_00000254db8947c0, 0, 1;
L_00000254db897380 .part o00000254db854768, 5, 1;
L_00000254db896f20 .part o00000254db854798, 2, 1;
L_00000254db896b60 .part L_00000254db8a0df0, 1, 1;
L_00000254db8976a0 .part L_00000254db8a2e70, 1, 1;
L_00000254db897240 .part o00000254db854768, 0, 1;
L_00000254db896980 .part o00000254db854798, 3, 1;
L_00000254db8963e0 .part L_00000254db8a3190, 1, 1;
L_00000254db896c00 .part o00000254db854768, 1, 1;
L_00000254db896480 .part o00000254db854798, 3, 1;
L_00000254db896660 .part L_00000254db8a21f0, 2, 1;
L_00000254db897740 .part L_00000254db8a2290, 1, 1;
L_00000254db896840 .part o00000254db854768, 2, 1;
L_00000254db8971a0 .part o00000254db854798, 3, 1;
L_00000254db896fc0 .part L_00000254db8a0c10, 2, 1;
L_00000254db897100 .part L_00000254db8a2650, 1, 1;
L_00000254db896a20 .part o00000254db854768, 3, 1;
L_00000254db897060 .part o00000254db854798, 3, 1;
L_00000254db896ca0 .part L_00000254db8a14d0, 2, 1;
L_00000254db896340 .part L_00000254db8a2a10, 1, 1;
L_00000254db8972e0 .part o00000254db854768, 4, 1;
L_00000254db896520 .part o00000254db854798, 3, 1;
L_00000254db8967a0 .part L_00000254db8a2970, 2, 1;
L_00000254db8960c0 .part L_00000254db8a2e70, 2, 1;
L_00000254db896d40 .part o00000254db854768, 0, 1;
L_00000254db896160 .part o00000254db854798, 4, 1;
L_00000254db897560 .part L_00000254db8a3190, 2, 1;
L_00000254db896700 .part o00000254db854768, 1, 1;
L_00000254db896de0 .part o00000254db854798, 4, 1;
L_00000254db896e80 .part L_00000254db8a21f0, 3, 1;
L_00000254db897420 .part L_00000254db8a2290, 2, 1;
L_00000254db8974c0 .part o00000254db854768, 2, 1;
L_00000254db896200 .part o00000254db854798, 4, 1;
L_00000254db8a2d30 .part L_00000254db8a0c10, 3, 1;
L_00000254db8a1750 .part L_00000254db8a2650, 2, 1;
L_00000254db8a2330 .part o00000254db854768, 3, 1;
L_00000254db8a1cf0 .part o00000254db854798, 4, 1;
L_00000254db8a1d90 .part L_00000254db8a14d0, 3, 1;
L_00000254db8a28d0 .part L_00000254db8a2e70, 3, 1;
L_00000254db8a32d0 .part o00000254db854768, 0, 1;
L_00000254db8a1b10 .part o00000254db854798, 5, 1;
L_00000254db8a1930 .part L_00000254db8a3190, 3, 1;
L_00000254db8a1390 .part o00000254db854768, 1, 1;
L_00000254db8a16b0 .part o00000254db854798, 5, 1;
L_00000254db8a1bb0 .part L_00000254db8a21f0, 4, 1;
L_00000254db8a1250 .part L_00000254db8a2290, 3, 1;
L_00000254db8a1110 .part o00000254db854768, 2, 1;
L_00000254db8a0d50 .part o00000254db854798, 5, 1;
L_00000254db8a2dd0 .part L_00000254db8a0c10, 4, 1;
L_00000254db8a1070 .part L_00000254db8a2e70, 4, 1;
L_00000254db8a2510 .part o00000254db854768, 0, 1;
L_00000254db8a12f0 .part o00000254db854798, 6, 1;
L_00000254db8a1c50 .part L_00000254db8a3190, 4, 1;
L_00000254db8a11b0 .part o00000254db854768, 1, 1;
L_00000254db8a19d0 .part o00000254db854798, 6, 1;
L_00000254db8a2150 .part L_00000254db8a21f0, 5, 1;
L_00000254db8a3050 .part L_00000254db8a2e70, 5, 1;
L_00000254db8a30f0 .part o00000254db854768, 0, 1;
L_00000254db8a2b50 .part o00000254db854798, 7, 1;
LS_00000254db8a26f0_0_0 .concat8 [ 1 1 1 1], L_00000254db817750, L_00000254db817ec0, L_00000254db89adb0, L_00000254db89c610;
LS_00000254db8a26f0_0_4 .concat8 [ 1 1 1 1], L_00000254db89e9f0, L_00000254db89eec0, L_00000254db8a0820, L_00000254db8a7e70;
L_00000254db8a26f0 .concat8 [ 4 4 0 0], LS_00000254db8a26f0_0_0, LS_00000254db8a26f0_0_4;
LS_00000254db8a21f0_0_0 .concat [ 1 1 1 1], L_00000254db8177c0, L_00000254db89b360, L_00000254db89c1b0, L_00000254db89f2b0;
LS_00000254db8a21f0_0_4 .concat [ 1 1 1 1], L_00000254db89f0f0, L_00000254db8a0510, L_00000254db8a85e0, o00000254db8553c8;
L_00000254db8a21f0 .concat [ 4 4 0 0], LS_00000254db8a21f0_0_0, LS_00000254db8a21f0_0_4;
LS_00000254db8a2e70_0_0 .concat [ 1 1 1 1], L_00000254db818010, L_00000254db89b7c0, L_00000254db89b960, L_00000254db89f470;
LS_00000254db8a2e70_0_4 .concat [ 1 1 2 0], L_00000254db89f6a0, L_00000254db8a9530, o00000254db8553f8;
L_00000254db8a2e70 .concat [ 4 4 0 0], LS_00000254db8a2e70_0_0, LS_00000254db8a2e70_0_4;
LS_00000254db8a0c10_0_0 .concat [ 1 1 1 1], L_00000254db897930, L_00000254db89abf0, L_00000254db89c060, L_00000254db89fb70;
LS_00000254db8a0c10_0_4 .concat [ 1 1 2 0], L_00000254db89f9b0, L_00000254db8a7a80, o00000254db855428;
L_00000254db8a0c10 .concat [ 4 4 0 0], LS_00000254db8a0c10_0_0, LS_00000254db8a0c10_0_4;
LS_00000254db8a3190_0_0 .concat [ 1 1 1 1], L_00000254db897e00, L_00000254db89ad40, L_00000254db89fc50, L_00000254db89eb40;
LS_00000254db8a3190_0_4 .concat [ 1 3 0 0], L_00000254db89fb00, o00000254db855458;
L_00000254db8a3190 .concat [ 4 4 0 0], LS_00000254db8a3190_0_0, LS_00000254db8a3190_0_4;
LS_00000254db8a14d0_0_0 .concat [ 1 1 1 1], L_00000254db897af0, L_00000254db89af00, L_00000254db8a04a0, L_00000254db89ef30;
LS_00000254db8a14d0_0_4 .concat [ 1 3 0 0], L_00000254db8a07b0, o00000254db8554b8;
L_00000254db8a14d0 .concat [ 4 4 0 0], LS_00000254db8a14d0_0_0, LS_00000254db8a14d0_0_4;
LS_00000254db8a2290_0_0 .concat [ 1 1 1 1], L_00000254db897ee0, L_00000254db89bea0, L_00000254db89ea60, L_00000254db89fcc0;
LS_00000254db8a2290_0_4 .concat [ 4 0 0 0], o00000254db8554e8;
L_00000254db8a2290 .concat [ 4 4 0 0], LS_00000254db8a2290_0_0, LS_00000254db8a2290_0_4;
LS_00000254db8a2970_0_0 .concat [ 1 1 1 1], L_00000254db8981f0, L_00000254db89c760, L_00000254db89fef0, L_00000254db89ed70;
LS_00000254db8a2970_0_4 .concat [ 4 0 0 0], o00000254db855518;
L_00000254db8a2970 .concat [ 4 4 0 0], LS_00000254db8a2970_0_0, LS_00000254db8a2970_0_4;
L_00000254db8a2650 .concat [ 1 1 1 5], L_00000254db898420, L_00000254db89bc00, L_00000254db89e980, o00000254db855548;
L_00000254db8a0df0 .concat [ 1 1 1 5], L_00000254db898030, L_00000254db89bdc0, L_00000254db8a0350, o00000254db855578;
L_00000254db8a2a10 .concat [ 1 1 6 0], L_00000254db898730, L_00000254db89c3e0, o00000254db8555a8;
L_00000254db8a1430 .concat [ 1 1 6 0], L_00000254db89aa30, L_00000254db89c530, o00000254db8555d8;
S_00000254db74d440 .scope module, "fa0" "full_adder" 2 25, 3 10 0, S_00000254db74d2b0;
 .timescale -9 -10;
    .port_info 0 /INPUT 1 "firstBit";
    .port_info 1 /INPUT 1 "secondBit";
    .port_info 2 /INPUT 1 "Cin";
    .port_info 3 /OUTPUT 1 "Sum";
    .port_info 4 /OUTPUT 1 "Cout";
L_00000254db817f30 .functor XOR 1, L_00000254db898340, L_00000254db897c40, C4<0>, C4<0>;
L_00000254db818010 .functor XOR 1, L_00000254db817f30, L_00000254db895b20, C4<0>, C4<0>;
L_00000254db8180f0 .functor AND 1, L_00000254db898340, L_00000254db897c40, C4<1>, C4<1>;
L_00000254db8982d0 .functor AND 1, L_00000254db898340, L_00000254db895b20, C4<1>, C4<1>;
L_00000254db897d20 .functor AND 1, L_00000254db897c40, L_00000254db895b20, C4<1>, C4<1>;
L_00000254db897a80 .functor OR 1, L_00000254db8180f0, L_00000254db8982d0, C4<0>, C4<0>;
L_00000254db897930 .functor OR 1, L_00000254db897a80, L_00000254db897d20, C4<0>, C4<0>;
v00000254db8184f0_0 .net "Cin", 0 0, L_00000254db895b20;  1 drivers
v00000254db8188b0_0 .net "Cout", 0 0, L_00000254db897930;  1 drivers
v00000254db818a90_0 .net "Sum", 0 0, L_00000254db818010;  1 drivers
v00000254db819670_0 .net *"_ivl_10", 0 0, L_00000254db897a80;  1 drivers
v00000254db819530_0 .net "firstBit", 0 0, L_00000254db898340;  1 drivers
v00000254db818ef0_0 .net "firstBit_AND_Cin", 0 0, L_00000254db8982d0;  1 drivers
v00000254db818450_0 .net "firstBit_AND_secondBit", 0 0, L_00000254db8180f0;  1 drivers
v00000254db819c10_0 .net "firstBit_xor_secondBit", 0 0, L_00000254db817f30;  1 drivers
v00000254db8190d0_0 .net "secondBit", 0 0, L_00000254db897c40;  1 drivers
v00000254db818db0_0 .net "secondBit_AND_Cin", 0 0, L_00000254db897d20;  1 drivers
S_00000254db8890c0 .scope module, "fa1" "full_adder" 2 26, 3 10 0, S_00000254db74d2b0;
 .timescale -9 -10;
    .port_info 0 /INPUT 1 "firstBit";
    .port_info 1 /INPUT 1 "secondBit";
    .port_info 2 /INPUT 1 "Cin";
    .port_info 3 /OUTPUT 1 "Sum";
    .port_info 4 /OUTPUT 1 "Cout";
L_00000254db897e70 .functor XOR 1, L_00000254db8985e0, L_00000254db897b60, C4<0>, C4<0>;
L_00000254db897e00 .functor XOR 1, L_00000254db897e70, L_00000254db894400, C4<0>, C4<0>;
L_00000254db8979a0 .functor AND 1, L_00000254db8985e0, L_00000254db897b60, C4<1>, C4<1>;
L_00000254db897a10 .functor AND 1, L_00000254db8985e0, L_00000254db894400, C4<1>, C4<1>;
L_00000254db898260 .functor AND 1, L_00000254db897b60, L_00000254db894400, C4<1>, C4<1>;
L_00000254db8978c0 .functor OR 1, L_00000254db8979a0, L_00000254db897a10, C4<0>, C4<0>;
L_00000254db897af0 .functor OR 1, L_00000254db8978c0, L_00000254db898260, C4<0>, C4<0>;
v00000254db818630_0 .net "Cin", 0 0, L_00000254db894400;  1 drivers
v00000254db819b70_0 .net "Cout", 0 0, L_00000254db897af0;  1 drivers
v00000254db819f30_0 .net "Sum", 0 0, L_00000254db897e00;  1 drivers
v00000254db819850_0 .net *"_ivl_10", 0 0, L_00000254db8978c0;  1 drivers
v00000254db8198f0_0 .net "firstBit", 0 0, L_00000254db8985e0;  1 drivers
v00000254db819990_0 .net "firstBit_AND_Cin", 0 0, L_00000254db897a10;  1 drivers
v00000254db819fd0_0 .net "firstBit_AND_secondBit", 0 0, L_00000254db8979a0;  1 drivers
v00000254db818f90_0 .net "firstBit_xor_secondBit", 0 0, L_00000254db897e70;  1 drivers
v00000254db81a1b0_0 .net "secondBit", 0 0, L_00000254db897b60;  1 drivers
v00000254db819030_0 .net "secondBit_AND_Cin", 0 0, L_00000254db898260;  1 drivers
S_00000254db889250 .scope module, "fa10" "full_adder" 2 38, 3 10 0, S_00000254db74d2b0;
 .timescale -9 -10;
    .port_info 0 /INPUT 1 "firstBit";
    .port_info 1 /INPUT 1 "secondBit";
    .port_info 2 /INPUT 1 "Cin";
    .port_info 3 /OUTPUT 1 "Sum";
    .port_info 4 /OUTPUT 1 "Cout";
L_00000254db89c7d0 .functor XOR 1, L_00000254db8965c0, L_00000254db89c5a0, C4<0>, C4<0>;
L_00000254db89c3e0 .functor XOR 1, L_00000254db89c7d0, L_00000254db896b60, C4<0>, C4<0>;
L_00000254db89c450 .functor AND 1, L_00000254db8965c0, L_00000254db89c5a0, C4<1>, C4<1>;
L_00000254db89c370 .functor AND 1, L_00000254db8965c0, L_00000254db896b60, C4<1>, C4<1>;
L_00000254db89b8f0 .functor AND 1, L_00000254db89c5a0, L_00000254db896b60, C4<1>, C4<1>;
L_00000254db89c4c0 .functor OR 1, L_00000254db89c450, L_00000254db89c370, C4<0>, C4<0>;
L_00000254db89c530 .functor OR 1, L_00000254db89c4c0, L_00000254db89b8f0, C4<0>, C4<0>;
v00000254db81a070_0 .net "Cin", 0 0, L_00000254db896b60;  1 drivers
v00000254db819350_0 .net "Cout", 0 0, L_00000254db89c530;  1 drivers
v00000254db8186d0_0 .net "Sum", 0 0, L_00000254db89c3e0;  1 drivers
v00000254db819710_0 .net *"_ivl_10", 0 0, L_00000254db89c4c0;  1 drivers
v00000254db819170_0 .net "firstBit", 0 0, L_00000254db8965c0;  1 drivers
v00000254db819210_0 .net "firstBit_AND_Cin", 0 0, L_00000254db89c370;  1 drivers
v00000254db8195d0_0 .net "firstBit_AND_secondBit", 0 0, L_00000254db89c450;  1 drivers
v00000254db8197b0_0 .net "firstBit_xor_secondBit", 0 0, L_00000254db89c7d0;  1 drivers
v00000254db819a30_0 .net "secondBit", 0 0, L_00000254db89c5a0;  1 drivers
v00000254db81a250_0 .net "secondBit_AND_Cin", 0 0, L_00000254db89b8f0;  1 drivers
S_00000254db8893e0 .scope module, "fa12" "full_adder" 2 42, 3 10 0, S_00000254db74d2b0;
 .timescale -9 -10;
    .port_info 0 /INPUT 1 "firstBit";
    .port_info 1 /INPUT 1 "secondBit";
    .port_info 2 /INPUT 1 "Cin";
    .port_info 3 /OUTPUT 1 "Sum";
    .port_info 4 /OUTPUT 1 "Cout";
L_00000254db89bab0 .functor XOR 1, L_00000254db8963e0, L_00000254db89c0d0, C4<0>, C4<0>;
L_00000254db89b960 .functor XOR 1, L_00000254db89bab0, L_00000254db896660, C4<0>, C4<0>;
L_00000254db89b9d0 .functor AND 1, L_00000254db8963e0, L_00000254db89c0d0, C4<1>, C4<1>;
L_00000254db89c220 .functor AND 1, L_00000254db8963e0, L_00000254db896660, C4<1>, C4<1>;
L_00000254db89c290 .functor AND 1, L_00000254db89c0d0, L_00000254db896660, C4<1>, C4<1>;
L_00000254db89ba40 .functor OR 1, L_00000254db89b9d0, L_00000254db89c220, C4<0>, C4<0>;
L_00000254db89c060 .functor OR 1, L_00000254db89ba40, L_00000254db89c290, C4<0>, C4<0>;
v00000254db7f2e50_0 .net "Cin", 0 0, L_00000254db896660;  1 drivers
v00000254db7f33f0_0 .net "Cout", 0 0, L_00000254db89c060;  1 drivers
v00000254db7f2810_0 .net "Sum", 0 0, L_00000254db89b960;  1 drivers
v00000254db7f2a90_0 .net *"_ivl_10", 0 0, L_00000254db89ba40;  1 drivers
v00000254db7f3530_0 .net "firstBit", 0 0, L_00000254db8963e0;  1 drivers
v00000254db7f35d0_0 .net "firstBit_AND_Cin", 0 0, L_00000254db89c220;  1 drivers
v00000254db7f24f0_0 .net "firstBit_AND_secondBit", 0 0, L_00000254db89b9d0;  1 drivers
v00000254db7f26d0_0 .net "firstBit_xor_secondBit", 0 0, L_00000254db89bab0;  1 drivers
v00000254db7fd300_0 .net "secondBit", 0 0, L_00000254db89c0d0;  1 drivers
v00000254db7fccc0_0 .net "secondBit_AND_Cin", 0 0, L_00000254db89c290;  1 drivers
S_00000254db889570 .scope module, "fa13" "full_adder" 2 43, 3 10 0, S_00000254db74d2b0;
 .timescale -9 -10;
    .port_info 0 /INPUT 1 "firstBit";
    .port_info 1 /INPUT 1 "secondBit";
    .port_info 2 /INPUT 1 "Cin";
    .port_info 3 /OUTPUT 1 "Sum";
    .port_info 4 /OUTPUT 1 "Cout";
L_00000254db89f160 .functor XOR 1, L_00000254db897740, L_00000254db89ebb0, C4<0>, C4<0>;
L_00000254db89fc50 .functor XOR 1, L_00000254db89f160, L_00000254db896fc0, C4<0>, C4<0>;
L_00000254db89e910 .functor AND 1, L_00000254db897740, L_00000254db89ebb0, C4<1>, C4<1>;
L_00000254db89f010 .functor AND 1, L_00000254db897740, L_00000254db896fc0, C4<1>, C4<1>;
L_00000254db8a02e0 .functor AND 1, L_00000254db89ebb0, L_00000254db896fc0, C4<1>, C4<1>;
L_00000254db89f1d0 .functor OR 1, L_00000254db89e910, L_00000254db89f010, C4<0>, C4<0>;
L_00000254db8a04a0 .functor OR 1, L_00000254db89f1d0, L_00000254db8a02e0, C4<0>, C4<0>;
v00000254db7fd440_0 .net "Cin", 0 0, L_00000254db896fc0;  1 drivers
v00000254db7fc5e0_0 .net "Cout", 0 0, L_00000254db8a04a0;  1 drivers
v00000254db7fda80_0 .net "Sum", 0 0, L_00000254db89fc50;  1 drivers
v00000254db7fdbc0_0 .net *"_ivl_10", 0 0, L_00000254db89f1d0;  1 drivers
v00000254db7fc040_0 .net "firstBit", 0 0, L_00000254db897740;  1 drivers
v00000254db7fc220_0 .net "firstBit_AND_Cin", 0 0, L_00000254db89f010;  1 drivers
v00000254db810230_0 .net "firstBit_AND_secondBit", 0 0, L_00000254db89e910;  1 drivers
v00000254db8109b0_0 .net "firstBit_xor_secondBit", 0 0, L_00000254db89f160;  1 drivers
v00000254db80f790_0 .net "secondBit", 0 0, L_00000254db89ebb0;  1 drivers
v00000254db810af0_0 .net "secondBit_AND_Cin", 0 0, L_00000254db8a02e0;  1 drivers
S_00000254db889700 .scope module, "fa14" "full_adder" 2 44, 3 10 0, S_00000254db74d2b0;
 .timescale -9 -10;
    .port_info 0 /INPUT 1 "firstBit";
    .port_info 1 /INPUT 1 "secondBit";
    .port_info 2 /INPUT 1 "Cin";
    .port_info 3 /OUTPUT 1 "Sum";
    .port_info 4 /OUTPUT 1 "Cout";
L_00000254db89f080 .functor XOR 1, L_00000254db897100, L_00000254db89ff60, C4<0>, C4<0>;
L_00000254db89ea60 .functor XOR 1, L_00000254db89f080, L_00000254db896ca0, C4<0>, C4<0>;
L_00000254db89fe10 .functor AND 1, L_00000254db897100, L_00000254db89ff60, C4<1>, C4<1>;
L_00000254db89fe80 .functor AND 1, L_00000254db897100, L_00000254db896ca0, C4<1>, C4<1>;
L_00000254db89f550 .functor AND 1, L_00000254db89ff60, L_00000254db896ca0, C4<1>, C4<1>;
L_00000254db89f240 .functor OR 1, L_00000254db89fe10, L_00000254db89fe80, C4<0>, C4<0>;
L_00000254db89fef0 .functor OR 1, L_00000254db89f240, L_00000254db89f550, C4<0>, C4<0>;
v00000254db810e10_0 .net "Cin", 0 0, L_00000254db896ca0;  1 drivers
v00000254db80f010_0 .net "Cout", 0 0, L_00000254db89fef0;  1 drivers
v00000254db80f0b0_0 .net "Sum", 0 0, L_00000254db89ea60;  1 drivers
v00000254db80f830_0 .net *"_ivl_10", 0 0, L_00000254db89f240;  1 drivers
v00000254db7eaa20_0 .net "firstBit", 0 0, L_00000254db897100;  1 drivers
v00000254db7eade0_0 .net "firstBit_AND_Cin", 0 0, L_00000254db89fe80;  1 drivers
v00000254db7eb100_0 .net "firstBit_AND_secondBit", 0 0, L_00000254db89fe10;  1 drivers
v00000254db7eb1a0_0 .net "firstBit_xor_secondBit", 0 0, L_00000254db89f080;  1 drivers
v00000254db7e9b20_0 .net "secondBit", 0 0, L_00000254db89ff60;  1 drivers
v00000254db7eafc0_0 .net "secondBit_AND_Cin", 0 0, L_00000254db89f550;  1 drivers
S_00000254db889890 .scope module, "fa15" "full_adder" 2 45, 3 10 0, S_00000254db74d2b0;
 .timescale -9 -10;
    .port_info 0 /INPUT 1 "firstBit";
    .port_info 1 /INPUT 1 "secondBit";
    .port_info 2 /INPUT 1 "Cin";
    .port_info 3 /OUTPUT 1 "Sum";
    .port_info 4 /OUTPUT 1 "Cout";
L_00000254db89ede0 .functor XOR 1, L_00000254db896340, L_00000254db89ffd0, C4<0>, C4<0>;
L_00000254db89e980 .functor XOR 1, L_00000254db89ede0, L_00000254db8967a0, C4<0>, C4<0>;
L_00000254db89f390 .functor AND 1, L_00000254db896340, L_00000254db89ffd0, C4<1>, C4<1>;
L_00000254db8a0190 .functor AND 1, L_00000254db896340, L_00000254db8967a0, C4<1>, C4<1>;
L_00000254db89ead0 .functor AND 1, L_00000254db89ffd0, L_00000254db8967a0, C4<1>, C4<1>;
L_00000254db8a00b0 .functor OR 1, L_00000254db89f390, L_00000254db8a0190, C4<0>, C4<0>;
L_00000254db8a0350 .functor OR 1, L_00000254db8a00b0, L_00000254db89ead0, C4<0>, C4<0>;
v00000254db7e9440_0 .net "Cin", 0 0, L_00000254db8967a0;  1 drivers
v00000254db7e9800_0 .net "Cout", 0 0, L_00000254db8a0350;  1 drivers
v00000254db7dcac0_0 .net "Sum", 0 0, L_00000254db89e980;  1 drivers
v00000254db7dd100_0 .net *"_ivl_10", 0 0, L_00000254db8a00b0;  1 drivers
v00000254db7dd1a0_0 .net "firstBit", 0 0, L_00000254db896340;  1 drivers
v00000254db7dd4c0_0 .net "firstBit_AND_Cin", 0 0, L_00000254db8a0190;  1 drivers
v00000254db7dd6a0_0 .net "firstBit_AND_secondBit", 0 0, L_00000254db89f390;  1 drivers
v00000254db7dd880_0 .net "firstBit_xor_secondBit", 0 0, L_00000254db89ede0;  1 drivers
v00000254db7ceff0_0 .net "secondBit", 0 0, L_00000254db89ffd0;  1 drivers
v00000254db7cfdb0_0 .net "secondBit_AND_Cin", 0 0, L_00000254db89ead0;  1 drivers
S_00000254db889a20 .scope module, "fa18" "full_adder" 2 49, 3 10 0, S_00000254db74d2b0;
 .timescale -9 -10;
    .port_info 0 /INPUT 1 "firstBit";
    .port_info 1 /INPUT 1 "secondBit";
    .port_info 2 /INPUT 1 "Cin";
    .port_info 3 /OUTPUT 1 "Sum";
    .port_info 4 /OUTPUT 1 "Cout";
L_00000254db8a0120 .functor XOR 1, L_00000254db897560, L_00000254db89f5c0, C4<0>, C4<0>;
L_00000254db89f470 .functor XOR 1, L_00000254db8a0120, L_00000254db896e80, C4<0>, C4<0>;
L_00000254db89ee50 .functor AND 1, L_00000254db897560, L_00000254db89f5c0, C4<1>, C4<1>;
L_00000254db89fbe0 .functor AND 1, L_00000254db897560, L_00000254db896e80, C4<1>, C4<1>;
L_00000254db8a0270 .functor AND 1, L_00000254db89f5c0, L_00000254db896e80, C4<1>, C4<1>;
L_00000254db8a0200 .functor OR 1, L_00000254db89ee50, L_00000254db89fbe0, C4<0>, C4<0>;
L_00000254db89fb70 .functor OR 1, L_00000254db8a0200, L_00000254db8a0270, C4<0>, C4<0>;
v00000254db7d0210_0 .net "Cin", 0 0, L_00000254db896e80;  1 drivers
v00000254db7cf3b0_0 .net "Cout", 0 0, L_00000254db89fb70;  1 drivers
v00000254db7d0490_0 .net "Sum", 0 0, L_00000254db89f470;  1 drivers
v00000254db7d0710_0 .net *"_ivl_10", 0 0, L_00000254db8a0200;  1 drivers
v00000254db7c4d10_0 .net "firstBit", 0 0, L_00000254db897560;  1 drivers
v00000254db7c4e50_0 .net "firstBit_AND_Cin", 0 0, L_00000254db89fbe0;  1 drivers
v00000254db849d90_0 .net "firstBit_AND_secondBit", 0 0, L_00000254db89ee50;  1 drivers
v00000254db849890_0 .net "firstBit_xor_secondBit", 0 0, L_00000254db8a0120;  1 drivers
v00000254db849f70_0 .net "secondBit", 0 0, L_00000254db89f5c0;  1 drivers
v00000254db84a8d0_0 .net "secondBit_AND_Cin", 0 0, L_00000254db8a0270;  1 drivers
S_00000254db889bb0 .scope module, "fa19" "full_adder" 2 50, 3 10 0, S_00000254db74d2b0;
 .timescale -9 -10;
    .port_info 0 /INPUT 1 "firstBit";
    .port_info 1 /INPUT 1 "secondBit";
    .port_info 2 /INPUT 1 "Cin";
    .port_info 3 /OUTPUT 1 "Sum";
    .port_info 4 /OUTPUT 1 "Cout";
L_00000254db89f860 .functor XOR 1, L_00000254db897420, L_00000254db89ec20, C4<0>, C4<0>;
L_00000254db89eb40 .functor XOR 1, L_00000254db89f860, L_00000254db8a2d30, C4<0>, C4<0>;
L_00000254db8a0040 .functor AND 1, L_00000254db897420, L_00000254db89ec20, C4<1>, C4<1>;
L_00000254db89f8d0 .functor AND 1, L_00000254db897420, L_00000254db8a2d30, C4<1>, C4<1>;
L_00000254db8a03c0 .functor AND 1, L_00000254db89ec20, L_00000254db8a2d30, C4<1>, C4<1>;
L_00000254db8a0430 .functor OR 1, L_00000254db8a0040, L_00000254db89f8d0, C4<0>, C4<0>;
L_00000254db89ef30 .functor OR 1, L_00000254db8a0430, L_00000254db8a03c0, C4<0>, C4<0>;
v00000254db84a150_0 .net "Cin", 0 0, L_00000254db8a2d30;  1 drivers
v00000254db849b10_0 .net "Cout", 0 0, L_00000254db89ef30;  1 drivers
v00000254db8497f0_0 .net "Sum", 0 0, L_00000254db89eb40;  1 drivers
v00000254db84a330_0 .net *"_ivl_10", 0 0, L_00000254db8a0430;  1 drivers
v00000254db84a010_0 .net "firstBit", 0 0, L_00000254db897420;  1 drivers
v00000254db8491b0_0 .net "firstBit_AND_Cin", 0 0, L_00000254db89f8d0;  1 drivers
v00000254db84aa10_0 .net "firstBit_AND_secondBit", 0 0, L_00000254db8a0040;  1 drivers
v00000254db849250_0 .net "firstBit_xor_secondBit", 0 0, L_00000254db89f860;  1 drivers
v00000254db84a0b0_0 .net "secondBit", 0 0, L_00000254db89ec20;  1 drivers
v00000254db84a1f0_0 .net "secondBit_AND_Cin", 0 0, L_00000254db8a03c0;  1 drivers
S_00000254db889d40 .scope module, "fa2" "full_adder" 2 27, 3 10 0, S_00000254db74d2b0;
 .timescale -9 -10;
    .port_info 0 /INPUT 1 "firstBit";
    .port_info 1 /INPUT 1 "secondBit";
    .port_info 2 /INPUT 1 "Cin";
    .port_info 3 /OUTPUT 1 "Sum";
    .port_info 4 /OUTPUT 1 "Cout";
L_00000254db898650 .functor XOR 1, L_00000254db897d90, L_00000254db898180, C4<0>, C4<0>;
L_00000254db897ee0 .functor XOR 1, L_00000254db898650, L_00000254db893aa0, C4<0>, C4<0>;
L_00000254db8983b0 .functor AND 1, L_00000254db897d90, L_00000254db898180, C4<1>, C4<1>;
L_00000254db897bd0 .functor AND 1, L_00000254db897d90, L_00000254db893aa0, C4<1>, C4<1>;
L_00000254db898110 .functor AND 1, L_00000254db898180, L_00000254db893aa0, C4<1>, C4<1>;
L_00000254db897cb0 .functor OR 1, L_00000254db8983b0, L_00000254db897bd0, C4<0>, C4<0>;
L_00000254db8981f0 .functor OR 1, L_00000254db897cb0, L_00000254db898110, C4<0>, C4<0>;
v00000254db849e30_0 .net "Cin", 0 0, L_00000254db893aa0;  1 drivers
v00000254db84a650_0 .net "Cout", 0 0, L_00000254db8981f0;  1 drivers
v00000254db84a830_0 .net "Sum", 0 0, L_00000254db897ee0;  1 drivers
v00000254db84a3d0_0 .net *"_ivl_10", 0 0, L_00000254db897cb0;  1 drivers
v00000254db849930_0 .net "firstBit", 0 0, L_00000254db897d90;  1 drivers
v00000254db84add0_0 .net "firstBit_AND_Cin", 0 0, L_00000254db897bd0;  1 drivers
v00000254db84ae70_0 .net "firstBit_AND_secondBit", 0 0, L_00000254db8983b0;  1 drivers
v00000254db849a70_0 .net "firstBit_xor_secondBit", 0 0, L_00000254db898650;  1 drivers
v00000254db84aab0_0 .net "secondBit", 0 0, L_00000254db898180;  1 drivers
v00000254db8499d0_0 .net "secondBit_AND_Cin", 0 0, L_00000254db898110;  1 drivers
S_00000254db889ed0 .scope module, "fa20" "full_adder" 2 51, 3 10 0, S_00000254db74d2b0;
 .timescale -9 -10;
    .port_info 0 /INPUT 1 "firstBit";
    .port_info 1 /INPUT 1 "secondBit";
    .port_info 2 /INPUT 1 "Cin";
    .port_info 3 /OUTPUT 1 "Sum";
    .port_info 4 /OUTPUT 1 "Cout";
L_00000254db89ec90 .functor XOR 1, L_00000254db8a1750, L_00000254db89f4e0, C4<0>, C4<0>;
L_00000254db89fcc0 .functor XOR 1, L_00000254db89ec90, L_00000254db8a1d90, C4<0>, C4<0>;
L_00000254db89f710 .functor AND 1, L_00000254db8a1750, L_00000254db89f4e0, C4<1>, C4<1>;
L_00000254db89efa0 .functor AND 1, L_00000254db8a1750, L_00000254db8a1d90, C4<1>, C4<1>;
L_00000254db89fd30 .functor AND 1, L_00000254db89f4e0, L_00000254db8a1d90, C4<1>, C4<1>;
L_00000254db89ed00 .functor OR 1, L_00000254db89f710, L_00000254db89efa0, C4<0>, C4<0>;
L_00000254db89ed70 .functor OR 1, L_00000254db89ed00, L_00000254db89fd30, C4<0>, C4<0>;
v00000254db84a470_0 .net "Cin", 0 0, L_00000254db8a1d90;  1 drivers
v00000254db849ed0_0 .net "Cout", 0 0, L_00000254db89ed70;  1 drivers
v00000254db84ab50_0 .net "Sum", 0 0, L_00000254db89fcc0;  1 drivers
v00000254db849bb0_0 .net *"_ivl_10", 0 0, L_00000254db89ed00;  1 drivers
v00000254db84ad30_0 .net "firstBit", 0 0, L_00000254db8a1750;  1 drivers
v00000254db84a510_0 .net "firstBit_AND_Cin", 0 0, L_00000254db89efa0;  1 drivers
v00000254db84abf0_0 .net "firstBit_AND_secondBit", 0 0, L_00000254db89f710;  1 drivers
v00000254db849750_0 .net "firstBit_xor_secondBit", 0 0, L_00000254db89ec90;  1 drivers
v00000254db84a6f0_0 .net "secondBit", 0 0, L_00000254db89f4e0;  1 drivers
v00000254db849cf0_0 .net "secondBit_AND_Cin", 0 0, L_00000254db89fd30;  1 drivers
S_00000254db88a060 .scope module, "fa24" "full_adder" 2 55, 3 10 0, S_00000254db74d2b0;
 .timescale -9 -10;
    .port_info 0 /INPUT 1 "firstBit";
    .port_info 1 /INPUT 1 "secondBit";
    .port_info 2 /INPUT 1 "Cin";
    .port_info 3 /OUTPUT 1 "Sum";
    .port_info 4 /OUTPUT 1 "Cout";
L_00000254db89f630 .functor XOR 1, L_00000254db8a1930, L_00000254db89fa20, C4<0>, C4<0>;
L_00000254db89f6a0 .functor XOR 1, L_00000254db89f630, L_00000254db8a1bb0, C4<0>, C4<0>;
L_00000254db89f780 .functor AND 1, L_00000254db8a1930, L_00000254db89fa20, C4<1>, C4<1>;
L_00000254db89f7f0 .functor AND 1, L_00000254db8a1930, L_00000254db8a1bb0, C4<1>, C4<1>;
L_00000254db89fda0 .functor AND 1, L_00000254db89fa20, L_00000254db8a1bb0, C4<1>, C4<1>;
L_00000254db89f940 .functor OR 1, L_00000254db89f780, L_00000254db89f7f0, C4<0>, C4<0>;
L_00000254db89f9b0 .functor OR 1, L_00000254db89f940, L_00000254db89fda0, C4<0>, C4<0>;
v00000254db84a790_0 .net "Cin", 0 0, L_00000254db8a1bb0;  1 drivers
v00000254db84a970_0 .net "Cout", 0 0, L_00000254db89f9b0;  1 drivers
v00000254db84a5b0_0 .net "Sum", 0 0, L_00000254db89f6a0;  1 drivers
v00000254db849c50_0 .net *"_ivl_10", 0 0, L_00000254db89f940;  1 drivers
v00000254db84af10_0 .net "firstBit", 0 0, L_00000254db8a1930;  1 drivers
v00000254db84a290_0 .net "firstBit_AND_Cin", 0 0, L_00000254db89f7f0;  1 drivers
v00000254db849070_0 .net "firstBit_AND_secondBit", 0 0, L_00000254db89f780;  1 drivers
v00000254db8496b0_0 .net "firstBit_xor_secondBit", 0 0, L_00000254db89f630;  1 drivers
v00000254db84ac90_0 .net "secondBit", 0 0, L_00000254db89fa20;  1 drivers
v00000254db849110_0 .net "secondBit_AND_Cin", 0 0, L_00000254db89fda0;  1 drivers
S_00000254db88a1f0 .scope module, "fa25" "full_adder" 2 56, 3 10 0, S_00000254db74d2b0;
 .timescale -9 -10;
    .port_info 0 /INPUT 1 "firstBit";
    .port_info 1 /INPUT 1 "secondBit";
    .port_info 2 /INPUT 1 "Cin";
    .port_info 3 /OUTPUT 1 "Sum";
    .port_info 4 /OUTPUT 1 "Cout";
L_00000254db89fa90 .functor XOR 1, L_00000254db8a1250, L_00000254db8a0580, C4<0>, C4<0>;
L_00000254db89fb00 .functor XOR 1, L_00000254db89fa90, L_00000254db8a2dd0, C4<0>, C4<0>;
L_00000254db8a05f0 .functor AND 1, L_00000254db8a1250, L_00000254db8a0580, C4<1>, C4<1>;
L_00000254db8a0660 .functor AND 1, L_00000254db8a1250, L_00000254db8a2dd0, C4<1>, C4<1>;
L_00000254db8a06d0 .functor AND 1, L_00000254db8a0580, L_00000254db8a2dd0, C4<1>, C4<1>;
L_00000254db8a0740 .functor OR 1, L_00000254db8a05f0, L_00000254db8a0660, C4<0>, C4<0>;
L_00000254db8a07b0 .functor OR 1, L_00000254db8a0740, L_00000254db8a06d0, C4<0>, C4<0>;
v00000254db8492f0_0 .net "Cin", 0 0, L_00000254db8a2dd0;  1 drivers
v00000254db849390_0 .net "Cout", 0 0, L_00000254db8a07b0;  1 drivers
v00000254db849430_0 .net "Sum", 0 0, L_00000254db89fb00;  1 drivers
v00000254db8494d0_0 .net *"_ivl_10", 0 0, L_00000254db8a0740;  1 drivers
v00000254db849570_0 .net "firstBit", 0 0, L_00000254db8a1250;  1 drivers
v00000254db849610_0 .net "firstBit_AND_Cin", 0 0, L_00000254db8a0660;  1 drivers
v00000254db88a700_0 .net "firstBit_AND_secondBit", 0 0, L_00000254db8a05f0;  1 drivers
v00000254db88c820_0 .net "firstBit_xor_secondBit", 0 0, L_00000254db89fa90;  1 drivers
v00000254db88b880_0 .net "secondBit", 0 0, L_00000254db8a0580;  1 drivers
v00000254db88a980_0 .net "secondBit_AND_Cin", 0 0, L_00000254db8a06d0;  1 drivers
S_00000254db88e390 .scope module, "fa3" "full_adder" 2 28, 3 10 0, S_00000254db74d2b0;
 .timescale -9 -10;
    .port_info 0 /INPUT 1 "firstBit";
    .port_info 1 /INPUT 1 "secondBit";
    .port_info 2 /INPUT 1 "Cin";
    .port_info 3 /OUTPUT 1 "Sum";
    .port_info 4 /OUTPUT 1 "Cout";
L_00000254db897f50 .functor XOR 1, L_00000254db8987a0, L_00000254db8980a0, C4<0>, C4<0>;
L_00000254db898420 .functor XOR 1, L_00000254db897f50, L_00000254db8942c0, C4<0>, C4<0>;
L_00000254db898490 .functor AND 1, L_00000254db8987a0, L_00000254db8980a0, C4<1>, C4<1>;
L_00000254db8986c0 .functor AND 1, L_00000254db8987a0, L_00000254db8942c0, C4<1>, C4<1>;
L_00000254db898500 .functor AND 1, L_00000254db8980a0, L_00000254db8942c0, C4<1>, C4<1>;
L_00000254db897fc0 .functor OR 1, L_00000254db898490, L_00000254db8986c0, C4<0>, C4<0>;
L_00000254db898030 .functor OR 1, L_00000254db897fc0, L_00000254db898500, C4<0>, C4<0>;
v00000254db88b600_0 .net "Cin", 0 0, L_00000254db8942c0;  1 drivers
v00000254db88c320_0 .net "Cout", 0 0, L_00000254db898030;  1 drivers
v00000254db88c640_0 .net "Sum", 0 0, L_00000254db898420;  1 drivers
v00000254db88b240_0 .net *"_ivl_10", 0 0, L_00000254db897fc0;  1 drivers
v00000254db88c280_0 .net "firstBit", 0 0, L_00000254db8987a0;  1 drivers
v00000254db88bc40_0 .net "firstBit_AND_Cin", 0 0, L_00000254db8986c0;  1 drivers
v00000254db88afc0_0 .net "firstBit_AND_secondBit", 0 0, L_00000254db898490;  1 drivers
v00000254db88c000_0 .net "firstBit_xor_secondBit", 0 0, L_00000254db897f50;  1 drivers
v00000254db88aa20_0 .net "secondBit", 0 0, L_00000254db8980a0;  1 drivers
v00000254db88b6a0_0 .net "secondBit_AND_Cin", 0 0, L_00000254db898500;  1 drivers
S_00000254db88e520 .scope module, "fa30" "full_adder" 2 60, 3 10 0, S_00000254db74d2b0;
 .timescale -9 -10;
    .port_info 0 /INPUT 1 "firstBit";
    .port_info 1 /INPUT 1 "secondBit";
    .port_info 2 /INPUT 1 "Cin";
    .port_info 3 /OUTPUT 1 "Sum";
    .port_info 4 /OUTPUT 1 "Cout";
L_00000254db8a82d0 .functor XOR 1, L_00000254db8a1c50, L_00000254db8a7cb0, C4<0>, C4<0>;
L_00000254db8a9530 .functor XOR 1, L_00000254db8a82d0, L_00000254db8a2150, C4<0>, C4<0>;
L_00000254db8a8c70 .functor AND 1, L_00000254db8a1c50, L_00000254db8a7cb0, C4<1>, C4<1>;
L_00000254db8a8ab0 .functor AND 1, L_00000254db8a1c50, L_00000254db8a2150, C4<1>, C4<1>;
L_00000254db8a91b0 .functor AND 1, L_00000254db8a7cb0, L_00000254db8a2150, C4<1>, C4<1>;
L_00000254db8a83b0 .functor OR 1, L_00000254db8a8c70, L_00000254db8a8ab0, C4<0>, C4<0>;
L_00000254db8a7a80 .functor OR 1, L_00000254db8a83b0, L_00000254db8a91b0, C4<0>, C4<0>;
v00000254db88c8c0_0 .net "Cin", 0 0, L_00000254db8a2150;  1 drivers
v00000254db88bb00_0 .net "Cout", 0 0, L_00000254db8a7a80;  1 drivers
v00000254db88b420_0 .net "Sum", 0 0, L_00000254db8a9530;  1 drivers
v00000254db88c3c0_0 .net *"_ivl_10", 0 0, L_00000254db8a83b0;  1 drivers
v00000254db88b2e0_0 .net "firstBit", 0 0, L_00000254db8a1c50;  1 drivers
v00000254db88b9c0_0 .net "firstBit_AND_Cin", 0 0, L_00000254db8a8ab0;  1 drivers
v00000254db88b100_0 .net "firstBit_AND_secondBit", 0 0, L_00000254db8a8c70;  1 drivers
v00000254db88ade0_0 .net "firstBit_xor_secondBit", 0 0, L_00000254db8a82d0;  1 drivers
v00000254db88a8e0_0 .net "secondBit", 0 0, L_00000254db8a7cb0;  1 drivers
v00000254db88c960_0 .net "secondBit_AND_Cin", 0 0, L_00000254db8a91b0;  1 drivers
S_00000254db88e6b0 .scope module, "fa4" "full_adder" 2 29, 3 10 0, S_00000254db74d2b0;
 .timescale -9 -10;
    .port_info 0 /INPUT 1 "firstBit";
    .port_info 1 /INPUT 1 "secondBit";
    .port_info 2 /INPUT 1 "Cin";
    .port_info 3 /OUTPUT 1 "Sum";
    .port_info 4 /OUTPUT 1 "Cout";
L_00000254db898570 .functor XOR 1, L_00000254db89ac60, L_00000254db89ae20, C4<0>, C4<0>;
L_00000254db898730 .functor XOR 1, L_00000254db898570, L_00000254db895940, C4<0>, C4<0>;
L_00000254db89b590 .functor AND 1, L_00000254db89ac60, L_00000254db89ae20, C4<1>, C4<1>;
L_00000254db89b6e0 .functor AND 1, L_00000254db89ac60, L_00000254db895940, C4<1>, C4<1>;
L_00000254db89b520 .functor AND 1, L_00000254db89ae20, L_00000254db895940, C4<1>, C4<1>;
L_00000254db89b280 .functor OR 1, L_00000254db89b590, L_00000254db89b6e0, C4<0>, C4<0>;
L_00000254db89aa30 .functor OR 1, L_00000254db89b280, L_00000254db89b520, C4<0>, C4<0>;
v00000254db88b1a0_0 .net "Cin", 0 0, L_00000254db895940;  1 drivers
v00000254db88ba60_0 .net "Cout", 0 0, L_00000254db89aa30;  1 drivers
v00000254db88a7a0_0 .net "Sum", 0 0, L_00000254db898730;  1 drivers
v00000254db88b380_0 .net *"_ivl_10", 0 0, L_00000254db89b280;  1 drivers
v00000254db88a840_0 .net "firstBit", 0 0, L_00000254db89ac60;  1 drivers
v00000254db88aac0_0 .net "firstBit_AND_Cin", 0 0, L_00000254db89b6e0;  1 drivers
v00000254db88be20_0 .net "firstBit_AND_secondBit", 0 0, L_00000254db89b590;  1 drivers
v00000254db88ae80_0 .net "firstBit_xor_secondBit", 0 0, L_00000254db898570;  1 drivers
v00000254db88a3e0_0 .net "secondBit", 0 0, L_00000254db89ae20;  1 drivers
v00000254db88ca00_0 .net "secondBit_AND_Cin", 0 0, L_00000254db89b520;  1 drivers
S_00000254db88ed40 .scope module, "fa5" "full_adder" 2 30, 3 10 0, S_00000254db74d2b0;
 .timescale -9 -10;
    .port_info 0 /INPUT 1 "firstBit";
    .port_info 1 /INPUT 1 "secondBit";
    .port_info 2 /INPUT 1 "Cin";
    .port_info 3 /OUTPUT 1 "Sum";
    .port_info 4 /OUTPUT 1 "Cout";
L_00000254db89b3d0 .functor XOR 1, L_00000254db89b600, L_00000254db89ab10, C4<0>, C4<0>;
L_00000254db89aaa0 .functor XOR 1, L_00000254db89b3d0, L_00000254db894220, C4<0>, C4<0>;
L_00000254db89b210 .functor AND 1, L_00000254db89b600, L_00000254db89ab10, C4<1>, C4<1>;
L_00000254db89b2f0 .functor AND 1, L_00000254db89b600, L_00000254db894220, C4<1>, C4<1>;
L_00000254db89b0c0 .functor AND 1, L_00000254db89ab10, L_00000254db894220, C4<1>, C4<1>;
L_00000254db89af70 .functor OR 1, L_00000254db89b210, L_00000254db89b2f0, C4<0>, C4<0>;
L_00000254db89a9c0 .functor OR 1, L_00000254db89af70, L_00000254db89b0c0, C4<0>, C4<0>;
v00000254db88a480_0 .net "Cin", 0 0, L_00000254db894220;  1 drivers
v00000254db88b4c0_0 .net "Cout", 0 0, L_00000254db89a9c0;  1 drivers
v00000254db88ab60_0 .net "Sum", 0 0, L_00000254db89aaa0;  1 drivers
v00000254db88b560_0 .net *"_ivl_10", 0 0, L_00000254db89af70;  1 drivers
v00000254db88ad40_0 .net "firstBit", 0 0, L_00000254db89b600;  1 drivers
v00000254db88ac00_0 .net "firstBit_AND_Cin", 0 0, L_00000254db89b2f0;  1 drivers
v00000254db88caa0_0 .net "firstBit_AND_secondBit", 0 0, L_00000254db89b210;  1 drivers
v00000254db88bd80_0 .net "firstBit_xor_secondBit", 0 0, L_00000254db89b3d0;  1 drivers
v00000254db88b740_0 .net "secondBit", 0 0, L_00000254db89ab10;  1 drivers
v00000254db88b7e0_0 .net "secondBit_AND_Cin", 0 0, L_00000254db89b0c0;  1 drivers
S_00000254db88f060 .scope module, "fa6" "full_adder" 2 34, 3 10 0, S_00000254db74d2b0;
 .timescale -9 -10;
    .port_info 0 /INPUT 1 "firstBit";
    .port_info 1 /INPUT 1 "secondBit";
    .port_info 2 /INPUT 1 "Cin";
    .port_info 3 /OUTPUT 1 "Sum";
    .port_info 4 /OUTPUT 1 "Cout";
L_00000254db89b750 .functor XOR 1, L_00000254db894cc0, L_00000254db89b1a0, C4<0>, C4<0>;
L_00000254db89b7c0 .functor XOR 1, L_00000254db89b750, L_00000254db894ea0, C4<0>, C4<0>;
L_00000254db89acd0 .functor AND 1, L_00000254db894cc0, L_00000254db89b1a0, C4<1>, C4<1>;
L_00000254db89afe0 .functor AND 1, L_00000254db894cc0, L_00000254db894ea0, C4<1>, C4<1>;
L_00000254db89b050 .functor AND 1, L_00000254db89b1a0, L_00000254db894ea0, C4<1>, C4<1>;
L_00000254db89b130 .functor OR 1, L_00000254db89acd0, L_00000254db89afe0, C4<0>, C4<0>;
L_00000254db89abf0 .functor OR 1, L_00000254db89b130, L_00000254db89b050, C4<0>, C4<0>;
v00000254db88bf60_0 .net "Cin", 0 0, L_00000254db894ea0;  1 drivers
v00000254db88bba0_0 .net "Cout", 0 0, L_00000254db89abf0;  1 drivers
v00000254db88b920_0 .net "Sum", 0 0, L_00000254db89b7c0;  1 drivers
v00000254db88af20_0 .net *"_ivl_10", 0 0, L_00000254db89b130;  1 drivers
v00000254db88bce0_0 .net "firstBit", 0 0, L_00000254db894cc0;  1 drivers
v00000254db88bec0_0 .net "firstBit_AND_Cin", 0 0, L_00000254db89afe0;  1 drivers
v00000254db88aca0_0 .net "firstBit_AND_secondBit", 0 0, L_00000254db89acd0;  1 drivers
v00000254db88b060_0 .net "firstBit_xor_secondBit", 0 0, L_00000254db89b750;  1 drivers
v00000254db88c0a0_0 .net "secondBit", 0 0, L_00000254db89b1a0;  1 drivers
v00000254db88c140_0 .net "secondBit_AND_Cin", 0 0, L_00000254db89b050;  1 drivers
S_00000254db88ea20 .scope module, "fa7" "full_adder" 2 35, 3 10 0, S_00000254db74d2b0;
 .timescale -9 -10;
    .port_info 0 /INPUT 1 "firstBit";
    .port_info 1 /INPUT 1 "secondBit";
    .port_info 2 /INPUT 1 "Cin";
    .port_info 3 /OUTPUT 1 "Sum";
    .port_info 4 /OUTPUT 1 "Cout";
L_00000254db89b4b0 .functor XOR 1, L_00000254db894fe0, L_00000254db89a950, C4<0>, C4<0>;
L_00000254db89ad40 .functor XOR 1, L_00000254db89b4b0, L_00000254db8951c0, C4<0>, C4<0>;
L_00000254db89b670 .functor AND 1, L_00000254db894fe0, L_00000254db89a950, C4<1>, C4<1>;
L_00000254db89a8e0 .functor AND 1, L_00000254db894fe0, L_00000254db8951c0, C4<1>, C4<1>;
L_00000254db89ab80 .functor AND 1, L_00000254db89a950, L_00000254db8951c0, C4<1>, C4<1>;
L_00000254db89ae90 .functor OR 1, L_00000254db89b670, L_00000254db89a8e0, C4<0>, C4<0>;
L_00000254db89af00 .functor OR 1, L_00000254db89ae90, L_00000254db89ab80, C4<0>, C4<0>;
v00000254db88c500_0 .net "Cin", 0 0, L_00000254db8951c0;  1 drivers
v00000254db88a660_0 .net "Cout", 0 0, L_00000254db89af00;  1 drivers
v00000254db88c460_0 .net "Sum", 0 0, L_00000254db89ad40;  1 drivers
v00000254db88c1e0_0 .net *"_ivl_10", 0 0, L_00000254db89ae90;  1 drivers
v00000254db88c5a0_0 .net "firstBit", 0 0, L_00000254db894fe0;  1 drivers
v00000254db88cb40_0 .net "firstBit_AND_Cin", 0 0, L_00000254db89a8e0;  1 drivers
v00000254db88c6e0_0 .net "firstBit_AND_secondBit", 0 0, L_00000254db89b670;  1 drivers
v00000254db88c780_0 .net "firstBit_xor_secondBit", 0 0, L_00000254db89b4b0;  1 drivers
v00000254db88a520_0 .net "secondBit", 0 0, L_00000254db89a950;  1 drivers
v00000254db88a5c0_0 .net "secondBit_AND_Cin", 0 0, L_00000254db89ab80;  1 drivers
S_00000254db88ebb0 .scope module, "fa8" "full_adder" 2 36, 3 10 0, S_00000254db74d2b0;
 .timescale -9 -10;
    .port_info 0 /INPUT 1 "firstBit";
    .port_info 1 /INPUT 1 "secondBit";
    .port_info 2 /INPUT 1 "Cin";
    .port_info 3 /OUTPUT 1 "Sum";
    .port_info 4 /OUTPUT 1 "Cout";
L_00000254db89c680 .functor XOR 1, L_00000254db895260, L_00000254db89c300, C4<0>, C4<0>;
L_00000254db89bea0 .functor XOR 1, L_00000254db89c680, L_00000254db8956c0, C4<0>, C4<0>;
L_00000254db89bb20 .functor AND 1, L_00000254db895260, L_00000254db89c300, C4<1>, C4<1>;
L_00000254db89c6f0 .functor AND 1, L_00000254db895260, L_00000254db8956c0, C4<1>, C4<1>;
L_00000254db89bb90 .functor AND 1, L_00000254db89c300, L_00000254db8956c0, C4<1>, C4<1>;
L_00000254db89bd50 .functor OR 1, L_00000254db89bb20, L_00000254db89c6f0, C4<0>, C4<0>;
L_00000254db89c760 .functor OR 1, L_00000254db89bd50, L_00000254db89bb90, C4<0>, C4<0>;
v00000254db88d400_0 .net "Cin", 0 0, L_00000254db8956c0;  1 drivers
v00000254db88d4a0_0 .net "Cout", 0 0, L_00000254db89c760;  1 drivers
v00000254db88dea0_0 .net "Sum", 0 0, L_00000254db89bea0;  1 drivers
v00000254db88dcc0_0 .net *"_ivl_10", 0 0, L_00000254db89bd50;  1 drivers
v00000254db88d040_0 .net "firstBit", 0 0, L_00000254db895260;  1 drivers
v00000254db88ce60_0 .net "firstBit_AND_Cin", 0 0, L_00000254db89c6f0;  1 drivers
v00000254db88e1c0_0 .net "firstBit_AND_secondBit", 0 0, L_00000254db89bb20;  1 drivers
v00000254db88e120_0 .net "firstBit_xor_secondBit", 0 0, L_00000254db89c680;  1 drivers
v00000254db88d9a0_0 .net "secondBit", 0 0, L_00000254db89c300;  1 drivers
v00000254db88cf00_0 .net "secondBit_AND_Cin", 0 0, L_00000254db89bb90;  1 drivers
S_00000254db88f1f0 .scope module, "fa9" "full_adder" 2 37, 3 10 0, S_00000254db74d2b0;
 .timescale -9 -10;
    .port_info 0 /INPUT 1 "firstBit";
    .port_info 1 /INPUT 1 "secondBit";
    .port_info 2 /INPUT 1 "Cin";
    .port_info 3 /OUTPUT 1 "Sum";
    .port_info 4 /OUTPUT 1 "Cout";
L_00000254db89bc70 .functor XOR 1, L_00000254db897600, L_00000254db89bce0, C4<0>, C4<0>;
L_00000254db89bc00 .functor XOR 1, L_00000254db89bc70, L_00000254db896ac0, C4<0>, C4<0>;
L_00000254db89c140 .functor AND 1, L_00000254db897600, L_00000254db89bce0, C4<1>, C4<1>;
L_00000254db89bf80 .functor AND 1, L_00000254db897600, L_00000254db896ac0, C4<1>, C4<1>;
L_00000254db89be30 .functor AND 1, L_00000254db89bce0, L_00000254db896ac0, C4<1>, C4<1>;
L_00000254db89bf10 .functor OR 1, L_00000254db89c140, L_00000254db89bf80, C4<0>, C4<0>;
L_00000254db89bdc0 .functor OR 1, L_00000254db89bf10, L_00000254db89be30, C4<0>, C4<0>;
v00000254db88d5e0_0 .net "Cin", 0 0, L_00000254db896ac0;  1 drivers
v00000254db88d2c0_0 .net "Cout", 0 0, L_00000254db89bdc0;  1 drivers
v00000254db88cd20_0 .net "Sum", 0 0, L_00000254db89bc00;  1 drivers
v00000254db88e260_0 .net *"_ivl_10", 0 0, L_00000254db89bf10;  1 drivers
v00000254db88e080_0 .net "firstBit", 0 0, L_00000254db897600;  1 drivers
v00000254db88d860_0 .net "firstBit_AND_Cin", 0 0, L_00000254db89bf80;  1 drivers
v00000254db88d360_0 .net "firstBit_AND_secondBit", 0 0, L_00000254db89c140;  1 drivers
v00000254db88d540_0 .net "firstBit_xor_secondBit", 0 0, L_00000254db89bc70;  1 drivers
v00000254db88d680_0 .net "secondBit", 0 0, L_00000254db89bce0;  1 drivers
v00000254db88df40_0 .net "secondBit_AND_Cin", 0 0, L_00000254db89be30;  1 drivers
S_00000254db88eed0 .scope module, "ha0" "half_adder" 2 24, 3 30 0, S_00000254db74d2b0;
 .timescale -9 -10;
    .port_info 0 /INPUT 1 "firstBit";
    .port_info 1 /INPUT 1 "secondBit";
    .port_info 2 /OUTPUT 1 "Sum";
    .port_info 3 /OUTPUT 1 "Carry";
L_00000254db817ec0 .functor XOR 1, L_00000254db817bb0, L_00000254db817c20, C4<0>, C4<0>;
L_00000254db8177c0 .functor AND 1, L_00000254db817bb0, L_00000254db817c20, C4<1>, C4<1>;
v00000254db88cfa0_0 .net "Carry", 0 0, L_00000254db8177c0;  1 drivers
v00000254db88d720_0 .net "Sum", 0 0, L_00000254db817ec0;  1 drivers
v00000254db88d900_0 .net "firstBit", 0 0, L_00000254db817bb0;  1 drivers
v00000254db88cbe0_0 .net "secondBit", 0 0, L_00000254db817c20;  1 drivers
S_00000254db88f380 .scope module, "ha10" "half_adder" 2 59, 3 30 0, S_00000254db74d2b0;
 .timescale -9 -10;
    .port_info 0 /INPUT 1 "firstBit";
    .port_info 1 /INPUT 1 "secondBit";
    .port_info 2 /OUTPUT 1 "Sum";
    .port_info 3 /OUTPUT 1 "Carry";
L_00000254db8a0820 .functor XOR 1, L_00000254db8a1070, L_00000254db8a9140, C4<0>, C4<0>;
L_00000254db8a0510 .functor AND 1, L_00000254db8a1070, L_00000254db8a9140, C4<1>, C4<1>;
v00000254db88d7c0_0 .net "Carry", 0 0, L_00000254db8a0510;  1 drivers
v00000254db88d0e0_0 .net "Sum", 0 0, L_00000254db8a0820;  1 drivers
v00000254db88da40_0 .net "firstBit", 0 0, L_00000254db8a1070;  1 drivers
v00000254db88dfe0_0 .net "secondBit", 0 0, L_00000254db8a9140;  1 drivers
S_00000254db88f510 .scope module, "ha12" "half_adder" 2 63, 3 30 0, S_00000254db74d2b0;
 .timescale -9 -10;
    .port_info 0 /INPUT 1 "firstBit";
    .port_info 1 /INPUT 1 "secondBit";
    .port_info 2 /OUTPUT 1 "Sum";
    .port_info 3 /OUTPUT 1 "Carry";
L_00000254db8a7e70 .functor XOR 1, L_00000254db8a3050, L_00000254db8a9290, C4<0>, C4<0>;
L_00000254db8a85e0 .functor AND 1, L_00000254db8a3050, L_00000254db8a9290, C4<1>, C4<1>;
v00000254db88d180_0 .net "Carry", 0 0, L_00000254db8a85e0;  1 drivers
v00000254db88cc80_0 .net "Sum", 0 0, L_00000254db8a7e70;  1 drivers
v00000254db88cdc0_0 .net "firstBit", 0 0, L_00000254db8a3050;  1 drivers
v00000254db88d220_0 .net "secondBit", 0 0, L_00000254db8a9290;  1 drivers
S_00000254db88e890 .scope module, "ha2" "half_adder" 2 33, 3 30 0, S_00000254db74d2b0;
 .timescale -9 -10;
    .port_info 0 /INPUT 1 "firstBit";
    .port_info 1 /INPUT 1 "secondBit";
    .port_info 2 /OUTPUT 1 "Sum";
    .port_info 3 /OUTPUT 1 "Carry";
L_00000254db89adb0 .functor XOR 1, L_00000254db8949a0, L_00000254db89b440, C4<0>, C4<0>;
L_00000254db89b360 .functor AND 1, L_00000254db8949a0, L_00000254db89b440, C4<1>, C4<1>;
v00000254db88dae0_0 .net "Carry", 0 0, L_00000254db89b360;  1 drivers
v00000254db88db80_0 .net "Sum", 0 0, L_00000254db89adb0;  1 drivers
v00000254db88dc20_0 .net "firstBit", 0 0, L_00000254db8949a0;  1 drivers
v00000254db88de00_0 .net "secondBit", 0 0, L_00000254db89b440;  1 drivers
S_00000254db88f6a0 .scope module, "ha4" "half_adder" 2 41, 3 30 0, S_00000254db74d2b0;
 .timescale -9 -10;
    .port_info 0 /INPUT 1 "firstBit";
    .port_info 1 /INPUT 1 "secondBit";
    .port_info 2 /OUTPUT 1 "Sum";
    .port_info 3 /OUTPUT 1 "Carry";
L_00000254db89c610 .functor XOR 1, L_00000254db8976a0, L_00000254db89bff0, C4<0>, C4<0>;
L_00000254db89c1b0 .functor AND 1, L_00000254db8976a0, L_00000254db89bff0, C4<1>, C4<1>;
v00000254db88dd60_0 .net "Carry", 0 0, L_00000254db89c1b0;  1 drivers
v00000254db892150_0 .net "Sum", 0 0, L_00000254db89c610;  1 drivers
v00000254db8935f0_0 .net "firstBit", 0 0, L_00000254db8976a0;  1 drivers
v00000254db892790_0 .net "secondBit", 0 0, L_00000254db89bff0;  1 drivers
S_00000254db84c860 .scope module, "ha6" "half_adder" 2 48, 3 30 0, S_00000254db74d2b0;
 .timescale -9 -10;
    .port_info 0 /INPUT 1 "firstBit";
    .port_info 1 /INPUT 1 "secondBit";
    .port_info 2 /OUTPUT 1 "Sum";
    .port_info 3 /OUTPUT 1 "Carry";
L_00000254db89e9f0 .functor XOR 1, L_00000254db8960c0, L_00000254db89f320, C4<0>, C4<0>;
L_00000254db89f2b0 .functor AND 1, L_00000254db8960c0, L_00000254db89f320, C4<1>, C4<1>;
v00000254db8930f0_0 .net "Carry", 0 0, L_00000254db89f2b0;  1 drivers
v00000254db892a10_0 .net "Sum", 0 0, L_00000254db89e9f0;  1 drivers
v00000254db892470_0 .net "firstBit", 0 0, L_00000254db8960c0;  1 drivers
v00000254db892b50_0 .net "secondBit", 0 0, L_00000254db89f320;  1 drivers
S_00000254db84d4e0 .scope module, "ha8" "half_adder" 2 54, 3 30 0, S_00000254db74d2b0;
 .timescale -9 -10;
    .port_info 0 /INPUT 1 "firstBit";
    .port_info 1 /INPUT 1 "secondBit";
    .port_info 2 /OUTPUT 1 "Sum";
    .port_info 3 /OUTPUT 1 "Carry";
L_00000254db89eec0 .functor XOR 1, L_00000254db8a28d0, L_00000254db89f400, C4<0>, C4<0>;
L_00000254db89f0f0 .functor AND 1, L_00000254db8a28d0, L_00000254db89f400, C4<1>, C4<1>;
v00000254db8920b0_0 .net "Carry", 0 0, L_00000254db89f0f0;  1 drivers
v00000254db893230_0 .net "Sum", 0 0, L_00000254db89eec0;  1 drivers
v00000254db892ab0_0 .net "firstBit", 0 0, L_00000254db8a28d0;  1 drivers
v00000254db893370_0 .net "secondBit", 0 0, L_00000254db89f400;  1 drivers
# The file index is used to find the file name in the following table.
:file_names 4;
    "N/A";
    "<interactive>";
    "multiplier.v";
    "./adder.v";
