#! /c/Source/iverilog-install/bin/vvp
:ivl_version "12.0 (devel)" "(s20150603-1539-g2693dd32b)";
:ivl_delay_selection "TYPICAL";
:vpi_time_precision - 10;
:vpi_module "C:\iverilog\lib\ivl\system.vpi";
:vpi_module "C:\iverilog\lib\ivl\vhdl_sys.vpi";
:vpi_module "C:\iverilog\lib\ivl\vhdl_textio.vpi";
:vpi_module "C:\iverilog\lib\ivl\v2005_math.vpi";
:vpi_module "C:\iverilog\lib\ivl\va_math.vpi";
S_000001fc998d4290 .scope module, "alu" "alu" 2 11;
 .timescale -9 -10;
    .port_info 0 /INPUT 8 "DATA1";
    .port_info 1 /INPUT 8 "DATA2";
    .port_info 2 /OUTPUT 8 "RESULT";
    .port_info 3 /OUTPUT 1 "ZERO";
    .port_info 4 /INPUT 3 "SELECT";
v000001fc99a0d5c0_0 .net "ADD", 7 0, v000001fc99993d00_0;  1 drivers
v000001fc99a0d660_0 .net "AND", 7 0, v000001fc99992b80_0;  1 drivers
v000001fc99a0bea0_0 .net "ARITHMATICRIGHT_SHIFT", 7 0, v000001fc99957200_0;  1 drivers
o000001fc999a1618 .functor BUFZ 8, C4<zzzzzzzz>; HiZ drive
v000001fc99a0d0c0_0 .net/s "DATA1", 7 0, o000001fc999a1618;  0 drivers
o000001fc999a1648 .functor BUFZ 8, C4<zzzzzzzz>; HiZ drive
v000001fc99a0b680_0 .net/s "DATA2", 7 0, o000001fc999a1648;  0 drivers
v000001fc99a0d160_0 .net "FORWARD", 7 0, v000001fc9996ce30_0;  1 drivers
v000001fc99a0c440_0 .net "MULT", 7 0, L_000001fc99a252a0;  1 drivers
v000001fc99a0b720_0 .net "OR", 7 0, v000001fc99a0dac0_0;  1 drivers
v000001fc99a0d2a0_0 .var/s "RESULT", 7 0;
v000001fc99a0c8a0_0 .net "ROTATE_RIGHT", 7 0, v000001fc99a0ea60_0;  1 drivers
o000001fc999a83f8 .functor BUFZ 3, C4<zzz>; HiZ drive
v000001fc99a0d340_0 .net "SELECT", 2 0, o000001fc999a83f8;  0 drivers
v000001fc99a0c260_0 .net "SHIFT_LEFT", 7 0, v000001fc99a0b4a0_0;  1 drivers
v000001fc99a0bf40_0 .net "ZERO", 0 0, L_000001fc99a19610;  1 drivers
L_000001fc99a26a10 .functor BUFT 1, C4<00000000>, C4<0>, C4<0>, C4<0>;
v000001fc99a0b7c0_0 .net/2u *"_ivl_0", 7 0, L_000001fc99a26a10;  1 drivers
E_000001fc99984bd0/0 .event anyedge, v000001fc99a0d340_0, v000001fc9996ce30_0, v000001fc99993d00_0, v000001fc99992b80_0;
E_000001fc99984bd0/1 .event anyedge, v000001fc99a0dac0_0, v000001fc99a0a870_0, v000001fc99a0b4a0_0, v000001fc99957200_0;
E_000001fc99984bd0/2 .event anyedge, v000001fc99a0ea60_0;
E_000001fc99984bd0 .event/or E_000001fc99984bd0/0, E_000001fc99984bd0/1, E_000001fc99984bd0/2;
L_000001fc99a19610 .cmp/eq 8, v000001fc99a0d2a0_0, L_000001fc99a26a10;
S_000001fc9988c950 .scope module, "add_uni" "ADD" 2 27, 2 104 0, S_000001fc998d4290;
 .timescale -9 -10;
    .port_info 0 /INPUT 8 "DATA1";
    .port_info 1 /INPUT 8 "DATA2";
    .port_info 2 /OUTPUT 8 "RESULT";
v000001fc999924a0_0 .net "DATA1", 7 0, o000001fc999a1618;  alias, 0 drivers
v000001fc99993c60_0 .net "DATA2", 7 0, o000001fc999a1648;  alias, 0 drivers
v000001fc99993d00_0 .var "RESULT", 7 0;
E_000001fc99984c50 .event anyedge, v000001fc999924a0_0, v000001fc99993c60_0;
S_000001fc9988cae0 .scope module, "and_uni" "AND" 2 33, 2 118 0, S_000001fc998d4290;
 .timescale -9 -10;
    .port_info 0 /INPUT 8 "DATA1";
    .port_info 1 /INPUT 8 "DATA2";
    .port_info 2 /OUTPUT 8 "RESULT";
v000001fc99993440_0 .net "DATA1", 7 0, o000001fc999a1618;  alias, 0 drivers
v000001fc999934e0_0 .net "DATA2", 7 0, o000001fc999a1648;  alias, 0 drivers
v000001fc99992b80_0 .var "RESULT", 7 0;
S_000001fc998f1790 .scope module, "arithShiftRight_uni" "ARITHMATICRIGHT_SHIFT" 2 57, 2 164 0, S_000001fc998d4290;
 .timescale -9 -10;
    .port_info 0 /INPUT 8 "OPERAND";
    .port_info 1 /INPUT 8 "SHAMT";
    .port_info 2 /OUTPUT 8 "RESULT";
v000001fc99956e40_0 .net/s "OPERAND", 7 0, o000001fc999a1618;  alias, 0 drivers
v000001fc99957200_0 .var/s "RESULT", 7 0;
v000001fc999575c0_0 .net/s "SHAMT", 7 0, o000001fc999a1648;  alias, 0 drivers
v000001fc99957480_0 .net *"_ivl_1", 0 0, L_000001fc99a17f90;  1 drivers
v000001fc999670e0_0 .net *"_ivl_10", 1 0, L_000001fc99a16f50;  1 drivers
v000001fc99966d20_0 .net *"_ivl_13", 5 0, L_000001fc99a16ff0;  1 drivers
v000001fc999683a0_0 .net *"_ivl_19", 0 0, L_000001fc99a17090;  1 drivers
v000001fc99967360_0 .net *"_ivl_20", 3 0, L_000001fc99a17950;  1 drivers
v000001fc999675e0_0 .net *"_ivl_23", 3 0, L_000001fc99a179f0;  1 drivers
v000001fc99967720_0 .net *"_ivl_3", 6 0, L_000001fc99a17e50;  1 drivers
v000001fc999677c0_0 .net *"_ivl_9", 0 0, L_000001fc99a169b0;  1 drivers
v000001fc9996bc10_0 .net/s "out1", 7 0, v000001fc99993620_0;  1 drivers
v000001fc9996d010_0 .net/s "out2", 7 0, v000001fc99993bc0_0;  1 drivers
v000001fc9996bdf0_0 .net/s "out3", 7 0, v000001fc99956620_0;  1 drivers
E_000001fc99983e90 .event anyedge, v000001fc99956620_0;
L_000001fc99a17f90 .part o000001fc999a1618, 7, 1;
L_000001fc99a17e50 .part o000001fc999a1618, 1, 7;
L_000001fc99a18710 .concat [ 7 1 0 0], L_000001fc99a17e50, L_000001fc99a17f90;
L_000001fc99a18030 .part o000001fc999a1648, 0, 1;
L_000001fc99a169b0 .part v000001fc99993620_0, 7, 1;
L_000001fc99a16f50 .concat [ 1 1 0 0], L_000001fc99a169b0, L_000001fc99a169b0;
L_000001fc99a16ff0 .part v000001fc99993620_0, 2, 6;
L_000001fc99a17770 .concat [ 6 2 0 0], L_000001fc99a16ff0, L_000001fc99a16f50;
L_000001fc99a17d10 .part o000001fc999a1648, 1, 1;
L_000001fc99a17090 .part v000001fc99993bc0_0, 7, 1;
L_000001fc99a17950 .concat [ 1 1 1 1], L_000001fc99a17090, L_000001fc99a17090, L_000001fc99a17090, L_000001fc99a17090;
L_000001fc99a179f0 .part v000001fc99993bc0_0, 4, 4;
L_000001fc99a17a90 .concat [ 4 4 0 0], L_000001fc99a179f0, L_000001fc99a17950;
L_000001fc99a17db0 .part o000001fc999a1648, 2, 1;
S_000001fc998f1920 .scope module, "mux1" "mux" 2 172, 3 8 0, S_000001fc998f1790;
 .timescale -9 -10;
    .port_info 0 /INPUT 8 "IN1";
    .port_info 1 /INPUT 8 "IN2";
    .port_info 2 /INPUT 1 "SELECT";
    .port_info 3 /OUTPUT 8 "OUT";
v000001fc99992220_0 .net "IN1", 7 0, o000001fc999a1618;  alias, 0 drivers
v000001fc99992a40_0 .net "IN2", 7 0, L_000001fc99a18710;  1 drivers
v000001fc99993620_0 .var/s "OUT", 7 0;
v000001fc999920e0_0 .net "SELECT", 0 0, L_000001fc99a18030;  1 drivers
E_000001fc99983ed0 .event anyedge, v000001fc999920e0_0, v000001fc99992a40_0, v000001fc999924a0_0;
S_000001fc998fda50 .scope module, "mux2" "mux" 2 173, 3 8 0, S_000001fc998f1790;
 .timescale -9 -10;
    .port_info 0 /INPUT 8 "IN1";
    .port_info 1 /INPUT 8 "IN2";
    .port_info 2 /INPUT 1 "SELECT";
    .port_info 3 /OUTPUT 8 "OUT";
v000001fc99993800_0 .net "IN1", 7 0, v000001fc99993620_0;  alias, 1 drivers
v000001fc999938a0_0 .net "IN2", 7 0, L_000001fc99a17770;  1 drivers
v000001fc99993bc0_0 .var/s "OUT", 7 0;
v000001fc999925e0_0 .net "SELECT", 0 0, L_000001fc99a17d10;  1 drivers
E_000001fc99984010 .event anyedge, v000001fc999925e0_0, v000001fc999938a0_0, v000001fc99993620_0;
S_000001fc998fdbe0 .scope module, "mux3" "mux" 2 174, 3 8 0, S_000001fc998f1790;
 .timescale -9 -10;
    .port_info 0 /INPUT 8 "IN1";
    .port_info 1 /INPUT 8 "IN2";
    .port_info 2 /INPUT 1 "SELECT";
    .port_info 3 /OUTPUT 8 "OUT";
v000001fc99956580_0 .net "IN1", 7 0, v000001fc99993bc0_0;  alias, 1 drivers
v000001fc99955b80_0 .net "IN2", 7 0, L_000001fc99a17a90;  1 drivers
v000001fc99956620_0 .var/s "OUT", 7 0;
v000001fc99956940_0 .net "SELECT", 0 0, L_000001fc99a17db0;  1 drivers
E_000001fc999849d0 .event anyedge, v000001fc99956940_0, v000001fc99955b80_0, v000001fc99993bc0_0;
S_000001fc99907a60 .scope module, "forward_unit" "FORWARD" 2 22, 2 90 0, S_000001fc998d4290;
 .timescale -9 -10;
    .port_info 0 /INPUT 8 "DATA2";
    .port_info 1 /OUTPUT 8 "RESULT";
v000001fc9996be90_0 .net "DATA2", 7 0, o000001fc999a1648;  alias, 0 drivers
v000001fc9996ce30_0 .var "RESULT", 7 0;
E_000001fc99984390 .event anyedge, v000001fc99993c60_0;
S_000001fc99907bf0 .scope module, "mult_uni" "MULT" 2 45, 4 10 0, S_000001fc998d4290;
 .timescale -9 -10;
    .port_info 0 /INPUT 8 "DATA1";
    .port_info 1 /INPUT 8 "DATA2";
    .port_info 2 /OUTPUT 8 "RESULT";
L_000001fc9998ace0 .functor AND 1, L_000001fc99a0c300, L_000001fc99a0c3a0, C4<1>, C4<1>;
L_000001fc9998a3b0 .functor AND 1, L_000001fc99a0d7a0, L_000001fc99a0b0e0, C4<1>, C4<1>;
L_000001fc99989ee0 .functor AND 1, L_000001fc99a0bc20, L_000001fc99a0c4e0, C4<1>, C4<1>;
L_000001fc9998a8f0 .functor AND 1, L_000001fc99a0b900, L_000001fc99a0c580, C4<1>, C4<1>;
L_000001fc99906d70 .functor AND 1, L_000001fc99a0ba40, L_000001fc99a0d3e0, C4<1>, C4<1>;
L_000001fc99a0fd20 .functor AND 1, L_000001fc99a0d480, L_000001fc99a0cbc0, C4<1>, C4<1>;
L_000001fc99a0f700 .functor AND 1, L_000001fc99a0d520, L_000001fc99a0b220, C4<1>, C4<1>;
L_000001fc99a0fee0 .functor AND 1, L_000001fc99a0bb80, L_000001fc99a0c6c0, C4<1>, C4<1>;
L_000001fc99a0f5b0 .functor AND 1, L_000001fc99a0c800, L_000001fc99a0bcc0, C4<1>, C4<1>;
L_000001fc99a0f690 .functor AND 1, L_000001fc99a0cc60, L_000001fc99a0bd60, C4<1>, C4<1>;
L_000001fc99a0f770 .functor AND 1, L_000001fc99a15f10, L_000001fc99a15010, C4<1>, C4<1>;
L_000001fc99a0f230 .functor AND 1, L_000001fc99a165f0, L_000001fc99a167d0, C4<1>, C4<1>;
L_000001fc99a1e120 .functor AND 1, L_000001fc99a15290, L_000001fc99a15d30, C4<1>, C4<1>;
L_000001fc99a1f620 .functor AND 1, L_000001fc99a14f70, L_000001fc99a14390, C4<1>, C4<1>;
L_000001fc99a1e190 .functor AND 1, L_000001fc99a160f0, L_000001fc99a16690, C4<1>, C4<1>;
L_000001fc99a1ecf0 .functor AND 1, L_000001fc99a14cf0, L_000001fc99a16050, C4<1>, C4<1>;
L_000001fc99a1e970 .functor AND 1, L_000001fc99a16190, L_000001fc99a15510, C4<1>, C4<1>;
L_000001fc99a1e430 .functor AND 1, L_000001fc99a158d0, L_000001fc99a15a10, C4<1>, C4<1>;
L_000001fc99a1f930 .functor AND 1, L_000001fc99a14610, L_000001fc99a15bf0, C4<1>, C4<1>;
L_000001fc99a1f1c0 .functor AND 1, L_000001fc99a16230, L_000001fc99a14750, C4<1>, C4<1>;
L_000001fc99a1e900 .functor AND 1, L_000001fc99a16730, L_000001fc99a149d0, C4<1>, C4<1>;
L_000001fc99a1e3c0 .functor AND 1, L_000001fc99a14570, L_000001fc99a16870, C4<1>, C4<1>;
L_000001fc99a1ef20 .functor AND 1, L_000001fc99a15330, L_000001fc99a162d0, C4<1>, C4<1>;
L_000001fc99a1fee0 .functor AND 1, L_000001fc99a14a70, L_000001fc99a15650, C4<1>, C4<1>;
L_000001fc99a20c60 .functor AND 1, L_000001fc99a15b50, L_000001fc99a15c90, C4<1>, C4<1>;
L_000001fc99a21ad0 .functor AND 1, L_000001fc99a14bb0, L_000001fc99a15dd0, C4<1>, C4<1>;
L_000001fc99a22320 .functor AND 1, L_000001fc99a142f0, L_000001fc99a15790, C4<1>, C4<1>;
L_000001fc99a20bf0 .functor AND 1, L_000001fc99a15830, L_000001fc99a16370, C4<1>, C4<1>;
L_000001fc99a21590 .functor AND 1, L_000001fc99a19070, L_000001fc99a17270, C4<1>, C4<1>;
L_000001fc99a210c0 .functor AND 1, L_000001fc99a18e90, L_000001fc99a18490, C4<1>, C4<1>;
L_000001fc99a22240 .functor AND 1, L_000001fc99a17b30, L_000001fc99a17450, C4<1>, C4<1>;
L_000001fc99a21a60 .functor AND 1, L_000001fc99a18530, L_000001fc99a16a50, C4<1>, C4<1>;
L_000001fc99a21d00 .functor AND 1, L_000001fc99a17810, L_000001fc99a16910, C4<1>, C4<1>;
L_000001fc99a20b10 .functor AND 1, L_000001fc99a18990, L_000001fc99a18c10, C4<1>, C4<1>;
L_000001fc99a225c0 .functor AND 1, L_000001fc99a17130, L_000001fc99a171d0, C4<1>, C4<1>;
L_000001fc99a24c80 .functor AND 1, L_000001fc99a180d0, L_000001fc99a18210, C4<1>, C4<1>;
L_000001fc99a252a0/d .functor BUFZ 8, L_000001fc99a182b0, C4<00000000>, C4<00000000>, C4<00000000>;
L_000001fc99a252a0 .delay 8 (30,30,30) L_000001fc99a252a0/d;
v000001fc99a0af50_0 .net "C0", 7 0, L_000001fc99a1ad30;  1 drivers
v000001fc99a0a550_0 .net "C1", 7 0, L_000001fc99a1a0b0;  1 drivers
v000001fc99a0aaf0_0 .net "C2", 7 0, L_000001fc99a1a1f0;  1 drivers
v000001fc99a0ae10_0 .net "C3", 7 0, L_000001fc99a1b730;  1 drivers
v000001fc99a0a5f0_0 .net "C4", 7 0, L_000001fc99a1a470;  1 drivers
v000001fc99a09d30_0 .net "C5", 7 0, L_000001fc99a19bb0;  1 drivers
v000001fc99a0a2d0_0 .net "C6", 7 0, L_000001fc99a14430;  1 drivers
v000001fc99a09970_0 .net "DATA1", 7 0, o000001fc999a1618;  alias, 0 drivers
v000001fc99a0a690_0 .net "DATA2", 7 0, o000001fc999a1648;  alias, 0 drivers
v000001fc99a0a870_0 .net "RESULT", 7 0, L_000001fc99a252a0;  alias, 1 drivers
v000001fc99a09c90_0 .net "S0", 7 0, L_000001fc99a1aa10;  1 drivers
v000001fc99a0a0f0_0 .net "S1", 7 0, L_000001fc99a19f70;  1 drivers
v000001fc99a0a730_0 .net "S2", 7 0, L_000001fc99a1b690;  1 drivers
v000001fc99a09a10_0 .net "S3", 7 0, L_000001fc99a1ae70;  1 drivers
v000001fc99a09dd0_0 .net "S4", 7 0, L_000001fc99a19390;  1 drivers
v000001fc99a0a410_0 .net "S5", 7 0, L_000001fc99a150b0;  1 drivers
v000001fc99a09b50_0 .net "TEMPORARY", 7 0, L_000001fc99a182b0;  1 drivers
v000001fc99a0a7d0_0 .net *"_ivl_103", 0 0, L_000001fc99a15290;  1 drivers
v000001fc99a0ac30_0 .net *"_ivl_105", 0 0, L_000001fc99a15d30;  1 drivers
v000001fc99a09f10_0 .net *"_ivl_11", 0 0, L_000001fc99a0b0e0;  1 drivers
v000001fc99a0a370_0 .net *"_ivl_115", 0 0, L_000001fc99a14f70;  1 drivers
v000001fc99a09fb0_0 .net *"_ivl_117", 0 0, L_000001fc99a14390;  1 drivers
v000001fc99a09ab0_0 .net *"_ivl_121", 0 0, L_000001fc99a160f0;  1 drivers
v000001fc99a09bf0_0 .net *"_ivl_123", 0 0, L_000001fc99a16690;  1 drivers
v000001fc99a09e70_0 .net *"_ivl_135", 0 0, L_000001fc99a14cf0;  1 drivers
v000001fc99a0a910_0 .net *"_ivl_137", 0 0, L_000001fc99a16050;  1 drivers
v000001fc99a0a9b0_0 .net *"_ivl_147", 0 0, L_000001fc99a16190;  1 drivers
v000001fc99a0acd0_0 .net *"_ivl_149", 0 0, L_000001fc99a15510;  1 drivers
v000001fc99a07e90_0 .net *"_ivl_15", 0 0, L_000001fc99a0bc20;  1 drivers
v000001fc99a08cf0_0 .net *"_ivl_161", 0 0, L_000001fc99a158d0;  1 drivers
v000001fc99a082f0_0 .net *"_ivl_163", 0 0, L_000001fc99a15a10;  1 drivers
v000001fc99a096f0_0 .net *"_ivl_17", 0 0, L_000001fc99a0c4e0;  1 drivers
v000001fc99a089d0_0 .net *"_ivl_175", 0 0, L_000001fc99a14610;  1 drivers
v000001fc99a09010_0 .net *"_ivl_177", 0 0, L_000001fc99a15bf0;  1 drivers
v000001fc99a07df0_0 .net *"_ivl_189", 0 0, L_000001fc99a16230;  1 drivers
v000001fc99a08ed0_0 .net *"_ivl_191", 0 0, L_000001fc99a14750;  1 drivers
v000001fc99a09790_0 .net *"_ivl_203", 0 0, L_000001fc99a16730;  1 drivers
v000001fc99a09290_0 .net *"_ivl_205", 0 0, L_000001fc99a149d0;  1 drivers
v000001fc99a08a70_0 .net *"_ivl_217", 0 0, L_000001fc99a14570;  1 drivers
v000001fc99a091f0_0 .net *"_ivl_219", 0 0, L_000001fc99a16870;  1 drivers
v000001fc99a095b0_0 .net *"_ivl_229", 0 0, L_000001fc99a15330;  1 drivers
v000001fc99a08d90_0 .net *"_ivl_231", 0 0, L_000001fc99a162d0;  1 drivers
v000001fc99a08750_0 .net *"_ivl_243", 0 0, L_000001fc99a14a70;  1 drivers
v000001fc99a09470_0 .net *"_ivl_245", 0 0, L_000001fc99a15650;  1 drivers
v000001fc99a08930_0 .net *"_ivl_25", 0 0, L_000001fc99a0b900;  1 drivers
v000001fc99a07710_0 .net *"_ivl_257", 0 0, L_000001fc99a15b50;  1 drivers
v000001fc99a08f70_0 .net *"_ivl_259", 0 0, L_000001fc99a15c90;  1 drivers
v000001fc99a072b0_0 .net *"_ivl_27", 0 0, L_000001fc99a0c580;  1 drivers
v000001fc99a073f0_0 .net *"_ivl_271", 0 0, L_000001fc99a14bb0;  1 drivers
v000001fc99a090b0_0 .net *"_ivl_273", 0 0, L_000001fc99a15dd0;  1 drivers
v000001fc99a07ad0_0 .net *"_ivl_285", 0 0, L_000001fc99a142f0;  1 drivers
v000001fc99a07d50_0 .net *"_ivl_287", 0 0, L_000001fc99a15790;  1 drivers
v000001fc99a09830_0 .net *"_ivl_297", 0 0, L_000001fc99a15830;  1 drivers
v000001fc99a09330_0 .net *"_ivl_299", 0 0, L_000001fc99a16370;  1 drivers
v000001fc99a07490_0 .net *"_ivl_3", 0 0, L_000001fc99a0c300;  1 drivers
v000001fc99a08bb0_0 .net *"_ivl_31", 0 0, L_000001fc99a0ba40;  1 drivers
v000001fc99a07530_0 .net *"_ivl_311", 0 0, L_000001fc99a19070;  1 drivers
v000001fc99a08390_0 .net *"_ivl_313", 0 0, L_000001fc99a17270;  1 drivers
v000001fc99a093d0_0 .net *"_ivl_325", 0 0, L_000001fc99a18e90;  1 drivers
v000001fc99a077b0_0 .net *"_ivl_327", 0 0, L_000001fc99a18490;  1 drivers
v000001fc99a07f30_0 .net *"_ivl_33", 0 0, L_000001fc99a0d3e0;  1 drivers
v000001fc99a07850_0 .net *"_ivl_339", 0 0, L_000001fc99a17b30;  1 drivers
v000001fc99a08430_0 .net *"_ivl_341", 0 0, L_000001fc99a17450;  1 drivers
v000001fc99a084d0_0 .net *"_ivl_351", 0 0, L_000001fc99a18530;  1 drivers
v000001fc99a07210_0 .net *"_ivl_353", 0 0, L_000001fc99a16a50;  1 drivers
v000001fc99a07350_0 .net *"_ivl_365", 0 0, L_000001fc99a17810;  1 drivers
v000001fc99a09510_0 .net *"_ivl_367", 0 0, L_000001fc99a16910;  1 drivers
v000001fc99a09150_0 .net *"_ivl_379", 0 0, L_000001fc99a18990;  1 drivers
v000001fc99a08b10_0 .net *"_ivl_381", 0 0, L_000001fc99a18c10;  1 drivers
v000001fc99a07990_0 .net *"_ivl_391", 0 0, L_000001fc99a17130;  1 drivers
v000001fc99a08110_0 .net *"_ivl_393", 0 0, L_000001fc99a171d0;  1 drivers
v000001fc99a075d0_0 .net *"_ivl_405", 0 0, L_000001fc99a180d0;  1 drivers
v000001fc99a081b0_0 .net *"_ivl_407", 0 0, L_000001fc99a18210;  1 drivers
o000001fc999a7198 .functor BUFZ 1, C4<z>; HiZ drive
; Elide local net with no drivers, v000001fc99a07670_0 name=_ivl_419
o000001fc999a71c8 .functor BUFZ 2, C4<zz>; HiZ drive
; Elide local net with no drivers, v000001fc99a08e30_0 name=_ivl_422
o000001fc999a71f8 .functor BUFZ 2, C4<zz>; HiZ drive
; Elide local net with no drivers, v000001fc99a07a30_0 name=_ivl_425
o000001fc999a7228 .functor BUFZ 3, C4<zzz>; HiZ drive
; Elide local net with no drivers, v000001fc99a08c50_0 name=_ivl_428
v000001fc99a07b70_0 .net *"_ivl_43", 0 0, L_000001fc99a0d480;  1 drivers
o000001fc999a7288 .functor BUFZ 3, C4<zzz>; HiZ drive
; Elide local net with no drivers, v000001fc99a08570_0 name=_ivl_431
o000001fc999a72b8 .functor BUFZ 4, C4<zzzz>; HiZ drive
; Elide local net with no drivers, v000001fc99a07c10_0 name=_ivl_434
o000001fc999a72e8 .functor BUFZ 4, C4<zzzz>; HiZ drive
; Elide local net with no drivers, v000001fc99a087f0_0 name=_ivl_437
o000001fc999a7318 .functor BUFZ 5, C4<zzzzz>; HiZ drive
; Elide local net with no drivers, v000001fc99a08610_0 name=_ivl_440
o000001fc999a7348 .functor BUFZ 5, C4<zzzzz>; HiZ drive
; Elide local net with no drivers, v000001fc99a09650_0 name=_ivl_443
o000001fc999a7378 .functor BUFZ 6, C4<zzzzzz>; HiZ drive
; Elide local net with no drivers, v000001fc99a070d0_0 name=_ivl_446
o000001fc999a73a8 .functor BUFZ 6, C4<zzzzzz>; HiZ drive
; Elide local net with no drivers, v000001fc99a08890_0 name=_ivl_449
v000001fc99a07170_0 .net *"_ivl_45", 0 0, L_000001fc99a0cbc0;  1 drivers
v000001fc99a078f0_0 .net *"_ivl_49", 0 0, L_000001fc99a0d520;  1 drivers
v000001fc99a07fd0_0 .net *"_ivl_5", 0 0, L_000001fc99a0c3a0;  1 drivers
v000001fc99a07cb0_0 .net *"_ivl_51", 0 0, L_000001fc99a0b220;  1 drivers
v000001fc99a08070_0 .net *"_ivl_6", 0 0, L_000001fc9998ace0;  1 drivers
v000001fc99a086b0_0 .net *"_ivl_61", 0 0, L_000001fc99a0bb80;  1 drivers
v000001fc99a08250_0 .net *"_ivl_63", 0 0, L_000001fc99a0c6c0;  1 drivers
v000001fc99a0db60_0 .net *"_ivl_67", 0 0, L_000001fc99a0c800;  1 drivers
v000001fc99a0eb00_0 .net *"_ivl_69", 0 0, L_000001fc99a0bcc0;  1 drivers
v000001fc99a0e060_0 .net *"_ivl_79", 0 0, L_000001fc99a0cc60;  1 drivers
v000001fc99a0d8e0_0 .net *"_ivl_81", 0 0, L_000001fc99a0bd60;  1 drivers
v000001fc99a0e240_0 .net *"_ivl_85", 0 0, L_000001fc99a15f10;  1 drivers
v000001fc99a0e100_0 .net *"_ivl_87", 0 0, L_000001fc99a15010;  1 drivers
v000001fc99a0dc00_0 .net *"_ivl_9", 0 0, L_000001fc99a0d7a0;  1 drivers
v000001fc99a0e6a0_0 .net *"_ivl_97", 0 0, L_000001fc99a165f0;  1 drivers
v000001fc99a0ece0_0 .net *"_ivl_99", 0 0, L_000001fc99a167d0;  1 drivers
L_000001fc99a0c300 .part o000001fc999a1618, 0, 1;
L_000001fc99a0c3a0 .part o000001fc999a1648, 0, 1;
L_000001fc99a0d7a0 .part o000001fc999a1618, 1, 1;
L_000001fc99a0b0e0 .part o000001fc999a1648, 0, 1;
L_000001fc99a0bc20 .part o000001fc999a1618, 0, 1;
L_000001fc99a0c4e0 .part o000001fc999a1648, 1, 1;
L_000001fc99a0b900 .part o000001fc999a1618, 2, 1;
L_000001fc99a0c580 .part o000001fc999a1648, 0, 1;
L_000001fc99a0ba40 .part o000001fc999a1618, 1, 1;
L_000001fc99a0d3e0 .part o000001fc999a1648, 1, 1;
L_000001fc99a0d840 .part L_000001fc99a1ad30, 0, 1;
L_000001fc99a0d480 .part o000001fc999a1618, 3, 1;
L_000001fc99a0cbc0 .part o000001fc999a1648, 0, 1;
L_000001fc99a0d520 .part o000001fc999a1618, 2, 1;
L_000001fc99a0b220 .part o000001fc999a1648, 1, 1;
L_000001fc99a0bae0 .part L_000001fc99a1a0b0, 0, 1;
L_000001fc99a0bb80 .part o000001fc999a1618, 4, 1;
L_000001fc99a0c6c0 .part o000001fc999a1648, 0, 1;
L_000001fc99a0c800 .part o000001fc999a1618, 3, 1;
L_000001fc99a0bcc0 .part o000001fc999a1648, 1, 1;
L_000001fc99a0c9e0 .part L_000001fc99a1a1f0, 0, 1;
L_000001fc99a0cc60 .part o000001fc999a1618, 5, 1;
L_000001fc99a0bd60 .part o000001fc999a1648, 0, 1;
L_000001fc99a15f10 .part o000001fc999a1618, 4, 1;
L_000001fc99a15010 .part o000001fc999a1648, 1, 1;
L_000001fc99a15fb0 .part L_000001fc99a1b730, 0, 1;
L_000001fc99a165f0 .part o000001fc999a1618, 6, 1;
L_000001fc99a167d0 .part o000001fc999a1648, 0, 1;
L_000001fc99a15290 .part o000001fc999a1618, 5, 1;
L_000001fc99a15d30 .part o000001fc999a1648, 1, 1;
L_000001fc99a15470 .part L_000001fc99a1a470, 0, 1;
L_000001fc99a14f70 .part o000001fc999a1618, 7, 1;
L_000001fc99a14390 .part o000001fc999a1648, 0, 1;
L_000001fc99a160f0 .part o000001fc999a1618, 6, 1;
L_000001fc99a16690 .part o000001fc999a1648, 1, 1;
L_000001fc99a164b0 .part L_000001fc99a19bb0, 0, 1;
L_000001fc99a150b0 .part/pv L_000001fc99a1ea50, 0, 1, 8;
L_000001fc99a14430 .part/pv L_000001fc99a1fa80, 0, 1, 8;
L_000001fc99a16410 .part L_000001fc99a1aa10, 0, 1;
L_000001fc99a14cf0 .part o000001fc999a1618, 0, 1;
L_000001fc99a16050 .part o000001fc999a1648, 2, 1;
L_000001fc99a14e30 .part L_000001fc99a19f70, 0, 1;
L_000001fc99a16190 .part o000001fc999a1618, 1, 1;
L_000001fc99a15510 .part o000001fc999a1648, 2, 1;
L_000001fc99a16550 .part L_000001fc99a1ad30, 1, 1;
L_000001fc99a14c50 .part L_000001fc99a1b690, 0, 1;
L_000001fc99a158d0 .part o000001fc999a1618, 2, 1;
L_000001fc99a15a10 .part o000001fc999a1648, 2, 1;
L_000001fc99a14930 .part L_000001fc99a1a0b0, 1, 1;
L_000001fc99a144d0 .part L_000001fc99a1ae70, 0, 1;
L_000001fc99a14610 .part o000001fc999a1618, 3, 1;
L_000001fc99a15bf0 .part o000001fc999a1648, 2, 1;
L_000001fc99a151f0 .part L_000001fc99a1a1f0, 1, 1;
L_000001fc99a146b0 .part L_000001fc99a19390, 0, 1;
L_000001fc99a16230 .part o000001fc999a1618, 4, 1;
L_000001fc99a14750 .part o000001fc999a1648, 2, 1;
L_000001fc99a15150 .part L_000001fc99a1b730, 1, 1;
L_000001fc99a15970 .part L_000001fc99a150b0, 0, 1;
L_000001fc99a16730 .part o000001fc999a1618, 5, 1;
L_000001fc99a149d0 .part o000001fc999a1648, 2, 1;
L_000001fc99a155b0 .part L_000001fc99a1a470, 1, 1;
L_000001fc99a147f0 .part L_000001fc99a1aa10, 1, 1;
L_000001fc99a14570 .part o000001fc999a1618, 0, 1;
L_000001fc99a16870 .part o000001fc999a1648, 3, 1;
L_000001fc99a14890 .part L_000001fc99a19f70, 1, 1;
L_000001fc99a15330 .part o000001fc999a1618, 1, 1;
L_000001fc99a162d0 .part o000001fc999a1648, 3, 1;
L_000001fc99a14110 .part L_000001fc99a1ad30, 2, 1;
L_000001fc99a15ab0 .part L_000001fc99a1b690, 1, 1;
L_000001fc99a14a70 .part o000001fc999a1618, 2, 1;
L_000001fc99a15650 .part o000001fc999a1648, 3, 1;
L_000001fc99a141b0 .part L_000001fc99a1a0b0, 2, 1;
L_000001fc99a14d90 .part L_000001fc99a1ae70, 1, 1;
L_000001fc99a15b50 .part o000001fc999a1618, 3, 1;
L_000001fc99a15c90 .part o000001fc999a1648, 3, 1;
L_000001fc99a14b10 .part L_000001fc99a1a1f0, 2, 1;
L_000001fc99a15e70 .part L_000001fc99a19390, 1, 1;
L_000001fc99a14bb0 .part o000001fc999a1618, 4, 1;
L_000001fc99a15dd0 .part o000001fc999a1648, 3, 1;
L_000001fc99a156f0 .part L_000001fc99a1b730, 2, 1;
L_000001fc99a14250 .part L_000001fc99a1aa10, 2, 1;
L_000001fc99a142f0 .part o000001fc999a1618, 0, 1;
L_000001fc99a15790 .part o000001fc999a1648, 4, 1;
L_000001fc99a153d0 .part L_000001fc99a19f70, 2, 1;
L_000001fc99a15830 .part o000001fc999a1618, 1, 1;
L_000001fc99a16370 .part o000001fc999a1648, 4, 1;
L_000001fc99a14ed0 .part L_000001fc99a1ad30, 3, 1;
L_000001fc99a18170 .part L_000001fc99a1b690, 2, 1;
L_000001fc99a19070 .part o000001fc999a1618, 2, 1;
L_000001fc99a17270 .part o000001fc999a1648, 4, 1;
L_000001fc99a188f0 .part L_000001fc99a1a0b0, 3, 1;
L_000001fc99a178b0 .part L_000001fc99a1ae70, 2, 1;
L_000001fc99a18e90 .part o000001fc999a1618, 3, 1;
L_000001fc99a18490 .part o000001fc999a1648, 4, 1;
L_000001fc99a17310 .part L_000001fc99a1a1f0, 3, 1;
L_000001fc99a183f0 .part L_000001fc99a1aa10, 3, 1;
L_000001fc99a17b30 .part o000001fc999a1618, 0, 1;
L_000001fc99a17450 .part o000001fc999a1648, 5, 1;
L_000001fc99a18ad0 .part L_000001fc99a19f70, 3, 1;
L_000001fc99a18530 .part o000001fc999a1618, 1, 1;
L_000001fc99a16a50 .part o000001fc999a1648, 5, 1;
L_000001fc99a16e10 .part L_000001fc99a1ad30, 4, 1;
L_000001fc99a17630 .part L_000001fc99a1b690, 3, 1;
L_000001fc99a17810 .part o000001fc999a1618, 2, 1;
L_000001fc99a16910 .part o000001fc999a1648, 5, 1;
L_000001fc99a16d70 .part L_000001fc99a1a0b0, 4, 1;
L_000001fc99a17bd0 .part L_000001fc99a1aa10, 4, 1;
L_000001fc99a18990 .part o000001fc999a1618, 0, 1;
L_000001fc99a18c10 .part o000001fc999a1648, 6, 1;
L_000001fc99a16c30 .part L_000001fc99a19f70, 4, 1;
L_000001fc99a17130 .part o000001fc999a1618, 1, 1;
L_000001fc99a171d0 .part o000001fc999a1648, 6, 1;
L_000001fc99a18fd0 .part L_000001fc99a1ad30, 5, 1;
L_000001fc99a18a30 .part L_000001fc99a1aa10, 5, 1;
L_000001fc99a180d0 .part o000001fc999a1618, 0, 1;
L_000001fc99a18210 .part o000001fc999a1648, 7, 1;
LS_000001fc99a182b0_0_0 .concat8 [ 1 1 1 1], L_000001fc9998ace0, L_000001fc9998ad50, L_000001fc99a1ef90, L_000001fc99a1e7b0;
LS_000001fc99a182b0_0_4 .concat8 [ 1 1 1 1], L_000001fc99a21f30, L_000001fc99a213d0, L_000001fc99a21d70, L_000001fc99a26500;
L_000001fc99a182b0 .concat8 [ 4 4 0 0], LS_000001fc99a182b0_0_0, LS_000001fc99a182b0_0_4;
LS_000001fc99a1ad30_0_0 .concat [ 1 1 1 1], L_000001fc9998a490, L_000001fc99a1f850, L_000001fc99a1ee40, L_000001fc99a22390;
LS_000001fc99a1ad30_0_4 .concat [ 1 1 1 1], L_000001fc99a22160, L_000001fc99a21de0, L_000001fc99a25150, o000001fc999a7198;
L_000001fc99a1ad30 .concat [ 4 4 0 0], LS_000001fc99a1ad30_0_0, LS_000001fc99a1ad30_0_4;
LS_000001fc99a1aa10_0_0 .concat [ 1 1 1 1], L_000001fc9998a180, L_000001fc99a1f310, L_000001fc99a1e660, L_000001fc99a20b80;
LS_000001fc99a1aa10_0_4 .concat [ 1 1 2 0], L_000001fc99a211a0, L_000001fc99a22710, o000001fc999a71c8;
L_000001fc99a1aa10 .concat [ 4 4 0 0], LS_000001fc99a1aa10_0_0, LS_000001fc99a1aa10_0_4;
LS_000001fc99a1a0b0_0_0 .concat [ 1 1 1 1], L_000001fc9998a810, L_000001fc99a1f690, L_000001fc99a1e820, L_000001fc99a21360;
LS_000001fc99a1a0b0_0_4 .concat [ 1 1 2 0], L_000001fc99a22470, L_000001fc99a22860, o000001fc999a71f8;
L_000001fc99a1a0b0 .concat [ 4 4 0 0], LS_000001fc99a1a0b0_0_0, LS_000001fc99a1a0b0_0_4;
LS_000001fc99a19f70_0_0 .concat [ 1 1 1 1], L_000001fc99a0f7e0, L_000001fc99a1e2e0, L_000001fc99a1fe00, L_000001fc99a22010;
LS_000001fc99a19f70_0_4 .concat [ 1 3 0 0], L_000001fc99a21910, o000001fc999a7228;
L_000001fc99a19f70 .concat [ 4 4 0 0], LS_000001fc99a19f70_0_0, LS_000001fc99a19f70_0_4;
LS_000001fc99a1a1f0_0_0 .concat [ 1 1 1 1], L_000001fc99a0fc40, L_000001fc99a1f000, L_000001fc99a1ffc0, L_000001fc99a20f70;
LS_000001fc99a1a1f0_0_4 .concat [ 1 3 0 0], L_000001fc99a21c90, o000001fc999a7288;
L_000001fc99a1a1f0 .concat [ 4 4 0 0], LS_000001fc99a1a1f0_0_0, LS_000001fc99a1a1f0_0_4;
LS_000001fc99a1b690_0_0 .concat [ 1 1 1 1], L_000001fc99a0f4d0, L_000001fc99a1ec80, L_000001fc99a21050, L_000001fc99a224e0;
LS_000001fc99a1b690_0_4 .concat [ 4 0 0 0], o000001fc999a72b8;
L_000001fc99a1b690 .concat [ 4 4 0 0], LS_000001fc99a1b690_0_0, LS_000001fc99a1b690_0_4;
LS_000001fc99a1b730_0_0 .concat [ 1 1 1 1], L_000001fc99a0f380, L_000001fc99a1f4d0, L_000001fc99a217c0, L_000001fc99a21670;
LS_000001fc99a1b730_0_4 .concat [ 4 0 0 0], o000001fc999a72e8;
L_000001fc99a1b730 .concat [ 4 4 0 0], LS_000001fc99a1b730_0_0, LS_000001fc99a1b730_0_4;
L_000001fc99a1ae70 .concat [ 1 1 1 5], L_000001fc99a0ff50, L_000001fc99a1e5f0, L_000001fc99a216e0, o000001fc999a7318;
L_000001fc99a1a470 .concat [ 1 1 1 5], L_000001fc99a0f620, L_000001fc99a1f5b0, L_000001fc99a214b0, o000001fc999a7348;
L_000001fc99a19390 .concat [ 1 1 6 0], L_000001fc99a0f9a0, L_000001fc99a1f2a0, o000001fc999a7378;
L_000001fc99a19bb0 .concat [ 1 1 6 0], L_000001fc99a0f1c0, L_000001fc99a1e200, o000001fc999a73a8;
S_000001fc998fd1f0 .scope module, "fa0" "full_adder" 4 25, 5 10 0, S_000001fc99907bf0;
 .timescale -9 -10;
    .port_info 0 /INPUT 1 "firstBit";
    .port_info 1 /INPUT 1 "secondBit";
    .port_info 2 /INPUT 1 "Cin";
    .port_info 3 /OUTPUT 1 "Sum";
    .port_info 4 /OUTPUT 1 "Cout";
L_000001fc99989fc0 .functor XOR 1, L_000001fc9998a8f0, L_000001fc99906d70, C4<0>, C4<0>;
L_000001fc9998a180 .functor XOR 1, L_000001fc99989fc0, L_000001fc99a0d840, C4<0>, C4<0>;
L_000001fc9998a500 .functor AND 1, L_000001fc9998a8f0, L_000001fc99906d70, C4<1>, C4<1>;
L_000001fc9998a650 .functor AND 1, L_000001fc9998a8f0, L_000001fc99a0d840, C4<1>, C4<1>;
L_000001fc9998a6c0 .functor AND 1, L_000001fc99906d70, L_000001fc99a0d840, C4<1>, C4<1>;
L_000001fc9998a7a0 .functor OR 1, L_000001fc9998a500, L_000001fc9998a650, C4<0>, C4<0>;
L_000001fc9998a810 .functor OR 1, L_000001fc9998a7a0, L_000001fc9998a6c0, C4<0>, C4<0>;
v000001fc9996bf30_0 .net "Cin", 0 0, L_000001fc99a0d840;  1 drivers
v000001fc9996bfd0_0 .net "Cout", 0 0, L_000001fc9998a810;  1 drivers
v000001fc9997df30_0 .net "Sum", 0 0, L_000001fc9998a180;  1 drivers
v000001fc9997e2f0_0 .net *"_ivl_10", 0 0, L_000001fc9998a7a0;  1 drivers
v000001fc9997dfd0_0 .net "firstBit", 0 0, L_000001fc9998a8f0;  1 drivers
v000001fc9997e1b0_0 .net "firstBit_AND_Cin", 0 0, L_000001fc9998a650;  1 drivers
v000001fc9997e610_0 .net "firstBit_AND_secondBit", 0 0, L_000001fc9998a500;  1 drivers
v000001fc9997eb10_0 .net "firstBit_xor_secondBit", 0 0, L_000001fc99989fc0;  1 drivers
v000001fc9997ebb0_0 .net "secondBit", 0 0, L_000001fc99906d70;  1 drivers
v000001fc9993bbb0_0 .net "secondBit_AND_Cin", 0 0, L_000001fc9998a6c0;  1 drivers
S_000001fc998fd380 .scope module, "fa1" "full_adder" 4 26, 5 10 0, S_000001fc99907bf0;
 .timescale -9 -10;
    .port_info 0 /INPUT 1 "firstBit";
    .port_info 1 /INPUT 1 "secondBit";
    .port_info 2 /INPUT 1 "Cin";
    .port_info 3 /OUTPUT 1 "Sum";
    .port_info 4 /OUTPUT 1 "Cout";
L_000001fc999067c0 .functor XOR 1, L_000001fc99a0fd20, L_000001fc99a0f700, C4<0>, C4<0>;
L_000001fc99a0f7e0 .functor XOR 1, L_000001fc999067c0, L_000001fc99a0bae0, C4<0>, C4<0>;
L_000001fc99a0f310 .functor AND 1, L_000001fc99a0fd20, L_000001fc99a0f700, C4<1>, C4<1>;
L_000001fc99a0f850 .functor AND 1, L_000001fc99a0fd20, L_000001fc99a0bae0, C4<1>, C4<1>;
L_000001fc99a0f3f0 .functor AND 1, L_000001fc99a0f700, L_000001fc99a0bae0, C4<1>, C4<1>;
L_000001fc99a0fcb0 .functor OR 1, L_000001fc99a0f310, L_000001fc99a0f850, C4<0>, C4<0>;
L_000001fc99a0fc40 .functor OR 1, L_000001fc99a0fcb0, L_000001fc99a0f3f0, C4<0>, C4<0>;
v000001fc9993ce70_0 .net "Cin", 0 0, L_000001fc99a0bae0;  1 drivers
v000001fc9993d230_0 .net "Cout", 0 0, L_000001fc99a0fc40;  1 drivers
v000001fc9993bf70_0 .net "Sum", 0 0, L_000001fc99a0f7e0;  1 drivers
v000001fc9993c3d0_0 .net *"_ivl_10", 0 0, L_000001fc99a0fcb0;  1 drivers
v000001fc9993c5b0_0 .net "firstBit", 0 0, L_000001fc99a0fd20;  1 drivers
v000001fc9994b0d0_0 .net "firstBit_AND_Cin", 0 0, L_000001fc99a0f850;  1 drivers
v000001fc9994b170_0 .net "firstBit_AND_secondBit", 0 0, L_000001fc99a0f310;  1 drivers
v000001fc99949d70_0 .net "firstBit_xor_secondBit", 0 0, L_000001fc999067c0;  1 drivers
v000001fc9994a4f0_0 .net "secondBit", 0 0, L_000001fc99a0f700;  1 drivers
v000001fc99949550_0 .net "secondBit_AND_Cin", 0 0, L_000001fc99a0f3f0;  1 drivers
S_000001fc9988d2b0 .scope module, "fa10" "full_adder" 4 38, 5 10 0, S_000001fc99907bf0;
 .timescale -9 -10;
    .port_info 0 /INPUT 1 "firstBit";
    .port_info 1 /INPUT 1 "secondBit";
    .port_info 2 /INPUT 1 "Cin";
    .port_info 3 /OUTPUT 1 "Sum";
    .port_info 4 /OUTPUT 1 "Cout";
L_000001fc99a1edd0 .functor XOR 1, L_000001fc99a15970, L_000001fc99a1e900, C4<0>, C4<0>;
L_000001fc99a1f2a0 .functor XOR 1, L_000001fc99a1edd0, L_000001fc99a155b0, C4<0>, C4<0>;
L_000001fc99a1fbd0 .functor AND 1, L_000001fc99a15970, L_000001fc99a1e900, C4<1>, C4<1>;
L_000001fc99a1fc40 .functor AND 1, L_000001fc99a15970, L_000001fc99a155b0, C4<1>, C4<1>;
L_000001fc99a1fcb0 .functor AND 1, L_000001fc99a1e900, L_000001fc99a155b0, C4<1>, C4<1>;
L_000001fc99a1f070 .functor OR 1, L_000001fc99a1fbd0, L_000001fc99a1fc40, C4<0>, C4<0>;
L_000001fc99a1e200 .functor OR 1, L_000001fc99a1f070, L_000001fc99a1fcb0, C4<0>, C4<0>;
v000001fc99987ee0_0 .net "Cin", 0 0, L_000001fc99a155b0;  1 drivers
v000001fc99988f20_0 .net "Cout", 0 0, L_000001fc99a1e200;  1 drivers
v000001fc99989880_0 .net "Sum", 0 0, L_000001fc99a1f2a0;  1 drivers
v000001fc99989920_0 .net *"_ivl_10", 0 0, L_000001fc99a1f070;  1 drivers
v000001fc999381a0_0 .net "firstBit", 0 0, L_000001fc99a15970;  1 drivers
v000001fc999382e0_0 .net "firstBit_AND_Cin", 0 0, L_000001fc99a1fc40;  1 drivers
v000001fc99938600_0 .net "firstBit_AND_secondBit", 0 0, L_000001fc99a1fbd0;  1 drivers
v000001fc999faee0_0 .net "firstBit_xor_secondBit", 0 0, L_000001fc99a1edd0;  1 drivers
v000001fc999fa300_0 .net "secondBit", 0 0, L_000001fc99a1e900;  1 drivers
v000001fc999fb020_0 .net "secondBit_AND_Cin", 0 0, L_000001fc99a1fcb0;  1 drivers
S_000001fc9988d440 .scope module, "fa12" "full_adder" 4 42, 5 10 0, S_000001fc99907bf0;
 .timescale -9 -10;
    .port_info 0 /INPUT 1 "firstBit";
    .port_info 1 /INPUT 1 "secondBit";
    .port_info 2 /INPUT 1 "Cin";
    .port_info 3 /OUTPUT 1 "Sum";
    .port_info 4 /OUTPUT 1 "Cout";
L_000001fc99a1f380 .functor XOR 1, L_000001fc99a14890, L_000001fc99a1ef20, C4<0>, C4<0>;
L_000001fc99a1e660 .functor XOR 1, L_000001fc99a1f380, L_000001fc99a14110, C4<0>, C4<0>;
L_000001fc99a1f0e0 .functor AND 1, L_000001fc99a14890, L_000001fc99a1ef20, C4<1>, C4<1>;
L_000001fc99a1f3f0 .functor AND 1, L_000001fc99a14890, L_000001fc99a14110, C4<1>, C4<1>;
L_000001fc99a1f460 .functor AND 1, L_000001fc99a1ef20, L_000001fc99a14110, C4<1>, C4<1>;
L_000001fc99a1eeb0 .functor OR 1, L_000001fc99a1f0e0, L_000001fc99a1f3f0, C4<0>, C4<0>;
L_000001fc99a1e820 .functor OR 1, L_000001fc99a1eeb0, L_000001fc99a1f460, C4<0>, C4<0>;
v000001fc999fc600_0 .net "Cin", 0 0, L_000001fc99a14110;  1 drivers
v000001fc999faf80_0 .net "Cout", 0 0, L_000001fc99a1e820;  1 drivers
v000001fc999fabc0_0 .net "Sum", 0 0, L_000001fc99a1e660;  1 drivers
v000001fc999fb0c0_0 .net *"_ivl_10", 0 0, L_000001fc99a1eeb0;  1 drivers
v000001fc999fc7e0_0 .net "firstBit", 0 0, L_000001fc99a14890;  1 drivers
v000001fc999fbde0_0 .net "firstBit_AND_Cin", 0 0, L_000001fc99a1f3f0;  1 drivers
v000001fc999fc1a0_0 .net "firstBit_AND_secondBit", 0 0, L_000001fc99a1f0e0;  1 drivers
v000001fc999fc420_0 .net "firstBit_xor_secondBit", 0 0, L_000001fc99a1f380;  1 drivers
v000001fc999fc060_0 .net "secondBit", 0 0, L_000001fc99a1ef20;  1 drivers
v000001fc999fa760_0 .net "secondBit_AND_Cin", 0 0, L_000001fc99a1f460;  1 drivers
S_000001fc998f9ee0 .scope module, "fa13" "full_adder" 4 43, 5 10 0, S_000001fc99907bf0;
 .timescale -9 -10;
    .port_info 0 /INPUT 1 "firstBit";
    .port_info 1 /INPUT 1 "secondBit";
    .port_info 2 /INPUT 1 "Cin";
    .port_info 3 /OUTPUT 1 "Sum";
    .port_info 4 /OUTPUT 1 "Cout";
L_000001fc99a20030 .functor XOR 1, L_000001fc99a15ab0, L_000001fc99a1fee0, C4<0>, C4<0>;
L_000001fc99a1fe00 .functor XOR 1, L_000001fc99a20030, L_000001fc99a141b0, C4<0>, C4<0>;
L_000001fc99a1fd20 .functor AND 1, L_000001fc99a15ab0, L_000001fc99a1fee0, C4<1>, C4<1>;
L_000001fc99a1ff50 .functor AND 1, L_000001fc99a15ab0, L_000001fc99a141b0, C4<1>, C4<1>;
L_000001fc99a1fd90 .functor AND 1, L_000001fc99a1fee0, L_000001fc99a141b0, C4<1>, C4<1>;
L_000001fc99a1fe70 .functor OR 1, L_000001fc99a1fd20, L_000001fc99a1ff50, C4<0>, C4<0>;
L_000001fc99a1ffc0 .functor OR 1, L_000001fc99a1fe70, L_000001fc99a1fd90, C4<0>, C4<0>;
v000001fc999fbac0_0 .net "Cin", 0 0, L_000001fc99a141b0;  1 drivers
v000001fc999fba20_0 .net "Cout", 0 0, L_000001fc99a1ffc0;  1 drivers
v000001fc999fa580_0 .net "Sum", 0 0, L_000001fc99a1fe00;  1 drivers
v000001fc999fad00_0 .net *"_ivl_10", 0 0, L_000001fc99a1fe70;  1 drivers
v000001fc999fb5c0_0 .net "firstBit", 0 0, L_000001fc99a15ab0;  1 drivers
v000001fc999fc380_0 .net "firstBit_AND_Cin", 0 0, L_000001fc99a1ff50;  1 drivers
v000001fc999fb160_0 .net "firstBit_AND_secondBit", 0 0, L_000001fc99a1fd20;  1 drivers
v000001fc999fc560_0 .net "firstBit_xor_secondBit", 0 0, L_000001fc99a20030;  1 drivers
v000001fc999fb200_0 .net "secondBit", 0 0, L_000001fc99a1fee0;  1 drivers
v000001fc999fa260_0 .net "secondBit_AND_Cin", 0 0, L_000001fc99a1fd90;  1 drivers
S_000001fc998fa070 .scope module, "fa14" "full_adder" 4 44, 5 10 0, S_000001fc99907bf0;
 .timescale -9 -10;
    .port_info 0 /INPUT 1 "firstBit";
    .port_info 1 /INPUT 1 "secondBit";
    .port_info 2 /INPUT 1 "Cin";
    .port_info 3 /OUTPUT 1 "Sum";
    .port_info 4 /OUTPUT 1 "Cout";
L_000001fc99a0f2a0 .functor XOR 1, L_000001fc99a14d90, L_000001fc99a20c60, C4<0>, C4<0>;
L_000001fc99a21050 .functor XOR 1, L_000001fc99a0f2a0, L_000001fc99a14b10, C4<0>, C4<0>;
L_000001fc99a21e50 .functor AND 1, L_000001fc99a14d90, L_000001fc99a20c60, C4<1>, C4<1>;
L_000001fc99a21280 .functor AND 1, L_000001fc99a14d90, L_000001fc99a14b10, C4<1>, C4<1>;
L_000001fc99a21210 .functor AND 1, L_000001fc99a20c60, L_000001fc99a14b10, C4<1>, C4<1>;
L_000001fc99a220f0 .functor OR 1, L_000001fc99a21e50, L_000001fc99a21280, C4<0>, C4<0>;
L_000001fc99a217c0 .functor OR 1, L_000001fc99a220f0, L_000001fc99a21210, C4<0>, C4<0>;
v000001fc999fbe80_0 .net "Cin", 0 0, L_000001fc99a14b10;  1 drivers
v000001fc999fa1c0_0 .net "Cout", 0 0, L_000001fc99a217c0;  1 drivers
v000001fc999fa080_0 .net "Sum", 0 0, L_000001fc99a21050;  1 drivers
v000001fc999fb2a0_0 .net *"_ivl_10", 0 0, L_000001fc99a220f0;  1 drivers
v000001fc999fc240_0 .net "firstBit", 0 0, L_000001fc99a14d90;  1 drivers
v000001fc999fa440_0 .net "firstBit_AND_Cin", 0 0, L_000001fc99a21280;  1 drivers
v000001fc999fbfc0_0 .net "firstBit_AND_secondBit", 0 0, L_000001fc99a21e50;  1 drivers
v000001fc999fa940_0 .net "firstBit_xor_secondBit", 0 0, L_000001fc99a0f2a0;  1 drivers
v000001fc999fa3a0_0 .net "secondBit", 0 0, L_000001fc99a20c60;  1 drivers
v000001fc999fb340_0 .net "secondBit_AND_Cin", 0 0, L_000001fc99a21210;  1 drivers
S_000001fc99902250 .scope module, "fa15" "full_adder" 4 45, 5 10 0, S_000001fc99907bf0;
 .timescale -9 -10;
    .port_info 0 /INPUT 1 "firstBit";
    .port_info 1 /INPUT 1 "secondBit";
    .port_info 2 /INPUT 1 "Cin";
    .port_info 3 /OUTPUT 1 "Sum";
    .port_info 4 /OUTPUT 1 "Cout";
L_000001fc99a20e90 .functor XOR 1, L_000001fc99a15e70, L_000001fc99a21ad0, C4<0>, C4<0>;
L_000001fc99a216e0 .functor XOR 1, L_000001fc99a20e90, L_000001fc99a156f0, C4<0>, C4<0>;
L_000001fc99a20aa0 .functor AND 1, L_000001fc99a15e70, L_000001fc99a21ad0, C4<1>, C4<1>;
L_000001fc99a212f0 .functor AND 1, L_000001fc99a15e70, L_000001fc99a156f0, C4<1>, C4<1>;
L_000001fc99a20cd0 .functor AND 1, L_000001fc99a21ad0, L_000001fc99a156f0, C4<1>, C4<1>;
L_000001fc99a21ec0 .functor OR 1, L_000001fc99a20aa0, L_000001fc99a212f0, C4<0>, C4<0>;
L_000001fc99a214b0 .functor OR 1, L_000001fc99a21ec0, L_000001fc99a20cd0, C4<0>, C4<0>;
v000001fc999fc6a0_0 .net "Cin", 0 0, L_000001fc99a156f0;  1 drivers
v000001fc999fb980_0 .net "Cout", 0 0, L_000001fc99a214b0;  1 drivers
v000001fc999fc100_0 .net "Sum", 0 0, L_000001fc99a216e0;  1 drivers
v000001fc999fada0_0 .net *"_ivl_10", 0 0, L_000001fc99a21ec0;  1 drivers
v000001fc999fbf20_0 .net "firstBit", 0 0, L_000001fc99a15e70;  1 drivers
v000001fc999fc740_0 .net "firstBit_AND_Cin", 0 0, L_000001fc99a212f0;  1 drivers
v000001fc999fa4e0_0 .net "firstBit_AND_secondBit", 0 0, L_000001fc99a20aa0;  1 drivers
v000001fc999fc2e0_0 .net "firstBit_xor_secondBit", 0 0, L_000001fc99a20e90;  1 drivers
v000001fc999fbb60_0 .net "secondBit", 0 0, L_000001fc99a21ad0;  1 drivers
v000001fc999fc4c0_0 .net "secondBit_AND_Cin", 0 0, L_000001fc99a20cd0;  1 drivers
S_000001fc999fe850 .scope module, "fa18" "full_adder" 4 49, 5 10 0, S_000001fc99907bf0;
 .timescale -9 -10;
    .port_info 0 /INPUT 1 "firstBit";
    .port_info 1 /INPUT 1 "secondBit";
    .port_info 2 /INPUT 1 "Cin";
    .port_info 3 /OUTPUT 1 "Sum";
    .port_info 4 /OUTPUT 1 "Cout";
L_000001fc99a22400 .functor XOR 1, L_000001fc99a153d0, L_000001fc99a20bf0, C4<0>, C4<0>;
L_000001fc99a20b80 .functor XOR 1, L_000001fc99a22400, L_000001fc99a14ed0, C4<0>, C4<0>;
L_000001fc99a20e20 .functor AND 1, L_000001fc99a153d0, L_000001fc99a20bf0, C4<1>, C4<1>;
L_000001fc99a20f00 .functor AND 1, L_000001fc99a153d0, L_000001fc99a14ed0, C4<1>, C4<1>;
L_000001fc99a21fa0 .functor AND 1, L_000001fc99a20bf0, L_000001fc99a14ed0, C4<1>, C4<1>;
L_000001fc99a219f0 .functor OR 1, L_000001fc99a20e20, L_000001fc99a20f00, C4<0>, C4<0>;
L_000001fc99a21360 .functor OR 1, L_000001fc99a219f0, L_000001fc99a21fa0, C4<0>, C4<0>;
v000001fc999fa620_0 .net "Cin", 0 0, L_000001fc99a14ed0;  1 drivers
v000001fc999fa120_0 .net "Cout", 0 0, L_000001fc99a21360;  1 drivers
v000001fc999fa9e0_0 .net "Sum", 0 0, L_000001fc99a20b80;  1 drivers
v000001fc999fbc00_0 .net *"_ivl_10", 0 0, L_000001fc99a219f0;  1 drivers
v000001fc999faa80_0 .net "firstBit", 0 0, L_000001fc99a153d0;  1 drivers
v000001fc999fb480_0 .net "firstBit_AND_Cin", 0 0, L_000001fc99a20f00;  1 drivers
v000001fc999fa6c0_0 .net "firstBit_AND_secondBit", 0 0, L_000001fc99a20e20;  1 drivers
v000001fc999fa800_0 .net "firstBit_xor_secondBit", 0 0, L_000001fc99a22400;  1 drivers
v000001fc999fa8a0_0 .net "secondBit", 0 0, L_000001fc99a20bf0;  1 drivers
v000001fc999fab20_0 .net "secondBit_AND_Cin", 0 0, L_000001fc99a21fa0;  1 drivers
S_000001fc999fe9e0 .scope module, "fa19" "full_adder" 4 50, 5 10 0, S_000001fc99907bf0;
 .timescale -9 -10;
    .port_info 0 /INPUT 1 "firstBit";
    .port_info 1 /INPUT 1 "secondBit";
    .port_info 2 /INPUT 1 "Cin";
    .port_info 3 /OUTPUT 1 "Sum";
    .port_info 4 /OUTPUT 1 "Cout";
L_000001fc99a21520 .functor XOR 1, L_000001fc99a18170, L_000001fc99a21590, C4<0>, C4<0>;
L_000001fc99a22010 .functor XOR 1, L_000001fc99a21520, L_000001fc99a188f0, C4<0>, C4<0>;
L_000001fc99a22080 .functor AND 1, L_000001fc99a18170, L_000001fc99a21590, C4<1>, C4<1>;
L_000001fc99a21440 .functor AND 1, L_000001fc99a18170, L_000001fc99a188f0, C4<1>, C4<1>;
L_000001fc99a222b0 .functor AND 1, L_000001fc99a21590, L_000001fc99a188f0, C4<1>, C4<1>;
L_000001fc99a20950 .functor OR 1, L_000001fc99a22080, L_000001fc99a21440, C4<0>, C4<0>;
L_000001fc99a20f70 .functor OR 1, L_000001fc99a20950, L_000001fc99a222b0, C4<0>, C4<0>;
v000001fc999fac60_0 .net "Cin", 0 0, L_000001fc99a188f0;  1 drivers
v000001fc999fae40_0 .net "Cout", 0 0, L_000001fc99a20f70;  1 drivers
v000001fc999fb8e0_0 .net "Sum", 0 0, L_000001fc99a22010;  1 drivers
v000001fc999fb3e0_0 .net *"_ivl_10", 0 0, L_000001fc99a20950;  1 drivers
v000001fc999fb520_0 .net "firstBit", 0 0, L_000001fc99a18170;  1 drivers
v000001fc999fb660_0 .net "firstBit_AND_Cin", 0 0, L_000001fc99a21440;  1 drivers
v000001fc999fb700_0 .net "firstBit_AND_secondBit", 0 0, L_000001fc99a22080;  1 drivers
v000001fc999fb7a0_0 .net "firstBit_xor_secondBit", 0 0, L_000001fc99a21520;  1 drivers
v000001fc999fb840_0 .net "secondBit", 0 0, L_000001fc99a21590;  1 drivers
v000001fc999fbca0_0 .net "secondBit_AND_Cin", 0 0, L_000001fc99a222b0;  1 drivers
S_000001fc999feb70 .scope module, "fa2" "full_adder" 4 27, 5 10 0, S_000001fc99907bf0;
 .timescale -9 -10;
    .port_info 0 /INPUT 1 "firstBit";
    .port_info 1 /INPUT 1 "secondBit";
    .port_info 2 /INPUT 1 "Cin";
    .port_info 3 /OUTPUT 1 "Sum";
    .port_info 4 /OUTPUT 1 "Cout";
L_000001fc99a0f460 .functor XOR 1, L_000001fc99a0fee0, L_000001fc99a0f5b0, C4<0>, C4<0>;
L_000001fc99a0f4d0 .functor XOR 1, L_000001fc99a0f460, L_000001fc99a0c9e0, C4<0>, C4<0>;
L_000001fc99a0f540 .functor AND 1, L_000001fc99a0fee0, L_000001fc99a0f5b0, C4<1>, C4<1>;
L_000001fc99a0f8c0 .functor AND 1, L_000001fc99a0fee0, L_000001fc99a0c9e0, C4<1>, C4<1>;
L_000001fc99a0f0e0 .functor AND 1, L_000001fc99a0f5b0, L_000001fc99a0c9e0, C4<1>, C4<1>;
L_000001fc99a0fa10 .functor OR 1, L_000001fc99a0f540, L_000001fc99a0f8c0, C4<0>, C4<0>;
L_000001fc99a0f380 .functor OR 1, L_000001fc99a0fa10, L_000001fc99a0f0e0, C4<0>, C4<0>;
v000001fc999fbd40_0 .net "Cin", 0 0, L_000001fc99a0c9e0;  1 drivers
v000001fc999fd000_0 .net "Cout", 0 0, L_000001fc99a0f380;  1 drivers
v000001fc999fcec0_0 .net "Sum", 0 0, L_000001fc99a0f4d0;  1 drivers
v000001fc999fce20_0 .net *"_ivl_10", 0 0, L_000001fc99a0fa10;  1 drivers
v000001fc999fc880_0 .net "firstBit", 0 0, L_000001fc99a0fee0;  1 drivers
v000001fc999fde60_0 .net "firstBit_AND_Cin", 0 0, L_000001fc99a0f8c0;  1 drivers
v000001fc999fd280_0 .net "firstBit_AND_secondBit", 0 0, L_000001fc99a0f540;  1 drivers
v000001fc999fd320_0 .net "firstBit_xor_secondBit", 0 0, L_000001fc99a0f460;  1 drivers
v000001fc999fc9c0_0 .net "secondBit", 0 0, L_000001fc99a0f5b0;  1 drivers
v000001fc999fd460_0 .net "secondBit_AND_Cin", 0 0, L_000001fc99a0f0e0;  1 drivers
S_000001fc999fe530 .scope module, "fa20" "full_adder" 4 51, 5 10 0, S_000001fc99907bf0;
 .timescale -9 -10;
    .port_info 0 /INPUT 1 "firstBit";
    .port_info 1 /INPUT 1 "secondBit";
    .port_info 2 /INPUT 1 "Cin";
    .port_info 3 /OUTPUT 1 "Sum";
    .port_info 4 /OUTPUT 1 "Cout";
L_000001fc99a20fe0 .functor XOR 1, L_000001fc99a178b0, L_000001fc99a210c0, C4<0>, C4<0>;
L_000001fc99a224e0 .functor XOR 1, L_000001fc99a20fe0, L_000001fc99a17310, C4<0>, C4<0>;
L_000001fc99a21bb0 .functor AND 1, L_000001fc99a178b0, L_000001fc99a210c0, C4<1>, C4<1>;
L_000001fc99a20d40 .functor AND 1, L_000001fc99a178b0, L_000001fc99a17310, C4<1>, C4<1>;
L_000001fc99a21600 .functor AND 1, L_000001fc99a210c0, L_000001fc99a17310, C4<1>, C4<1>;
L_000001fc99a221d0 .functor OR 1, L_000001fc99a21bb0, L_000001fc99a20d40, C4<0>, C4<0>;
L_000001fc99a21670 .functor OR 1, L_000001fc99a221d0, L_000001fc99a21600, C4<0>, C4<0>;
v000001fc999fd0a0_0 .net "Cin", 0 0, L_000001fc99a17310;  1 drivers
v000001fc999fdf00_0 .net "Cout", 0 0, L_000001fc99a21670;  1 drivers
v000001fc999fdbe0_0 .net "Sum", 0 0, L_000001fc99a224e0;  1 drivers
v000001fc999fcb00_0 .net *"_ivl_10", 0 0, L_000001fc99a221d0;  1 drivers
v000001fc999fd820_0 .net "firstBit", 0 0, L_000001fc99a178b0;  1 drivers
v000001fc999fca60_0 .net "firstBit_AND_Cin", 0 0, L_000001fc99a20d40;  1 drivers
v000001fc999fdb40_0 .net "firstBit_AND_secondBit", 0 0, L_000001fc99a21bb0;  1 drivers
v000001fc999fd6e0_0 .net "firstBit_xor_secondBit", 0 0, L_000001fc99a20fe0;  1 drivers
v000001fc999fdc80_0 .net "secondBit", 0 0, L_000001fc99a210c0;  1 drivers
v000001fc999fcce0_0 .net "secondBit_AND_Cin", 0 0, L_000001fc99a21600;  1 drivers
S_000001fc999fed00 .scope module, "fa24" "full_adder" 4 55, 5 10 0, S_000001fc99907bf0;
 .timescale -9 -10;
    .port_info 0 /INPUT 1 "firstBit";
    .port_info 1 /INPUT 1 "secondBit";
    .port_info 2 /INPUT 1 "Cin";
    .port_info 3 /OUTPUT 1 "Sum";
    .port_info 4 /OUTPUT 1 "Cout";
L_000001fc99a21130 .functor XOR 1, L_000001fc99a18ad0, L_000001fc99a21a60, C4<0>, C4<0>;
L_000001fc99a211a0 .functor XOR 1, L_000001fc99a21130, L_000001fc99a16e10, C4<0>, C4<0>;
L_000001fc99a21750 .functor AND 1, L_000001fc99a18ad0, L_000001fc99a21a60, C4<1>, C4<1>;
L_000001fc99a20db0 .functor AND 1, L_000001fc99a18ad0, L_000001fc99a16e10, C4<1>, C4<1>;
L_000001fc99a21830 .functor AND 1, L_000001fc99a21a60, L_000001fc99a16e10, C4<1>, C4<1>;
L_000001fc99a218a0 .functor OR 1, L_000001fc99a21750, L_000001fc99a20db0, C4<0>, C4<0>;
L_000001fc99a22470 .functor OR 1, L_000001fc99a218a0, L_000001fc99a21830, C4<0>, C4<0>;
v000001fc999fd3c0_0 .net "Cin", 0 0, L_000001fc99a16e10;  1 drivers
v000001fc999fcba0_0 .net "Cout", 0 0, L_000001fc99a22470;  1 drivers
v000001fc999fcc40_0 .net "Sum", 0 0, L_000001fc99a211a0;  1 drivers
v000001fc999fddc0_0 .net *"_ivl_10", 0 0, L_000001fc99a218a0;  1 drivers
v000001fc999fdd20_0 .net "firstBit", 0 0, L_000001fc99a18ad0;  1 drivers
v000001fc999fd780_0 .net "firstBit_AND_Cin", 0 0, L_000001fc99a20db0;  1 drivers
v000001fc999fc920_0 .net "firstBit_AND_secondBit", 0 0, L_000001fc99a21750;  1 drivers
v000001fc999fd8c0_0 .net "firstBit_xor_secondBit", 0 0, L_000001fc99a21130;  1 drivers
v000001fc999fd960_0 .net "secondBit", 0 0, L_000001fc99a21a60;  1 drivers
v000001fc999fcf60_0 .net "secondBit_AND_Cin", 0 0, L_000001fc99a21830;  1 drivers
S_000001fc999fee90 .scope module, "fa25" "full_adder" 4 56, 5 10 0, S_000001fc99907bf0;
 .timescale -9 -10;
    .port_info 0 /INPUT 1 "firstBit";
    .port_info 1 /INPUT 1 "secondBit";
    .port_info 2 /INPUT 1 "Cin";
    .port_info 3 /OUTPUT 1 "Sum";
    .port_info 4 /OUTPUT 1 "Cout";
L_000001fc99a21c20 .functor XOR 1, L_000001fc99a17630, L_000001fc99a21d00, C4<0>, C4<0>;
L_000001fc99a21910 .functor XOR 1, L_000001fc99a21c20, L_000001fc99a16d70, C4<0>, C4<0>;
L_000001fc99a21980 .functor AND 1, L_000001fc99a17630, L_000001fc99a21d00, C4<1>, C4<1>;
L_000001fc99a209c0 .functor AND 1, L_000001fc99a17630, L_000001fc99a16d70, C4<1>, C4<1>;
L_000001fc99a21b40 .functor AND 1, L_000001fc99a21d00, L_000001fc99a16d70, C4<1>, C4<1>;
L_000001fc99a20a30 .functor OR 1, L_000001fc99a21980, L_000001fc99a209c0, C4<0>, C4<0>;
L_000001fc99a21c90 .functor OR 1, L_000001fc99a20a30, L_000001fc99a21b40, C4<0>, C4<0>;
v000001fc999fd500_0 .net "Cin", 0 0, L_000001fc99a16d70;  1 drivers
v000001fc999fcd80_0 .net "Cout", 0 0, L_000001fc99a21c90;  1 drivers
v000001fc999fda00_0 .net "Sum", 0 0, L_000001fc99a21910;  1 drivers
v000001fc999fd140_0 .net *"_ivl_10", 0 0, L_000001fc99a20a30;  1 drivers
v000001fc999fdaa0_0 .net "firstBit", 0 0, L_000001fc99a17630;  1 drivers
v000001fc999fd1e0_0 .net "firstBit_AND_Cin", 0 0, L_000001fc99a209c0;  1 drivers
v000001fc999fd5a0_0 .net "firstBit_AND_secondBit", 0 0, L_000001fc99a21980;  1 drivers
v000001fc999fd640_0 .net "firstBit_xor_secondBit", 0 0, L_000001fc99a21c20;  1 drivers
v000001fc99a02af0_0 .net "secondBit", 0 0, L_000001fc99a21d00;  1 drivers
v000001fc99a02910_0 .net "secondBit_AND_Cin", 0 0, L_000001fc99a21b40;  1 drivers
S_000001fc999fe210 .scope module, "fa3" "full_adder" 4 28, 5 10 0, S_000001fc99907bf0;
 .timescale -9 -10;
    .port_info 0 /INPUT 1 "firstBit";
    .port_info 1 /INPUT 1 "secondBit";
    .port_info 2 /INPUT 1 "Cin";
    .port_info 3 /OUTPUT 1 "Sum";
    .port_info 4 /OUTPUT 1 "Cout";
L_000001fc99a0fbd0 .functor XOR 1, L_000001fc99a0f690, L_000001fc99a0f770, C4<0>, C4<0>;
L_000001fc99a0ff50 .functor XOR 1, L_000001fc99a0fbd0, L_000001fc99a15fb0, C4<0>, C4<0>;
L_000001fc99a0ffc0 .functor AND 1, L_000001fc99a0f690, L_000001fc99a0f770, C4<1>, C4<1>;
L_000001fc99a0f930 .functor AND 1, L_000001fc99a0f690, L_000001fc99a15fb0, C4<1>, C4<1>;
L_000001fc99a0fa80 .functor AND 1, L_000001fc99a0f770, L_000001fc99a15fb0, C4<1>, C4<1>;
L_000001fc99a0fd90 .functor OR 1, L_000001fc99a0ffc0, L_000001fc99a0f930, C4<0>, C4<0>;
L_000001fc99a0f620 .functor OR 1, L_000001fc99a0fd90, L_000001fc99a0fa80, C4<0>, C4<0>;
v000001fc99a01c90_0 .net "Cin", 0 0, L_000001fc99a15fb0;  1 drivers
v000001fc99a02cd0_0 .net "Cout", 0 0, L_000001fc99a0f620;  1 drivers
v000001fc99a034f0_0 .net "Sum", 0 0, L_000001fc99a0ff50;  1 drivers
v000001fc99a01970_0 .net *"_ivl_10", 0 0, L_000001fc99a0fd90;  1 drivers
v000001fc99a033b0_0 .net "firstBit", 0 0, L_000001fc99a0f690;  1 drivers
v000001fc99a02d70_0 .net "firstBit_AND_Cin", 0 0, L_000001fc99a0f930;  1 drivers
v000001fc99a01510_0 .net "firstBit_AND_secondBit", 0 0, L_000001fc99a0ffc0;  1 drivers
v000001fc99a011f0_0 .net "firstBit_xor_secondBit", 0 0, L_000001fc99a0fbd0;  1 drivers
v000001fc99a01dd0_0 .net "secondBit", 0 0, L_000001fc99a0f770;  1 drivers
v000001fc99a031d0_0 .net "secondBit_AND_Cin", 0 0, L_000001fc99a0fa80;  1 drivers
S_000001fc999fe3a0 .scope module, "fa30" "full_adder" 4 60, 5 10 0, S_000001fc99907bf0;
 .timescale -9 -10;
    .port_info 0 /INPUT 1 "firstBit";
    .port_info 1 /INPUT 1 "secondBit";
    .port_info 2 /INPUT 1 "Cin";
    .port_info 3 /OUTPUT 1 "Sum";
    .port_info 4 /OUTPUT 1 "Cout";
L_000001fc99a226a0 .functor XOR 1, L_000001fc99a16c30, L_000001fc99a225c0, C4<0>, C4<0>;
L_000001fc99a22710 .functor XOR 1, L_000001fc99a226a0, L_000001fc99a18fd0, C4<0>, C4<0>;
L_000001fc99a22780 .functor AND 1, L_000001fc99a16c30, L_000001fc99a225c0, C4<1>, C4<1>;
L_000001fc99a227f0 .functor AND 1, L_000001fc99a16c30, L_000001fc99a18fd0, C4<1>, C4<1>;
L_000001fc99a22550 .functor AND 1, L_000001fc99a225c0, L_000001fc99a18fd0, C4<1>, C4<1>;
L_000001fc99a22630 .functor OR 1, L_000001fc99a22780, L_000001fc99a227f0, C4<0>, C4<0>;
L_000001fc99a22860 .functor OR 1, L_000001fc99a22630, L_000001fc99a22550, C4<0>, C4<0>;
v000001fc99a02870_0 .net "Cin", 0 0, L_000001fc99a18fd0;  1 drivers
v000001fc99a03270_0 .net "Cout", 0 0, L_000001fc99a22860;  1 drivers
v000001fc99a03450_0 .net "Sum", 0 0, L_000001fc99a22710;  1 drivers
v000001fc99a02b90_0 .net *"_ivl_10", 0 0, L_000001fc99a22630;  1 drivers
v000001fc99a03590_0 .net "firstBit", 0 0, L_000001fc99a16c30;  1 drivers
v000001fc99a022d0_0 .net "firstBit_AND_Cin", 0 0, L_000001fc99a227f0;  1 drivers
v000001fc99a03310_0 .net "firstBit_AND_secondBit", 0 0, L_000001fc99a22780;  1 drivers
v000001fc99a02a50_0 .net "firstBit_xor_secondBit", 0 0, L_000001fc99a226a0;  1 drivers
v000001fc99a03630_0 .net "secondBit", 0 0, L_000001fc99a225c0;  1 drivers
v000001fc99a02f50_0 .net "secondBit_AND_Cin", 0 0, L_000001fc99a22550;  1 drivers
S_000001fc999fe080 .scope module, "fa4" "full_adder" 4 29, 5 10 0, S_000001fc99907bf0;
 .timescale -9 -10;
    .port_info 0 /INPUT 1 "firstBit";
    .port_info 1 /INPUT 1 "secondBit";
    .port_info 2 /INPUT 1 "Cin";
    .port_info 3 /OUTPUT 1 "Sum";
    .port_info 4 /OUTPUT 1 "Cout";
L_000001fc99a0fe00 .functor XOR 1, L_000001fc99a0f230, L_000001fc99a1e120, C4<0>, C4<0>;
L_000001fc99a0f9a0 .functor XOR 1, L_000001fc99a0fe00, L_000001fc99a15470, C4<0>, C4<0>;
L_000001fc99a0faf0 .functor AND 1, L_000001fc99a0f230, L_000001fc99a1e120, C4<1>, C4<1>;
L_000001fc99a0fb60 .functor AND 1, L_000001fc99a0f230, L_000001fc99a15470, C4<1>, C4<1>;
L_000001fc99a0fe70 .functor AND 1, L_000001fc99a1e120, L_000001fc99a15470, C4<1>, C4<1>;
L_000001fc99a0f150 .functor OR 1, L_000001fc99a0faf0, L_000001fc99a0fb60, C4<0>, C4<0>;
L_000001fc99a0f1c0 .functor OR 1, L_000001fc99a0f150, L_000001fc99a0fe70, C4<0>, C4<0>;
v000001fc99a029b0_0 .net "Cin", 0 0, L_000001fc99a15470;  1 drivers
v000001fc99a01650_0 .net "Cout", 0 0, L_000001fc99a0f1c0;  1 drivers
v000001fc99a036d0_0 .net "Sum", 0 0, L_000001fc99a0f9a0;  1 drivers
v000001fc99a02c30_0 .net *"_ivl_10", 0 0, L_000001fc99a0f150;  1 drivers
v000001fc99a018d0_0 .net "firstBit", 0 0, L_000001fc99a0f230;  1 drivers
v000001fc99a01b50_0 .net "firstBit_AND_Cin", 0 0, L_000001fc99a0fb60;  1 drivers
v000001fc99a02410_0 .net "firstBit_AND_secondBit", 0 0, L_000001fc99a0faf0;  1 drivers
v000001fc99a01e70_0 .net "firstBit_xor_secondBit", 0 0, L_000001fc99a0fe00;  1 drivers
v000001fc99a016f0_0 .net "secondBit", 0 0, L_000001fc99a1e120;  1 drivers
v000001fc99a01a10_0 .net "secondBit_AND_Cin", 0 0, L_000001fc99a0fe70;  1 drivers
S_000001fc999fe6c0 .scope module, "fa5" "full_adder" 4 30, 5 10 0, S_000001fc99907bf0;
 .timescale -9 -10;
    .port_info 0 /INPUT 1 "firstBit";
    .port_info 1 /INPUT 1 "secondBit";
    .port_info 2 /INPUT 1 "Cin";
    .port_info 3 /OUTPUT 1 "Sum";
    .port_info 4 /OUTPUT 1 "Cout";
L_000001fc99a1e4a0 .functor XOR 1, L_000001fc99a1f620, L_000001fc99a1e190, C4<0>, C4<0>;
L_000001fc99a1ea50 .functor XOR 1, L_000001fc99a1e4a0, L_000001fc99a164b0, C4<0>, C4<0>;
L_000001fc99a1eba0 .functor AND 1, L_000001fc99a1f620, L_000001fc99a1e190, C4<1>, C4<1>;
L_000001fc99a1e350 .functor AND 1, L_000001fc99a1f620, L_000001fc99a164b0, C4<1>, C4<1>;
L_000001fc99a1f540 .functor AND 1, L_000001fc99a1e190, L_000001fc99a164b0, C4<1>, C4<1>;
L_000001fc99a1f9a0 .functor OR 1, L_000001fc99a1eba0, L_000001fc99a1e350, C4<0>, C4<0>;
L_000001fc99a1fa80 .functor OR 1, L_000001fc99a1f9a0, L_000001fc99a1f540, C4<0>, C4<0>;
v000001fc99a03770_0 .net "Cin", 0 0, L_000001fc99a164b0;  1 drivers
v000001fc99a02e10_0 .net "Cout", 0 0, L_000001fc99a1fa80;  1 drivers
v000001fc99a02730_0 .net "Sum", 0 0, L_000001fc99a1ea50;  1 drivers
v000001fc99a03810_0 .net *"_ivl_10", 0 0, L_000001fc99a1f9a0;  1 drivers
v000001fc99a02eb0_0 .net "firstBit", 0 0, L_000001fc99a1f620;  1 drivers
v000001fc99a01790_0 .net "firstBit_AND_Cin", 0 0, L_000001fc99a1e350;  1 drivers
v000001fc99a015b0_0 .net "firstBit_AND_secondBit", 0 0, L_000001fc99a1eba0;  1 drivers
v000001fc99a02ff0_0 .net "firstBit_xor_secondBit", 0 0, L_000001fc99a1e4a0;  1 drivers
v000001fc99a010b0_0 .net "secondBit", 0 0, L_000001fc99a1e190;  1 drivers
v000001fc99a02190_0 .net "secondBit_AND_Cin", 0 0, L_000001fc99a1f540;  1 drivers
S_000001fc99a06cd0 .scope module, "fa6" "full_adder" 4 34, 5 10 0, S_000001fc99907bf0;
 .timescale -9 -10;
    .port_info 0 /INPUT 1 "firstBit";
    .port_info 1 /INPUT 1 "secondBit";
    .port_info 2 /INPUT 1 "Cin";
    .port_info 3 /OUTPUT 1 "Sum";
    .port_info 4 /OUTPUT 1 "Cout";
L_000001fc99a1e890 .functor XOR 1, L_000001fc99a14e30, L_000001fc99a1e970, C4<0>, C4<0>;
L_000001fc99a1f310 .functor XOR 1, L_000001fc99a1e890, L_000001fc99a16550, C4<0>, C4<0>;
L_000001fc99a1e9e0 .functor AND 1, L_000001fc99a14e30, L_000001fc99a1e970, C4<1>, C4<1>;
L_000001fc99a1fa10 .functor AND 1, L_000001fc99a14e30, L_000001fc99a16550, C4<1>, C4<1>;
L_000001fc99a1e510 .functor AND 1, L_000001fc99a1e970, L_000001fc99a16550, C4<1>, C4<1>;
L_000001fc99a1e270 .functor OR 1, L_000001fc99a1e9e0, L_000001fc99a1fa10, C4<0>, C4<0>;
L_000001fc99a1f690 .functor OR 1, L_000001fc99a1e270, L_000001fc99a1e510, C4<0>, C4<0>;
v000001fc99a03090_0 .net "Cin", 0 0, L_000001fc99a16550;  1 drivers
v000001fc99a01150_0 .net "Cout", 0 0, L_000001fc99a1f690;  1 drivers
v000001fc99a027d0_0 .net "Sum", 0 0, L_000001fc99a1f310;  1 drivers
v000001fc99a01290_0 .net *"_ivl_10", 0 0, L_000001fc99a1e270;  1 drivers
v000001fc99a01830_0 .net "firstBit", 0 0, L_000001fc99a14e30;  1 drivers
v000001fc99a01f10_0 .net "firstBit_AND_Cin", 0 0, L_000001fc99a1fa10;  1 drivers
v000001fc99a02230_0 .net "firstBit_AND_secondBit", 0 0, L_000001fc99a1e9e0;  1 drivers
v000001fc99a03130_0 .net "firstBit_xor_secondBit", 0 0, L_000001fc99a1e890;  1 drivers
v000001fc99a01ab0_0 .net "secondBit", 0 0, L_000001fc99a1e970;  1 drivers
v000001fc99a024b0_0 .net "secondBit_AND_Cin", 0 0, L_000001fc99a1e510;  1 drivers
S_000001fc99a056f0 .scope module, "fa7" "full_adder" 4 35, 5 10 0, S_000001fc99907bf0;
 .timescale -9 -10;
    .port_info 0 /INPUT 1 "firstBit";
    .port_info 1 /INPUT 1 "secondBit";
    .port_info 2 /INPUT 1 "Cin";
    .port_info 3 /OUTPUT 1 "Sum";
    .port_info 4 /OUTPUT 1 "Cout";
L_000001fc99a1e580 .functor XOR 1, L_000001fc99a14c50, L_000001fc99a1e430, C4<0>, C4<0>;
L_000001fc99a1e2e0 .functor XOR 1, L_000001fc99a1e580, L_000001fc99a14930, C4<0>, C4<0>;
L_000001fc99a1f700 .functor AND 1, L_000001fc99a14c50, L_000001fc99a1e430, C4<1>, C4<1>;
L_000001fc99a1eac0 .functor AND 1, L_000001fc99a14c50, L_000001fc99a14930, C4<1>, C4<1>;
L_000001fc99a1eb30 .functor AND 1, L_000001fc99a1e430, L_000001fc99a14930, C4<1>, C4<1>;
L_000001fc99a1f8c0 .functor OR 1, L_000001fc99a1f700, L_000001fc99a1eac0, C4<0>, C4<0>;
L_000001fc99a1f000 .functor OR 1, L_000001fc99a1f8c0, L_000001fc99a1eb30, C4<0>, C4<0>;
v000001fc99a01bf0_0 .net "Cin", 0 0, L_000001fc99a14930;  1 drivers
v000001fc99a01fb0_0 .net "Cout", 0 0, L_000001fc99a1f000;  1 drivers
v000001fc99a01330_0 .net "Sum", 0 0, L_000001fc99a1e2e0;  1 drivers
v000001fc99a013d0_0 .net *"_ivl_10", 0 0, L_000001fc99a1f8c0;  1 drivers
v000001fc99a01d30_0 .net "firstBit", 0 0, L_000001fc99a14c50;  1 drivers
v000001fc99a01470_0 .net "firstBit_AND_Cin", 0 0, L_000001fc99a1eac0;  1 drivers
v000001fc99a02050_0 .net "firstBit_AND_secondBit", 0 0, L_000001fc99a1f700;  1 drivers
v000001fc99a020f0_0 .net "firstBit_xor_secondBit", 0 0, L_000001fc99a1e580;  1 drivers
v000001fc99a02370_0 .net "secondBit", 0 0, L_000001fc99a1e430;  1 drivers
v000001fc99a02550_0 .net "secondBit_AND_Cin", 0 0, L_000001fc99a1eb30;  1 drivers
S_000001fc99a05a10 .scope module, "fa8" "full_adder" 4 36, 5 10 0, S_000001fc99907bf0;
 .timescale -9 -10;
    .port_info 0 /INPUT 1 "firstBit";
    .port_info 1 /INPUT 1 "secondBit";
    .port_info 2 /INPUT 1 "Cin";
    .port_info 3 /OUTPUT 1 "Sum";
    .port_info 4 /OUTPUT 1 "Cout";
L_000001fc99a1e6d0 .functor XOR 1, L_000001fc99a144d0, L_000001fc99a1f930, C4<0>, C4<0>;
L_000001fc99a1ec80 .functor XOR 1, L_000001fc99a1e6d0, L_000001fc99a151f0, C4<0>, C4<0>;
L_000001fc99a1e740 .functor AND 1, L_000001fc99a144d0, L_000001fc99a1f930, C4<1>, C4<1>;
L_000001fc99a1ec10 .functor AND 1, L_000001fc99a144d0, L_000001fc99a151f0, C4<1>, C4<1>;
L_000001fc99a1f7e0 .functor AND 1, L_000001fc99a1f930, L_000001fc99a151f0, C4<1>, C4<1>;
L_000001fc99a1f770 .functor OR 1, L_000001fc99a1e740, L_000001fc99a1ec10, C4<0>, C4<0>;
L_000001fc99a1f4d0 .functor OR 1, L_000001fc99a1f770, L_000001fc99a1f7e0, C4<0>, C4<0>;
v000001fc99a025f0_0 .net "Cin", 0 0, L_000001fc99a151f0;  1 drivers
v000001fc99a02690_0 .net "Cout", 0 0, L_000001fc99a1f4d0;  1 drivers
v000001fc99a04210_0 .net "Sum", 0 0, L_000001fc99a1ec80;  1 drivers
v000001fc99a04df0_0 .net *"_ivl_10", 0 0, L_000001fc99a1f770;  1 drivers
v000001fc99a038b0_0 .net "firstBit", 0 0, L_000001fc99a144d0;  1 drivers
v000001fc99a04030_0 .net "firstBit_AND_Cin", 0 0, L_000001fc99a1ec10;  1 drivers
v000001fc99a04170_0 .net "firstBit_AND_secondBit", 0 0, L_000001fc99a1e740;  1 drivers
v000001fc99a042b0_0 .net "firstBit_xor_secondBit", 0 0, L_000001fc99a1e6d0;  1 drivers
v000001fc99a04f30_0 .net "secondBit", 0 0, L_000001fc99a1f930;  1 drivers
v000001fc99a04710_0 .net "secondBit_AND_Cin", 0 0, L_000001fc99a1f7e0;  1 drivers
S_000001fc99a061e0 .scope module, "fa9" "full_adder" 4 37, 5 10 0, S_000001fc99907bf0;
 .timescale -9 -10;
    .port_info 0 /INPUT 1 "firstBit";
    .port_info 1 /INPUT 1 "secondBit";
    .port_info 2 /INPUT 1 "Cin";
    .port_info 3 /OUTPUT 1 "Sum";
    .port_info 4 /OUTPUT 1 "Cout";
L_000001fc99a1faf0 .functor XOR 1, L_000001fc99a146b0, L_000001fc99a1f1c0, C4<0>, C4<0>;
L_000001fc99a1e5f0 .functor XOR 1, L_000001fc99a1faf0, L_000001fc99a15150, C4<0>, C4<0>;
L_000001fc99a1f230 .functor AND 1, L_000001fc99a146b0, L_000001fc99a1f1c0, C4<1>, C4<1>;
L_000001fc99a1fb60 .functor AND 1, L_000001fc99a146b0, L_000001fc99a15150, C4<1>, C4<1>;
L_000001fc99a1ed60 .functor AND 1, L_000001fc99a1f1c0, L_000001fc99a15150, C4<1>, C4<1>;
L_000001fc99a1f150 .functor OR 1, L_000001fc99a1f230, L_000001fc99a1fb60, C4<0>, C4<0>;
L_000001fc99a1f5b0 .functor OR 1, L_000001fc99a1f150, L_000001fc99a1ed60, C4<0>, C4<0>;
v000001fc99a04490_0 .net "Cin", 0 0, L_000001fc99a15150;  1 drivers
v000001fc99a040d0_0 .net "Cout", 0 0, L_000001fc99a1f5b0;  1 drivers
v000001fc99a03a90_0 .net "Sum", 0 0, L_000001fc99a1e5f0;  1 drivers
v000001fc99a03b30_0 .net *"_ivl_10", 0 0, L_000001fc99a1f150;  1 drivers
v000001fc99a045d0_0 .net "firstBit", 0 0, L_000001fc99a146b0;  1 drivers
v000001fc99a04e90_0 .net "firstBit_AND_Cin", 0 0, L_000001fc99a1fb60;  1 drivers
v000001fc99a047b0_0 .net "firstBit_AND_secondBit", 0 0, L_000001fc99a1f230;  1 drivers
v000001fc99a04670_0 .net "firstBit_xor_secondBit", 0 0, L_000001fc99a1faf0;  1 drivers
v000001fc99a04350_0 .net "secondBit", 0 0, L_000001fc99a1f1c0;  1 drivers
v000001fc99a03f90_0 .net "secondBit_AND_Cin", 0 0, L_000001fc99a1ed60;  1 drivers
S_000001fc99a05560 .scope module, "ha0" "half_adder" 4 24, 5 30 0, S_000001fc99907bf0;
 .timescale -9 -10;
    .port_info 0 /INPUT 1 "firstBit";
    .port_info 1 /INPUT 1 "secondBit";
    .port_info 2 /OUTPUT 1 "Sum";
    .port_info 3 /OUTPUT 1 "Carry";
L_000001fc9998ad50 .functor XOR 1, L_000001fc9998a3b0, L_000001fc99989ee0, C4<0>, C4<0>;
L_000001fc9998a490 .functor AND 1, L_000001fc9998a3b0, L_000001fc99989ee0, C4<1>, C4<1>;
v000001fc99a03d10_0 .net "Carry", 0 0, L_000001fc9998a490;  1 drivers
v000001fc99a039f0_0 .net "Sum", 0 0, L_000001fc9998ad50;  1 drivers
v000001fc99a04530_0 .net "firstBit", 0 0, L_000001fc9998a3b0;  1 drivers
v000001fc99a048f0_0 .net "secondBit", 0 0, L_000001fc99989ee0;  1 drivers
S_000001fc99a05880 .scope module, "ha10" "half_adder" 4 59, 5 30 0, S_000001fc99907bf0;
 .timescale -9 -10;
    .port_info 0 /INPUT 1 "firstBit";
    .port_info 1 /INPUT 1 "secondBit";
    .port_info 2 /OUTPUT 1 "Sum";
    .port_info 3 /OUTPUT 1 "Carry";
L_000001fc99a21d70 .functor XOR 1, L_000001fc99a17bd0, L_000001fc99a20b10, C4<0>, C4<0>;
L_000001fc99a21de0 .functor AND 1, L_000001fc99a17bd0, L_000001fc99a20b10, C4<1>, C4<1>;
v000001fc99a043f0_0 .net "Carry", 0 0, L_000001fc99a21de0;  1 drivers
v000001fc99a03e50_0 .net "Sum", 0 0, L_000001fc99a21d70;  1 drivers
v000001fc99a04850_0 .net "firstBit", 0 0, L_000001fc99a17bd0;  1 drivers
v000001fc99a03ef0_0 .net "secondBit", 0 0, L_000001fc99a20b10;  1 drivers
S_000001fc99a06820 .scope module, "ha12" "half_adder" 4 63, 5 30 0, S_000001fc99907bf0;
 .timescale -9 -10;
    .port_info 0 /INPUT 1 "firstBit";
    .port_info 1 /INPUT 1 "secondBit";
    .port_info 2 /OUTPUT 1 "Sum";
    .port_info 3 /OUTPUT 1 "Carry";
L_000001fc99a26500 .functor XOR 1, L_000001fc99a18a30, L_000001fc99a24c80, C4<0>, C4<0>;
L_000001fc99a25150 .functor AND 1, L_000001fc99a18a30, L_000001fc99a24c80, C4<1>, C4<1>;
v000001fc99a03950_0 .net "Carry", 0 0, L_000001fc99a25150;  1 drivers
v000001fc99a04990_0 .net "Sum", 0 0, L_000001fc99a26500;  1 drivers
v000001fc99a03bd0_0 .net "firstBit", 0 0, L_000001fc99a18a30;  1 drivers
v000001fc99a04a30_0 .net "secondBit", 0 0, L_000001fc99a24c80;  1 drivers
S_000001fc99a05ba0 .scope module, "ha2" "half_adder" 4 33, 5 30 0, S_000001fc99907bf0;
 .timescale -9 -10;
    .port_info 0 /INPUT 1 "firstBit";
    .port_info 1 /INPUT 1 "secondBit";
    .port_info 2 /OUTPUT 1 "Sum";
    .port_info 3 /OUTPUT 1 "Carry";
L_000001fc99a1ef90 .functor XOR 1, L_000001fc99a16410, L_000001fc99a1ecf0, C4<0>, C4<0>;
L_000001fc99a1f850 .functor AND 1, L_000001fc99a16410, L_000001fc99a1ecf0, C4<1>, C4<1>;
v000001fc99a04ad0_0 .net "Carry", 0 0, L_000001fc99a1f850;  1 drivers
v000001fc99a04cb0_0 .net "Sum", 0 0, L_000001fc99a1ef90;  1 drivers
v000001fc99a03c70_0 .net "firstBit", 0 0, L_000001fc99a16410;  1 drivers
v000001fc99a04b70_0 .net "secondBit", 0 0, L_000001fc99a1ecf0;  1 drivers
S_000001fc99a05d30 .scope module, "ha4" "half_adder" 4 41, 5 30 0, S_000001fc99907bf0;
 .timescale -9 -10;
    .port_info 0 /INPUT 1 "firstBit";
    .port_info 1 /INPUT 1 "secondBit";
    .port_info 2 /OUTPUT 1 "Sum";
    .port_info 3 /OUTPUT 1 "Carry";
L_000001fc99a1e7b0 .functor XOR 1, L_000001fc99a147f0, L_000001fc99a1e3c0, C4<0>, C4<0>;
L_000001fc99a1ee40 .functor AND 1, L_000001fc99a147f0, L_000001fc99a1e3c0, C4<1>, C4<1>;
v000001fc99a04c10_0 .net "Carry", 0 0, L_000001fc99a1ee40;  1 drivers
v000001fc99a04d50_0 .net "Sum", 0 0, L_000001fc99a1e7b0;  1 drivers
v000001fc99a03db0_0 .net "firstBit", 0 0, L_000001fc99a147f0;  1 drivers
v000001fc99a0a050_0 .net "secondBit", 0 0, L_000001fc99a1e3c0;  1 drivers
S_000001fc99a06e60 .scope module, "ha6" "half_adder" 4 48, 5 30 0, S_000001fc99907bf0;
 .timescale -9 -10;
    .port_info 0 /INPUT 1 "firstBit";
    .port_info 1 /INPUT 1 "secondBit";
    .port_info 2 /OUTPUT 1 "Sum";
    .port_info 3 /OUTPUT 1 "Carry";
L_000001fc99a21f30 .functor XOR 1, L_000001fc99a14250, L_000001fc99a22320, C4<0>, C4<0>;
L_000001fc99a22390 .functor AND 1, L_000001fc99a14250, L_000001fc99a22320, C4<1>, C4<1>;
v000001fc99a0a230_0 .net "Carry", 0 0, L_000001fc99a22390;  1 drivers
v000001fc99a0a190_0 .net "Sum", 0 0, L_000001fc99a21f30;  1 drivers
v000001fc99a0aa50_0 .net "firstBit", 0 0, L_000001fc99a14250;  1 drivers
v000001fc99a0a4b0_0 .net "secondBit", 0 0, L_000001fc99a22320;  1 drivers
S_000001fc99a06050 .scope module, "ha8" "half_adder" 4 54, 5 30 0, S_000001fc99907bf0;
 .timescale -9 -10;
    .port_info 0 /INPUT 1 "firstBit";
    .port_info 1 /INPUT 1 "secondBit";
    .port_info 2 /OUTPUT 1 "Sum";
    .port_info 3 /OUTPUT 1 "Carry";
L_000001fc99a213d0 .functor XOR 1, L_000001fc99a183f0, L_000001fc99a22240, C4<0>, C4<0>;
L_000001fc99a22160 .functor AND 1, L_000001fc99a183f0, L_000001fc99a22240, C4<1>, C4<1>;
v000001fc99a0ab90_0 .net "Carry", 0 0, L_000001fc99a22160;  1 drivers
v000001fc99a0ad70_0 .net "Sum", 0 0, L_000001fc99a213d0;  1 drivers
v000001fc99a098d0_0 .net "firstBit", 0 0, L_000001fc99a183f0;  1 drivers
v000001fc99a0aeb0_0 .net "secondBit", 0 0, L_000001fc99a22240;  1 drivers
S_000001fc99a06500 .scope module, "or_uni" "OR" 2 39, 2 132 0, S_000001fc998d4290;
 .timescale -9 -10;
    .port_info 0 /INPUT 8 "DATA1";
    .port_info 1 /INPUT 8 "DATA2";
    .port_info 2 /OUTPUT 8 "RESULT";
v000001fc99a0e560_0 .net "DATA1", 7 0, o000001fc999a1618;  alias, 0 drivers
v000001fc99a0ec40_0 .net "DATA2", 7 0, o000001fc999a1648;  alias, 0 drivers
v000001fc99a0dac0_0 .var "RESULT", 7 0;
S_000001fc99a050b0 .scope module, "rotateRight_uni" "ROTATE_RIGHT" 2 63, 2 183 0, S_000001fc998d4290;
 .timescale -9 -10;
    .port_info 0 /INPUT 8 "OPERAND";
    .port_info 1 /INPUT 8 "SHAMT";
    .port_info 2 /OUTPUT 8 "RESULT";
v000001fc99a0e9c0_0 .net/s "OPERAND", 7 0, o000001fc999a1618;  alias, 0 drivers
v000001fc99a0ea60_0 .var/s "RESULT", 7 0;
v000001fc99a0ed80_0 .net/s "SHAMT", 7 0, o000001fc999a1648;  alias, 0 drivers
v000001fc99a0da20_0 .net *"_ivl_1", 0 0, L_000001fc99a18350;  1 drivers
v000001fc99a0ee20_0 .net *"_ivl_11", 5 0, L_000001fc99a18b70;  1 drivers
v000001fc99a0eec0_0 .net *"_ivl_17", 3 0, L_000001fc99a18df0;  1 drivers
v000001fc99a0dca0_0 .net *"_ivl_19", 3 0, L_000001fc99a18f30;  1 drivers
v000001fc99a0ef60_0 .net *"_ivl_3", 6 0, L_000001fc99a18670;  1 drivers
v000001fc99a0dd40_0 .net *"_ivl_9", 1 0, L_000001fc99a18850;  1 drivers
v000001fc99a0dde0_0 .net/s "out1", 7 0, v000001fc99a0e380_0;  1 drivers
v000001fc99a0de80_0 .net/s "out2", 7 0, v000001fc99a0e1a0_0;  1 drivers
v000001fc99a0df20_0 .net/s "out3", 7 0, v000001fc99a0e7e0_0;  1 drivers
E_000001fc99980e10 .event anyedge, v000001fc99a0e7e0_0;
L_000001fc99a18350 .part o000001fc999a1618, 0, 1;
L_000001fc99a18670 .part o000001fc999a1618, 1, 7;
L_000001fc99a17ef0 .concat [ 7 1 0 0], L_000001fc99a18670, L_000001fc99a18350;
L_000001fc99a187b0 .part o000001fc999a1648, 0, 1;
L_000001fc99a18850 .part v000001fc99a0e380_0, 0, 2;
L_000001fc99a18b70 .part v000001fc99a0e380_0, 2, 6;
L_000001fc99a18cb0 .concat [ 6 2 0 0], L_000001fc99a18b70, L_000001fc99a18850;
L_000001fc99a18d50 .part o000001fc999a1648, 1, 1;
L_000001fc99a18df0 .part v000001fc99a0e1a0_0, 0, 4;
L_000001fc99a18f30 .part v000001fc99a0e1a0_0, 4, 4;
L_000001fc99a16b90 .concat [ 4 4 0 0], L_000001fc99a18f30, L_000001fc99a18df0;
L_000001fc99a199d0 .part o000001fc999a1648, 2, 1;
S_000001fc99a05ec0 .scope module, "mux1" "mux" 2 191, 3 8 0, S_000001fc99a050b0;
 .timescale -9 -10;
    .port_info 0 /INPUT 8 "IN1";
    .port_info 1 /INPUT 8 "IN2";
    .port_info 2 /INPUT 1 "SELECT";
    .port_info 3 /OUTPUT 8 "OUT";
v000001fc99a0e2e0_0 .net "IN1", 7 0, o000001fc999a1618;  alias, 0 drivers
v000001fc99a0d980_0 .net "IN2", 7 0, L_000001fc99a17ef0;  1 drivers
v000001fc99a0e380_0 .var/s "OUT", 7 0;
v000001fc99a0e4c0_0 .net "SELECT", 0 0, L_000001fc99a187b0;  1 drivers
E_000001fc99981210 .event anyedge, v000001fc99a0e4c0_0, v000001fc99a0d980_0, v000001fc999924a0_0;
S_000001fc99a069b0 .scope module, "mux2" "mux" 2 192, 3 8 0, S_000001fc99a050b0;
 .timescale -9 -10;
    .port_info 0 /INPUT 8 "IN1";
    .port_info 1 /INPUT 8 "IN2";
    .port_info 2 /INPUT 1 "SELECT";
    .port_info 3 /OUTPUT 8 "OUT";
v000001fc99a0e740_0 .net "IN1", 7 0, v000001fc99a0e380_0;  alias, 1 drivers
v000001fc99a0e880_0 .net "IN2", 7 0, L_000001fc99a18cb0;  1 drivers
v000001fc99a0e1a0_0 .var/s "OUT", 7 0;
v000001fc99a0e420_0 .net "SELECT", 0 0, L_000001fc99a18d50;  1 drivers
E_000001fc99980e50 .event anyedge, v000001fc99a0e420_0, v000001fc99a0e880_0, v000001fc99a0e380_0;
S_000001fc99a06370 .scope module, "mux3" "mux" 2 193, 3 8 0, S_000001fc99a050b0;
 .timescale -9 -10;
    .port_info 0 /INPUT 8 "IN1";
    .port_info 1 /INPUT 8 "IN2";
    .port_info 2 /INPUT 1 "SELECT";
    .port_info 3 /OUTPUT 8 "OUT";
v000001fc99a0e600_0 .net "IN1", 7 0, v000001fc99a0e1a0_0;  alias, 1 drivers
v000001fc99a0eba0_0 .net "IN2", 7 0, L_000001fc99a16b90;  1 drivers
v000001fc99a0e7e0_0 .var/s "OUT", 7 0;
v000001fc99a0e920_0 .net "SELECT", 0 0, L_000001fc99a199d0;  1 drivers
E_000001fc99981410 .event anyedge, v000001fc99a0e920_0, v000001fc99a0eba0_0, v000001fc99a0e1a0_0;
S_000001fc99a06690 .scope module, "shiftLeft_uni" "SHIFT_LEFT" 2 51, 2 146 0, S_000001fc998d4290;
 .timescale -9 -10;
    .port_info 0 /INPUT 8 "OPERAND";
    .port_info 1 /INPUT 8 "SHAMT";
    .port_info 2 /OUTPUT 8 "RESULT";
v000001fc99a0c120_0 .net "OPERAND", 7 0, o000001fc999a1618;  alias, 0 drivers
v000001fc99a0b4a0_0 .var/s "RESULT", 7 0;
v000001fc99a0cda0_0 .net "SHAMT", 7 0, o000001fc999a1648;  alias, 0 drivers
v000001fc99a0b9a0_0 .net *"_ivl_1", 6 0, L_000001fc99a17c70;  1 drivers
L_000001fc99a26980 .functor BUFT 1, C4<00>, C4<0>, C4<0>, C4<0>;
v000001fc99a0b5e0_0 .net/2u *"_ivl_10", 1 0, L_000001fc99a26980;  1 drivers
v000001fc99a0ce40_0 .net *"_ivl_17", 3 0, L_000001fc99a16eb0;  1 drivers
L_000001fc99a269c8 .functor BUFT 1, C4<0000>, C4<0>, C4<0>, C4<0>;
v000001fc99a0d200_0 .net/2u *"_ivl_18", 3 0, L_000001fc99a269c8;  1 drivers
L_000001fc99a26938 .functor BUFT 1, C4<0>, C4<0>, C4<0>, C4<0>;
v000001fc99a0c1c0_0 .net/2u *"_ivl_2", 0 0, L_000001fc99a26938;  1 drivers
v000001fc99a0cee0_0 .net *"_ivl_9", 5 0, L_000001fc99a176d0;  1 drivers
v000001fc99a0c760_0 .net "out1", 7 0, v000001fc99a0b860_0;  1 drivers
v000001fc99a0c620_0 .net "out2", 7 0, v000001fc99a0c940_0;  1 drivers
v000001fc99a0cf80_0 .net "out3", 7 0, v000001fc99a0b540_0;  1 drivers
E_000001fc99981c90 .event anyedge, v000001fc99a0b540_0;
L_000001fc99a17c70 .part o000001fc999a1618, 0, 7;
L_000001fc99a16af0 .concat [ 1 7 0 0], L_000001fc99a26938, L_000001fc99a17c70;
L_000001fc99a173b0 .part o000001fc999a1648, 0, 1;
L_000001fc99a176d0 .part o000001fc999a1618, 0, 6;
L_000001fc99a185d0 .concat [ 2 6 0 0], L_000001fc99a26980, L_000001fc99a176d0;
L_000001fc99a16cd0 .part o000001fc999a1648, 1, 1;
L_000001fc99a16eb0 .part o000001fc999a1618, 0, 4;
L_000001fc99a174f0 .concat [ 4 4 0 0], L_000001fc99a269c8, L_000001fc99a16eb0;
L_000001fc99a17590 .part o000001fc999a1648, 2, 1;
S_000001fc99a06b40 .scope module, "mux1" "mux" 2 153, 3 8 0, S_000001fc99a06690;
 .timescale -9 -10;
    .port_info 0 /INPUT 8 "IN1";
    .port_info 1 /INPUT 8 "IN2";
    .port_info 2 /INPUT 1 "SELECT";
    .port_info 3 /OUTPUT 8 "OUT";
v000001fc99a0dfc0_0 .net "IN1", 7 0, o000001fc999a1618;  alias, 0 drivers
v000001fc99a0b2c0_0 .net "IN2", 7 0, L_000001fc99a16af0;  1 drivers
v000001fc99a0b860_0 .var/s "OUT", 7 0;
v000001fc99a0c080_0 .net "SELECT", 0 0, L_000001fc99a173b0;  1 drivers
E_000001fc99981090 .event anyedge, v000001fc99a0c080_0, v000001fc99a0b2c0_0, v000001fc999924a0_0;
S_000001fc99a05240 .scope module, "mux2" "mux" 2 154, 3 8 0, S_000001fc99a06690;
 .timescale -9 -10;
    .port_info 0 /INPUT 8 "IN1";
    .port_info 1 /INPUT 8 "IN2";
    .port_info 2 /INPUT 1 "SELECT";
    .port_info 3 /OUTPUT 8 "OUT";
v000001fc99a0d020_0 .net "IN1", 7 0, v000001fc99a0b860_0;  alias, 1 drivers
v000001fc99a0b400_0 .net "IN2", 7 0, L_000001fc99a185d0;  1 drivers
v000001fc99a0c940_0 .var/s "OUT", 7 0;
v000001fc99a0cd00_0 .net "SELECT", 0 0, L_000001fc99a16cd0;  1 drivers
E_000001fc99981c10 .event anyedge, v000001fc99a0cd00_0, v000001fc99a0b400_0, v000001fc99a0b860_0;
S_000001fc99a053d0 .scope module, "mux3" "mux" 2 155, 3 8 0, S_000001fc99a06690;
 .timescale -9 -10;
    .port_info 0 /INPUT 8 "IN1";
    .port_info 1 /INPUT 8 "IN2";
    .port_info 2 /INPUT 1 "SELECT";
    .port_info 3 /OUTPUT 8 "OUT";
v000001fc99a0be00_0 .net "IN1", 7 0, v000001fc99a0c940_0;  alias, 1 drivers
v000001fc99a0b360_0 .net "IN2", 7 0, L_000001fc99a174f0;  1 drivers
v000001fc99a0b540_0 .var/s "OUT", 7 0;
v000001fc99a0ca80_0 .net "SELECT", 0 0, L_000001fc99a17590;  1 drivers
E_000001fc99981a10 .event anyedge, v000001fc99a0ca80_0, v000001fc99a0b360_0, v000001fc99a0c940_0;
S_000001fc998ed910 .scope module, "mux32bit" "mux32bit" 3 33;
 .timescale -9 -10;
    .port_info 0 /OUTPUT 32 "OUTPUT";
    .port_info 1 /INPUT 32 "DATA1";
    .port_info 2 /INPUT 32 "DATA2";
    .port_info 3 /INPUT 1 "SELECT";
o000001fc999a8578 .functor BUFZ 32, C4<zzzzzzzzzzzzzzzzzzzzzzzzzzzzzzzz>; HiZ drive
v000001fc99a0cb20_0 .net "DATA1", 31 0, o000001fc999a8578;  0 drivers
o000001fc999a85a8 .functor BUFZ 32, C4<zzzzzzzzzzzzzzzzzzzzzzzzzzzzzzzz>; HiZ drive
v000001fc99a0b180_0 .net "DATA2", 31 0, o000001fc999a85a8;  0 drivers
v000001fc99a0bfe0_0 .var "OUTPUT", 31 0;
o000001fc999a8608 .functor BUFZ 1, C4<z>; HiZ drive
v000001fc99a0d700_0 .net "SELECT", 0 0, o000001fc999a8608;  0 drivers
E_000001fc99981bd0 .event anyedge, v000001fc99a0d700_0, v000001fc99a0b180_0, v000001fc99a0cb20_0;
    .scope S_000001fc99907a60;
T_0 ;
    %wait E_000001fc99984390;
    %delay 10, 0;
    %load/vec4 v000001fc9996be90_0;
    %store/vec4 v000001fc9996ce30_0, 0, 8;
    %jmp T_0;
    .thread T_0, $push;
    .scope S_000001fc9988c950;
T_1 ;
    %wait E_000001fc99984c50;
    %delay 20, 0;
    %load/vec4 v000001fc999924a0_0;
    %load/vec4 v000001fc99993c60_0;
    %add;
    %store/vec4 v000001fc99993d00_0, 0, 8;
    %jmp T_1;
    .thread T_1, $push;
    .scope S_000001fc9988cae0;
T_2 ;
    %wait E_000001fc99984c50;
    %delay 10, 0;
    %load/vec4 v000001fc99993440_0;
    %load/vec4 v000001fc999934e0_0;
    %and;
    %store/vec4 v000001fc99992b80_0, 0, 8;
    %jmp T_2;
    .thread T_2, $push;
    .scope S_000001fc99a06500;
T_3 ;
    %wait E_000001fc99984c50;
    %delay 10, 0;
    %load/vec4 v000001fc99a0e560_0;
    %load/vec4 v000001fc99a0ec40_0;
    %or;
    %store/vec4 v000001fc99a0dac0_0, 0, 8;
    %jmp T_3;
    .thread T_3, $push;
    .scope S_000001fc99a06b40;
T_4 ;
    %wait E_000001fc99981090;
    %load/vec4 v000001fc99a0c080_0;
    %cmpi/e 1, 0, 1;
    %jmp/0xz  T_4.0, 4;
    %load/vec4 v000001fc99a0b2c0_0;
    %store/vec4 v000001fc99a0b860_0, 0, 8;
    %jmp T_4.1;
T_4.0 ;
    %load/vec4 v000001fc99a0dfc0_0;
    %store/vec4 v000001fc99a0b860_0, 0, 8;
T_4.1 ;
    %jmp T_4;
    .thread T_4, $push;
    .scope S_000001fc99a05240;
T_5 ;
    %wait E_000001fc99981c10;
    %load/vec4 v000001fc99a0cd00_0;
    %cmpi/e 1, 0, 1;
    %jmp/0xz  T_5.0, 4;
    %load/vec4 v000001fc99a0b400_0;
    %store/vec4 v000001fc99a0c940_0, 0, 8;
    %jmp T_5.1;
T_5.0 ;
    %load/vec4 v000001fc99a0d020_0;
    %store/vec4 v000001fc99a0c940_0, 0, 8;
T_5.1 ;
    %jmp T_5;
    .thread T_5, $push;
    .scope S_000001fc99a053d0;
T_6 ;
    %wait E_000001fc99981a10;
    %load/vec4 v000001fc99a0ca80_0;
    %cmpi/e 1, 0, 1;
    %jmp/0xz  T_6.0, 4;
    %load/vec4 v000001fc99a0b360_0;
    %store/vec4 v000001fc99a0b540_0, 0, 8;
    %jmp T_6.1;
T_6.0 ;
    %load/vec4 v000001fc99a0be00_0;
    %store/vec4 v000001fc99a0b540_0, 0, 8;
T_6.1 ;
    %jmp T_6;
    .thread T_6, $push;
    .scope S_000001fc99a06690;
T_7 ;
    %wait E_000001fc99981c90;
    %delay 10, 0;
    %load/vec4 v000001fc99a0cf80_0;
    %store/vec4 v000001fc99a0b4a0_0, 0, 8;
    %jmp T_7;
    .thread T_7, $push;
    .scope S_000001fc998f1920;
T_8 ;
    %wait E_000001fc99983ed0;
    %load/vec4 v000001fc999920e0_0;
    %cmpi/e 1, 0, 1;
    %jmp/0xz  T_8.0, 4;
    %load/vec4 v000001fc99992a40_0;
    %store/vec4 v000001fc99993620_0, 0, 8;
    %jmp T_8.1;
T_8.0 ;
    %load/vec4 v000001fc99992220_0;
    %store/vec4 v000001fc99993620_0, 0, 8;
T_8.1 ;
    %jmp T_8;
    .thread T_8, $push;
    .scope S_000001fc998fda50;
T_9 ;
    %wait E_000001fc99984010;
    %load/vec4 v000001fc999925e0_0;
    %cmpi/e 1, 0, 1;
    %jmp/0xz  T_9.0, 4;
    %load/vec4 v000001fc999938a0_0;
    %store/vec4 v000001fc99993bc0_0, 0, 8;
    %jmp T_9.1;
T_9.0 ;
    %load/vec4 v000001fc99993800_0;
    %store/vec4 v000001fc99993bc0_0, 0, 8;
T_9.1 ;
    %jmp T_9;
    .thread T_9, $push;
    .scope S_000001fc998fdbe0;
T_10 ;
    %wait E_000001fc999849d0;
    %load/vec4 v000001fc99956940_0;
    %cmpi/e 1, 0, 1;
    %jmp/0xz  T_10.0, 4;
    %load/vec4 v000001fc99955b80_0;
    %store/vec4 v000001fc99956620_0, 0, 8;
    %jmp T_10.1;
T_10.0 ;
    %load/vec4 v000001fc99956580_0;
    %store/vec4 v000001fc99956620_0, 0, 8;
T_10.1 ;
    %jmp T_10;
    .thread T_10, $push;
    .scope S_000001fc998f1790;
T_11 ;
    %wait E_000001fc99983e90;
    %delay 10, 0;
    %load/vec4 v000001fc9996bdf0_0;
    %store/vec4 v000001fc99957200_0, 0, 8;
    %jmp T_11;
    .thread T_11, $push;
    .scope S_000001fc99a05ec0;
T_12 ;
    %wait E_000001fc99981210;
    %load/vec4 v000001fc99a0e4c0_0;
    %cmpi/e 1, 0, 1;
    %jmp/0xz  T_12.0, 4;
    %load/vec4 v000001fc99a0d980_0;
    %store/vec4 v000001fc99a0e380_0, 0, 8;
    %jmp T_12.1;
T_12.0 ;
    %load/vec4 v000001fc99a0e2e0_0;
    %store/vec4 v000001fc99a0e380_0, 0, 8;
T_12.1 ;
    %jmp T_12;
    .thread T_12, $push;
    .scope S_000001fc99a069b0;
T_13 ;
    %wait E_000001fc99980e50;
    %load/vec4 v000001fc99a0e420_0;
    %cmpi/e 1, 0, 1;
    %jmp/0xz  T_13.0, 4;
    %load/vec4 v000001fc99a0e880_0;
    %store/vec4 v000001fc99a0e1a0_0, 0, 8;
    %jmp T_13.1;
T_13.0 ;
    %load/vec4 v000001fc99a0e740_0;
    %store/vec4 v000001fc99a0e1a0_0, 0, 8;
T_13.1 ;
    %jmp T_13;
    .thread T_13, $push;
    .scope S_000001fc99a06370;
T_14 ;
    %wait E_000001fc99981410;
    %load/vec4 v000001fc99a0e920_0;
    %cmpi/e 1, 0, 1;
    %jmp/0xz  T_14.0, 4;
    %load/vec4 v000001fc99a0eba0_0;
    %store/vec4 v000001fc99a0e7e0_0, 0, 8;
    %jmp T_14.1;
T_14.0 ;
    %load/vec4 v000001fc99a0e600_0;
    %store/vec4 v000001fc99a0e7e0_0, 0, 8;
T_14.1 ;
    %jmp T_14;
    .thread T_14, $push;
    .scope S_000001fc99a050b0;
T_15 ;
    %wait E_000001fc99980e10;
    %delay 10, 0;
    %load/vec4 v000001fc99a0df20_0;
    %store/vec4 v000001fc99a0ea60_0, 0, 8;
    %jmp T_15;
    .thread T_15, $push;
    .scope S_000001fc998d4290;
T_16 ;
    %wait E_000001fc99984bd0;
    %load/vec4 v000001fc99a0d340_0;
    %dup/vec4;
    %pushi/vec4 0, 0, 3;
    %cmp/u;
    %jmp/1 T_16.0, 6;
    %dup/vec4;
    %pushi/vec4 1, 0, 3;
    %cmp/u;
    %jmp/1 T_16.1, 6;
    %dup/vec4;
    %pushi/vec4 2, 0, 3;
    %cmp/u;
    %jmp/1 T_16.2, 6;
    %dup/vec4;
    %pushi/vec4 3, 0, 3;
    %cmp/u;
    %jmp/1 T_16.3, 6;
    %dup/vec4;
    %pushi/vec4 4, 0, 3;
    %cmp/u;
    %jmp/1 T_16.4, 6;
    %dup/vec4;
    %pushi/vec4 5, 0, 3;
    %cmp/u;
    %jmp/1 T_16.5, 6;
    %dup/vec4;
    %pushi/vec4 6, 0, 3;
    %cmp/u;
    %jmp/1 T_16.6, 6;
    %dup/vec4;
    %pushi/vec4 7, 0, 3;
    %cmp/u;
    %jmp/1 T_16.7, 6;
    %jmp T_16.8;
T_16.0 ;
    %load/vec4 v000001fc99a0d160_0;
    %assign/vec4 v000001fc99a0d2a0_0, 0;
    %jmp T_16.8;
T_16.1 ;
    %load/vec4 v000001fc99a0d5c0_0;
    %assign/vec4 v000001fc99a0d2a0_0, 0;
    %jmp T_16.8;
T_16.2 ;
    %load/vec4 v000001fc99a0d660_0;
    %assign/vec4 v000001fc99a0d2a0_0, 0;
    %jmp T_16.8;
T_16.3 ;
    %load/vec4 v000001fc99a0b720_0;
    %assign/vec4 v000001fc99a0d2a0_0, 0;
    %jmp T_16.8;
T_16.4 ;
    %load/vec4 v000001fc99a0c440_0;
    %assign/vec4 v000001fc99a0d2a0_0, 0;
    %jmp T_16.8;
T_16.5 ;
    %load/vec4 v000001fc99a0c260_0;
    %assign/vec4 v000001fc99a0d2a0_0, 0;
    %jmp T_16.8;
T_16.6 ;
    %load/vec4 v000001fc99a0bea0_0;
    %assign/vec4 v000001fc99a0d2a0_0, 0;
    %jmp T_16.8;
T_16.7 ;
    %load/vec4 v000001fc99a0c8a0_0;
    %assign/vec4 v000001fc99a0d2a0_0, 0;
    %jmp T_16.8;
T_16.8 ;
    %pop/vec4 1;
    %jmp T_16;
    .thread T_16, $push;
    .scope S_000001fc998ed910;
T_17 ;
    %wait E_000001fc99981bd0;
    %load/vec4 v000001fc99a0d700_0;
    %dup/vec4;
    %pushi/vec4 0, 0, 1;
    %cmp/u;
    %jmp/1 T_17.0, 6;
    %dup/vec4;
    %pushi/vec4 1, 0, 1;
    %cmp/u;
    %jmp/1 T_17.1, 6;
    %jmp T_17.2;
T_17.0 ;
    %load/vec4 v000001fc99a0cb20_0;
    %cassign/vec4 v000001fc99a0bfe0_0;
    %cassign/link v000001fc99a0bfe0_0, v000001fc99a0cb20_0;
    %jmp T_17.2;
T_17.1 ;
    %load/vec4 v000001fc99a0b180_0;
    %cassign/vec4 v000001fc99a0bfe0_0;
    %cassign/link v000001fc99a0bfe0_0, v000001fc99a0b180_0;
    %jmp T_17.2;
T_17.2 ;
    %pop/vec4 1;
    %jmp T_17;
    .thread T_17, $push;
# The file index is used to find the file name in the following table.
:file_names 6;
    "N/A";
    "<interactive>";
    "alu.v";
    "./mux.v";
    "./multiplier.v";
    "./adder.v";
