#! /c/Source/iverilog-install/bin/vvp
:ivl_version "12.0 (devel)" "(s20150603-1539-g2693dd32b)";
:ivl_delay_selection "TYPICAL";
:vpi_time_precision - 10;
:vpi_module "C:\iverilog\lib\ivl\system.vpi";
:vpi_module "C:\iverilog\lib\ivl\vhdl_sys.vpi";
:vpi_module "C:\iverilog\lib\ivl\vhdl_textio.vpi";
:vpi_module "C:\iverilog\lib\ivl\v2005_math.vpi";
:vpi_module "C:\iverilog\lib\ivl\va_math.vpi";
S_0000026afdc66cd0 .scope module, "data_cache" "data_cache" 2 8;
 .timescale -9 -10;
    .port_info 0 /INPUT 1 "clock";
    .port_info 1 /INPUT 1 "reset";
    .port_info 2 /INPUT 1 "cpu_read";
    .port_info 3 /INPUT 1 "cpu_write";
    .port_info 4 /INPUT 8 "cpu_address";
    .port_info 5 /INPUT 8 "cpu_writedata";
    .port_info 6 /OUTPUT 8 "cpu_readdata";
    .port_info 7 /OUTPUT 1 "cpu_busywait";
    .port_info 8 /OUTPUT 1 "mem_read";
    .port_info 9 /OUTPUT 1 "mem_write";
    .port_info 10 /OUTPUT 6 "mem_address";
    .port_info 11 /OUTPUT 32 "mem_writedata";
    .port_info 12 /INPUT 32 "mem_readdata";
    .port_info 13 /INPUT 1 "mem_busywait";
P_0000026afdc66e60 .param/l "IDLE" 0 2 130, C4<000>;
P_0000026afdc66e98 .param/l "MEM_READ" 0 2 130, C4<001>;
P_0000026afdc66ed0 .param/l "MEM_WRITE" 0 2 130, C4<010>;
L_0000026afdb32f70/d .functor BUFZ 1, L_0000026afdb8e0f0, C4<0>, C4<0>, C4<0>;
L_0000026afdb32f70 .delay 1 (10,10,10) L_0000026afdb32f70/d;
L_0000026afdb33590 .functor BUFZ 3, L_0000026afdb8f310, C4<000>, C4<000>, C4<000>;
L_0000026afdb33600 .functor AND 1, v0000026afdb8e870_0, L_0000026afdb8fb30, C4<1>, C4<1>;
L_0000026afdb90018 .functor BUFT 1, C4<00>, C4<0>, C4<0>, C4<0>;
v0000026afdb1a310_0 .net *"_ivl_11", 1 0, L_0000026afdb90018;  1 drivers
v0000026afdb1a630_0 .net *"_ivl_14", 2 0, L_0000026afdb8f310;  1 drivers
v0000026afdb1a770_0 .net *"_ivl_16", 4 0, L_0000026afdb8eb90;  1 drivers
L_0000026afdb90060 .functor BUFT 1, C4<00>, C4<0>, C4<0>, C4<0>;
v0000026afdb1ac70_0 .net *"_ivl_19", 1 0, L_0000026afdb90060;  1 drivers
v0000026afdb1aa90_0 .net *"_ivl_22", 0 0, L_0000026afdb8fb30;  1 drivers
v0000026afdb1a590_0 .net *"_ivl_24", 4 0, L_0000026afdb8fbd0;  1 drivers
L_0000026afdb900a8 .functor BUFT 1, C4<00>, C4<0>, C4<0>, C4<0>;
v0000026afdb1a090_0 .net *"_ivl_27", 1 0, L_0000026afdb900a8;  1 drivers
v0000026afdb1ab30_0 .net *"_ivl_6", 0 0, L_0000026afdb8e0f0;  1 drivers
v0000026afdb1a130_0 .net *"_ivl_8", 4 0, L_0000026afdb8e7d0;  1 drivers
v0000026afdb1a1d0_0 .net "cache_tag", 2 0, L_0000026afdb33590;  1 drivers
o0000026afdb40148 .functor BUFZ 1, C4<z>; HiZ drive
v0000026afdb1a270_0 .net "clock", 0 0, o0000026afdb40148;  0 drivers
o0000026afdb40178 .functor BUFZ 8, C4<zzzzzzzz>; HiZ drive
v0000026afdb19ff0_0 .net "cpu_address", 7 0, o0000026afdb40178;  0 drivers
v0000026afdb1a810_0 .var "cpu_busywait", 0 0;
o0000026afdb401d8 .functor BUFZ 1, C4<z>; HiZ drive
v0000026afdb1abd0_0 .net "cpu_read", 0 0, o0000026afdb401d8;  0 drivers
v0000026afdb1ad10_0 .var "cpu_readdata", 7 0;
o0000026afdb40238 .functor BUFZ 1, C4<z>; HiZ drive
v0000026afdb1adb0_0 .net "cpu_write", 0 0, o0000026afdb40238;  0 drivers
o0000026afdb40268 .functor BUFZ 8, C4<zzzzzzzz>; HiZ drive
v0000026afdb1a4f0_0 .net "cpu_writedata", 7 0, o0000026afdb40268;  0 drivers
v0000026afdb1a450 .array "dataBlockArray", 0 7, 31 0;
v0000026afdb1ae50 .array "dirtyBitArray", 0 7, 0 0;
v0000026afdb1aef0_0 .var/i "i", 31 0;
v0000026afdb1a3b0_0 .net "index", 2 0, L_0000026afdb8e910;  1 drivers
v0000026afdb8f1d0_0 .net "isDirty", 0 0, L_0000026afdb32f70;  1 drivers
v0000026afdb8e730_0 .net "isHit", 0 0, L_0000026afdb33600;  1 drivers
v0000026afdb8fef0_0 .var "mem_address", 5 0;
o0000026afdb40508 .functor BUFZ 1, C4<z>; HiZ drive
v0000026afdb8f770_0 .net "mem_busywait", 0 0, o0000026afdb40508;  0 drivers
v0000026afdb8e050_0 .var "mem_read", 0 0;
o0000026afdb40568 .functor BUFZ 32, C4<zzzzzzzzzzzzzzzzzzzzzzzzzzzzzzzz>; HiZ drive
v0000026afdb8fe50_0 .net "mem_readdata", 31 0, o0000026afdb40568;  0 drivers
v0000026afdb8e550_0 .var "mem_write", 0 0;
v0000026afdb8fc70_0 .var "mem_writedata", 31 0;
v0000026afdb8f090_0 .var "next_state", 2 0;
v0000026afdb8eeb0_0 .net "offset", 1 0, L_0000026afdb8f590;  1 drivers
o0000026afdb40658 .functor BUFZ 1, C4<z>; HiZ drive
v0000026afdb8fd10_0 .net "reset", 0 0, o0000026afdb40658;  0 drivers
v0000026afdb8eff0_0 .var "state", 2 0;
v0000026afdb8f3b0_0 .net "tag", 2 0, L_0000026afdb8f4f0;  1 drivers
v0000026afdb8f450 .array "tagArray", 0 7, 2 0;
v0000026afdb8e870_0 .var "tagMatch", 0 0;
v0000026afdb8f270 .array "validBitArray", 0 7, 0 0;
v0000026afdb8f630_0 .var "writeToCache", 0 0;
E_0000026afdb1c820 .event posedge, v0000026afdb8fd10_0, v0000026afdb1a270_0;
E_0000026afdb1d3e0/0 .event anyedge, v0000026afdb8eff0_0, v0000026afdb8f3b0_0, v0000026afdb1a3b0_0, v0000026afdb8f770_0;
v0000026afdb1a450_0 .array/port v0000026afdb1a450, 0;
v0000026afdb1a450_1 .array/port v0000026afdb1a450, 1;
E_0000026afdb1d3e0/1 .event anyedge, v0000026afdb8fe50_0, v0000026afdb1a1d0_0, v0000026afdb1a450_0, v0000026afdb1a450_1;
v0000026afdb1a450_2 .array/port v0000026afdb1a450, 2;
v0000026afdb1a450_3 .array/port v0000026afdb1a450, 3;
v0000026afdb1a450_4 .array/port v0000026afdb1a450, 4;
v0000026afdb1a450_5 .array/port v0000026afdb1a450, 5;
E_0000026afdb1d3e0/2 .event anyedge, v0000026afdb1a450_2, v0000026afdb1a450_3, v0000026afdb1a450_4, v0000026afdb1a450_5;
v0000026afdb1a450_6 .array/port v0000026afdb1a450, 6;
v0000026afdb1a450_7 .array/port v0000026afdb1a450, 7;
E_0000026afdb1d3e0/3 .event anyedge, v0000026afdb1a450_6, v0000026afdb1a450_7;
E_0000026afdb1d3e0 .event/or E_0000026afdb1d3e0/0, E_0000026afdb1d3e0/1, E_0000026afdb1d3e0/2, E_0000026afdb1d3e0/3;
E_0000026afdb1d1a0/0 .event anyedge, v0000026afdb8eff0_0, v0000026afdb1abd0_0, v0000026afdb1adb0_0, v0000026afdb8f1d0_0;
E_0000026afdb1d1a0/1 .event anyedge, v0000026afdb8e730_0, v0000026afdb8f770_0;
E_0000026afdb1d1a0 .event/or E_0000026afdb1d1a0/0, E_0000026afdb1d1a0/1;
E_0000026afdb1cd60 .event anyedge, v0000026afdb8e730_0, v0000026afdb1abd0_0, v0000026afdb1adb0_0;
E_0000026afdb1c760/0 .event anyedge, v0000026afdb8eeb0_0, v0000026afdb1a3b0_0, v0000026afdb1a450_0, v0000026afdb1a450_1;
E_0000026afdb1c760/1 .event anyedge, v0000026afdb1a450_2, v0000026afdb1a450_3, v0000026afdb1a450_4, v0000026afdb1a450_5;
E_0000026afdb1c760/2 .event anyedge, v0000026afdb1a450_6, v0000026afdb1a450_7;
E_0000026afdb1c760 .event/or E_0000026afdb1c760/0, E_0000026afdb1c760/1, E_0000026afdb1c760/2;
E_0000026afdb1d2e0 .event anyedge, v0000026afdb8f3b0_0, v0000026afdb1a1d0_0, v0000026afdb1a3b0_0;
E_0000026afdb1c520 .event anyedge, v0000026afdb1abd0_0, v0000026afdb1adb0_0;
L_0000026afdb8f4f0 .delay 3 (10,10,10) L_0000026afdb8f4f0/d;
L_0000026afdb8f4f0/d .part o0000026afdb40178, 5, 3;
L_0000026afdb8e910 .delay 3 (10,10,10) L_0000026afdb8e910/d;
L_0000026afdb8e910/d .part o0000026afdb40178, 2, 3;
L_0000026afdb8f590 .delay 2 (10,10,10) L_0000026afdb8f590/d;
L_0000026afdb8f590/d .part o0000026afdb40178, 0, 2;
L_0000026afdb8e0f0 .array/port v0000026afdb1ae50, L_0000026afdb8e7d0;
L_0000026afdb8e7d0 .concat [ 3 2 0 0], L_0000026afdb8e910, L_0000026afdb90018;
L_0000026afdb8f310 .array/port v0000026afdb8f450, L_0000026afdb8eb90;
L_0000026afdb8eb90 .concat [ 3 2 0 0], L_0000026afdb8e910, L_0000026afdb90060;
L_0000026afdb8fb30 .array/port v0000026afdb8f270, L_0000026afdb8fbd0;
L_0000026afdb8fbd0 .concat [ 3 2 0 0], L_0000026afdb8e910, L_0000026afdb900a8;
    .scope S_0000026afdc66cd0;
T_0 ;
    %wait E_0000026afdb1c520;
    %load/vec4 v0000026afdb1abd0_0;
    %flag_set/vec4 8;
    %jmp/1 T_0.2, 8;
    %load/vec4 v0000026afdb1adb0_0;
    %flag_set/vec4 9;
    %flag_or 8, 9;
T_0.2;
    %jmp/0 T_0.0, 8;
    %pushi/vec4 1, 0, 2;
    %jmp/1 T_0.1, 8;
T_0.0 ; End of true expr.
    %pushi/vec4 0, 0, 2;
    %jmp/0 T_0.1, 8;
 ; End of false expr.
    %blend;
T_0.1;
    %pad/s 1;
    %store/vec4 v0000026afdb1a810_0, 0, 1;
    %jmp T_0;
    .thread T_0, $push;
    .scope S_0000026afdc66cd0;
T_1 ;
    %wait E_0000026afdb1d2e0;
    %delay 9, 0;
    %load/vec4 v0000026afdb8f3b0_0;
    %load/vec4 v0000026afdb1a1d0_0;
    %cmp/e;
    %jmp/0xz  T_1.0, 4;
    %pushi/vec4 1, 0, 1;
    %store/vec4 v0000026afdb8e870_0, 0, 1;
    %jmp T_1.1;
T_1.0 ;
    %pushi/vec4 0, 0, 1;
    %store/vec4 v0000026afdb8e870_0, 0, 1;
T_1.1 ;
    %jmp T_1;
    .thread T_1, $push;
    .scope S_0000026afdc66cd0;
T_2 ;
    %wait E_0000026afdb1c760;
    %load/vec4 v0000026afdb8eeb0_0;
    %dup/vec4;
    %pushi/vec4 0, 0, 2;
    %cmp/u;
    %jmp/1 T_2.0, 6;
    %dup/vec4;
    %pushi/vec4 1, 0, 2;
    %cmp/u;
    %jmp/1 T_2.1, 6;
    %dup/vec4;
    %pushi/vec4 2, 0, 2;
    %cmp/u;
    %jmp/1 T_2.2, 6;
    %dup/vec4;
    %pushi/vec4 3, 0, 2;
    %cmp/u;
    %jmp/1 T_2.3, 6;
    %jmp T_2.4;
T_2.0 ;
    %load/vec4 v0000026afdb1a3b0_0;
    %pad/u 5;
    %ix/vec4 4;
    %load/vec4a v0000026afdb1a450, 4;
    %parti/s 8, 0, 2;
    %store/vec4 v0000026afdb1ad10_0, 0, 8;
    %jmp T_2.4;
T_2.1 ;
    %load/vec4 v0000026afdb1a3b0_0;
    %pad/u 5;
    %ix/vec4 4;
    %load/vec4a v0000026afdb1a450, 4;
    %parti/s 8, 8, 5;
    %store/vec4 v0000026afdb1ad10_0, 0, 8;
    %jmp T_2.4;
T_2.2 ;
    %load/vec4 v0000026afdb1a3b0_0;
    %pad/u 5;
    %ix/vec4 4;
    %load/vec4a v0000026afdb1a450, 4;
    %parti/s 8, 16, 6;
    %store/vec4 v0000026afdb1ad10_0, 0, 8;
    %jmp T_2.4;
T_2.3 ;
    %load/vec4 v0000026afdb1a3b0_0;
    %pad/u 5;
    %ix/vec4 4;
    %load/vec4a v0000026afdb1a450, 4;
    %parti/s 8, 24, 6;
    %store/vec4 v0000026afdb1ad10_0, 0, 8;
    %jmp T_2.4;
T_2.4 ;
    %pop/vec4 1;
    %jmp T_2;
    .thread T_2, $push;
    .scope S_0000026afdc66cd0;
T_3 ;
    %wait E_0000026afdb1cd60;
    %load/vec4 v0000026afdb8e730_0;
    %flag_set/vec4 8;
    %jmp/0xz  T_3.0, 8;
    %load/vec4 v0000026afdb1abd0_0;
    %flag_set/vec4 9;
    %flag_get/vec4 9;
    %jmp/0 T_3.4, 9;
    %load/vec4 v0000026afdb1adb0_0;
    %nor/r;
    %and;
T_3.4;
    %flag_set/vec4 8;
    %jmp/0xz  T_3.2, 8;
    %pushi/vec4 0, 0, 1;
    %store/vec4 v0000026afdb1a810_0, 0, 1;
    %pushi/vec4 0, 0, 1;
    %store/vec4 v0000026afdb8e870_0, 0, 1;
    %jmp T_3.3;
T_3.2 ;
    %load/vec4 v0000026afdb1adb0_0;
    %flag_set/vec4 9;
    %flag_get/vec4 9;
    %jmp/0 T_3.7, 9;
    %load/vec4 v0000026afdb1abd0_0;
    %nor/r;
    %and;
T_3.7;
    %flag_set/vec4 8;
    %jmp/0xz  T_3.5, 8;
    %pushi/vec4 0, 0, 1;
    %store/vec4 v0000026afdb1a810_0, 0, 1;
    %pushi/vec4 1, 0, 1;
    %store/vec4 v0000026afdb8f630_0, 0, 1;
T_3.5 ;
T_3.3 ;
T_3.0 ;
    %jmp T_3;
    .thread T_3, $push;
    .scope S_0000026afdc66cd0;
T_4 ;
    %wait E_0000026afdb1c820;
    %load/vec4 v0000026afdb8fd10_0;
    %flag_set/vec4 8;
    %jmp/0xz  T_4.0, 8;
    %pushi/vec4 0, 0, 1;
    %store/vec4 v0000026afdb8f630_0, 0, 1;
    %jmp T_4.1;
T_4.0 ;
    %load/vec4 v0000026afdb8f630_0;
    %pad/u 32;
    %cmpi/e 1, 0, 32;
    %jmp/0xz  T_4.2, 4;
    %delay 10, 0;
    %load/vec4 v0000026afdb8eeb0_0;
    %dup/vec4;
    %pushi/vec4 0, 0, 2;
    %cmp/u;
    %jmp/1 T_4.4, 6;
    %dup/vec4;
    %pushi/vec4 1, 0, 2;
    %cmp/u;
    %jmp/1 T_4.5, 6;
    %dup/vec4;
    %pushi/vec4 2, 0, 2;
    %cmp/u;
    %jmp/1 T_4.6, 6;
    %dup/vec4;
    %pushi/vec4 3, 0, 2;
    %cmp/u;
    %jmp/1 T_4.7, 6;
    %jmp T_4.8;
T_4.4 ;
    %load/vec4 v0000026afdb1a4f0_0;
    %load/vec4 v0000026afdb1a3b0_0;
    %pad/u 5;
    %ix/vec4 4;
    %flag_mov 8, 4;
    %ix/load 5, 0, 0;
    %flag_set/imm 4, 0;
    %flag_or 4, 8;
    %store/vec4a v0000026afdb1a450, 4, 5;
    %jmp T_4.8;
T_4.5 ;
    %load/vec4 v0000026afdb1a4f0_0;
    %load/vec4 v0000026afdb1a3b0_0;
    %pad/u 5;
    %ix/vec4 4;
    %flag_mov 8, 4;
    %ix/load 5, 8, 0;
    %flag_set/imm 4, 0;
    %flag_or 4, 8;
    %store/vec4a v0000026afdb1a450, 4, 5;
    %jmp T_4.8;
T_4.6 ;
    %load/vec4 v0000026afdb1a4f0_0;
    %load/vec4 v0000026afdb1a3b0_0;
    %pad/u 5;
    %ix/vec4 4;
    %flag_mov 8, 4;
    %ix/load 5, 16, 0;
    %flag_set/imm 4, 0;
    %flag_or 4, 8;
    %store/vec4a v0000026afdb1a450, 4, 5;
    %jmp T_4.8;
T_4.7 ;
    %load/vec4 v0000026afdb1a4f0_0;
    %load/vec4 v0000026afdb1a3b0_0;
    %pad/u 5;
    %ix/vec4 4;
    %flag_mov 8, 4;
    %ix/load 5, 24, 0;
    %flag_set/imm 4, 0;
    %flag_or 4, 8;
    %store/vec4a v0000026afdb1a450, 4, 5;
    %jmp T_4.8;
T_4.8 ;
    %pop/vec4 1;
    %pushi/vec4 1, 0, 1;
    %load/vec4 v0000026afdb1a3b0_0;
    %pad/u 5;
    %ix/vec4 4;
    %store/vec4a v0000026afdb1ae50, 4, 0;
    %pushi/vec4 0, 0, 1;
    %store/vec4 v0000026afdb8f630_0, 0, 1;
T_4.2 ;
T_4.1 ;
    %jmp T_4;
    .thread T_4;
    .scope S_0000026afdc66cd0;
T_5 ;
    %wait E_0000026afdb1d1a0;
    %load/vec4 v0000026afdb8eff0_0;
    %dup/vec4;
    %pushi/vec4 0, 0, 3;
    %cmp/u;
    %jmp/1 T_5.0, 6;
    %dup/vec4;
    %pushi/vec4 1, 0, 3;
    %cmp/u;
    %jmp/1 T_5.1, 6;
    %dup/vec4;
    %pushi/vec4 2, 0, 3;
    %cmp/u;
    %jmp/1 T_5.2, 6;
    %jmp T_5.3;
T_5.0 ;
    %load/vec4 v0000026afdb1abd0_0;
    %flag_set/vec4 10;
    %jmp/1 T_5.8, 10;
    %load/vec4 v0000026afdb1adb0_0;
    %flag_set/vec4 11;
    %flag_or 10, 11;
T_5.8;
    %flag_get/vec4 10;
    %jmp/0 T_5.7, 10;
    %load/vec4 v0000026afdb8f1d0_0;
    %nor/r;
    %and;
T_5.7;
    %flag_set/vec4 9;
    %flag_get/vec4 9;
    %jmp/0 T_5.6, 9;
    %load/vec4 v0000026afdb8e730_0;
    %nor/r;
    %and;
T_5.6;
    %flag_set/vec4 8;
    %jmp/0xz  T_5.4, 8;
    %pushi/vec4 1, 0, 3;
    %store/vec4 v0000026afdb8f090_0, 0, 3;
    %jmp T_5.5;
T_5.4 ;
    %load/vec4 v0000026afdb1abd0_0;
    %flag_set/vec4 10;
    %jmp/1 T_5.13, 10;
    %load/vec4 v0000026afdb1adb0_0;
    %flag_set/vec4 11;
    %flag_or 10, 11;
T_5.13;
    %flag_get/vec4 10;
    %jmp/0 T_5.12, 10;
    %load/vec4 v0000026afdb8f1d0_0;
    %and;
T_5.12;
    %flag_set/vec4 9;
    %flag_get/vec4 9;
    %jmp/0 T_5.11, 9;
    %load/vec4 v0000026afdb8e730_0;
    %nor/r;
    %and;
T_5.11;
    %flag_set/vec4 8;
    %jmp/0xz  T_5.9, 8;
    %pushi/vec4 2, 0, 3;
    %store/vec4 v0000026afdb8f090_0, 0, 3;
    %jmp T_5.10;
T_5.9 ;
    %pushi/vec4 0, 0, 3;
    %store/vec4 v0000026afdb8f090_0, 0, 3;
T_5.10 ;
T_5.5 ;
    %jmp T_5.3;
T_5.1 ;
    %load/vec4 v0000026afdb8f770_0;
    %nor/r;
    %flag_set/vec4 8;
    %jmp/0xz  T_5.14, 8;
    %pushi/vec4 0, 0, 3;
    %store/vec4 v0000026afdb8f090_0, 0, 3;
    %jmp T_5.15;
T_5.14 ;
    %pushi/vec4 1, 0, 3;
    %store/vec4 v0000026afdb8f090_0, 0, 3;
T_5.15 ;
    %jmp T_5.3;
T_5.2 ;
    %load/vec4 v0000026afdb8f770_0;
    %nor/r;
    %flag_set/vec4 8;
    %jmp/0xz  T_5.16, 8;
    %pushi/vec4 1, 0, 3;
    %store/vec4 v0000026afdb8f090_0, 0, 3;
    %jmp T_5.17;
T_5.16 ;
    %pushi/vec4 2, 0, 3;
    %store/vec4 v0000026afdb8f090_0, 0, 3;
T_5.17 ;
    %jmp T_5.3;
T_5.3 ;
    %pop/vec4 1;
    %jmp T_5;
    .thread T_5, $push;
    .scope S_0000026afdc66cd0;
T_6 ;
    %wait E_0000026afdb1d3e0;
    %load/vec4 v0000026afdb8eff0_0;
    %dup/vec4;
    %pushi/vec4 0, 0, 3;
    %cmp/u;
    %jmp/1 T_6.0, 6;
    %dup/vec4;
    %pushi/vec4 1, 0, 3;
    %cmp/u;
    %jmp/1 T_6.1, 6;
    %dup/vec4;
    %pushi/vec4 2, 0, 3;
    %cmp/u;
    %jmp/1 T_6.2, 6;
    %jmp T_6.3;
T_6.0 ;
    %pushi/vec4 0, 0, 1;
    %store/vec4 v0000026afdb8e050_0, 0, 1;
    %pushi/vec4 0, 0, 1;
    %store/vec4 v0000026afdb8e550_0, 0, 1;
    %pushi/vec4 63, 63, 6;
    %store/vec4 v0000026afdb8fef0_0, 0, 6;
    %pushi/vec4 4294967295, 4294967295, 32;
    %store/vec4 v0000026afdb8fc70_0, 0, 32;
    %jmp T_6.3;
T_6.1 ;
    %pushi/vec4 1, 0, 1;
    %store/vec4 v0000026afdb8e050_0, 0, 1;
    %pushi/vec4 0, 0, 1;
    %store/vec4 v0000026afdb8e550_0, 0, 1;
    %load/vec4 v0000026afdb8f3b0_0;
    %load/vec4 v0000026afdb1a3b0_0;
    %concat/vec4; draw_concat_vec4
    %store/vec4 v0000026afdb8fef0_0, 0, 6;
    %pushi/vec4 4294967295, 4294967295, 32;
    %store/vec4 v0000026afdb8fc70_0, 0, 32;
    %pushi/vec4 1, 0, 1;
    %store/vec4 v0000026afdb1a810_0, 0, 1;
    %delay 10, 0;
    %load/vec4 v0000026afdb8f770_0;
    %pad/u 32;
    %cmpi/e 0, 0, 32;
    %jmp/0xz  T_6.4, 4;
    %load/vec4 v0000026afdb8fe50_0;
    %load/vec4 v0000026afdb1a3b0_0;
    %pad/u 5;
    %ix/vec4 4;
    %store/vec4a v0000026afdb1a450, 4, 0;
    %pushi/vec4 1, 0, 1;
    %load/vec4 v0000026afdb1a3b0_0;
    %pad/u 5;
    %ix/vec4 4;
    %store/vec4a v0000026afdb8f270, 4, 0;
    %load/vec4 v0000026afdb8f3b0_0;
    %load/vec4 v0000026afdb1a3b0_0;
    %pad/u 5;
    %ix/vec4 4;
    %store/vec4a v0000026afdb8f450, 4, 0;
T_6.4 ;
    %jmp T_6.3;
T_6.2 ;
    %pushi/vec4 0, 0, 1;
    %store/vec4 v0000026afdb8e050_0, 0, 1;
    %pushi/vec4 1, 0, 1;
    %store/vec4 v0000026afdb8e550_0, 0, 1;
    %load/vec4 v0000026afdb1a1d0_0;
    %load/vec4 v0000026afdb1a3b0_0;
    %concat/vec4; draw_concat_vec4
    %store/vec4 v0000026afdb8fef0_0, 0, 6;
    %load/vec4 v0000026afdb1a3b0_0;
    %pad/u 5;
    %ix/vec4 4;
    %load/vec4a v0000026afdb1a450, 4;
    %store/vec4 v0000026afdb8fc70_0, 0, 32;
    %pushi/vec4 1, 0, 1;
    %store/vec4 v0000026afdb1a810_0, 0, 1;
    %load/vec4 v0000026afdb8f770_0;
    %pad/u 32;
    %cmpi/e 0, 0, 32;
    %jmp/0xz  T_6.6, 4;
    %pushi/vec4 0, 0, 1;
    %load/vec4 v0000026afdb1a3b0_0;
    %pad/u 5;
    %ix/vec4 4;
    %store/vec4a v0000026afdb1ae50, 4, 0;
T_6.6 ;
    %jmp T_6.3;
T_6.3 ;
    %pop/vec4 1;
    %jmp T_6;
    .thread T_6, $push;
    .scope S_0000026afdc66cd0;
T_7 ;
    %wait E_0000026afdb1c820;
    %load/vec4 v0000026afdb8fd10_0;
    %flag_set/vec4 8;
    %jmp/0xz  T_7.0, 8;
    %pushi/vec4 0, 0, 3;
    %store/vec4 v0000026afdb8eff0_0, 0, 3;
    %pushi/vec4 0, 0, 32;
    %store/vec4 v0000026afdb1aef0_0, 0, 32;
T_7.2 ;
    %load/vec4 v0000026afdb1aef0_0;
    %cmpi/s 8, 0, 32;
    %jmp/0xz T_7.3, 5;
    %pushi/vec4 0, 0, 1;
    %ix/getv/s 4, v0000026afdb1aef0_0;
    %store/vec4a v0000026afdb1ae50, 4, 0;
    %pushi/vec4 0, 0, 1;
    %ix/getv/s 4, v0000026afdb1aef0_0;
    %store/vec4a v0000026afdb8f270, 4, 0;
    %load/vec4 v0000026afdb1aef0_0;
    %addi 1, 0, 32;
    %store/vec4 v0000026afdb1aef0_0, 0, 32;
    %jmp T_7.2;
T_7.3 ;
    %jmp T_7.1;
T_7.0 ;
    %load/vec4 v0000026afdb8f090_0;
    %store/vec4 v0000026afdb8eff0_0, 0, 3;
T_7.1 ;
    %jmp T_7;
    .thread T_7;
# The file index is used to find the file name in the following table.
:file_names 3;
    "N/A";
    "<interactive>";
    "data_cache.v";
