#! /c/Source/iverilog-install/bin/vvp
:ivl_version "12.0 (devel)" "(s20150603-1539-g2693dd32b)";
:ivl_delay_selection "TYPICAL";
:vpi_time_precision - 10;
:vpi_module "C:\iverilog\lib\ivl\system.vpi";
:vpi_module "C:\iverilog\lib\ivl\vhdl_sys.vpi";
:vpi_module "C:\iverilog\lib\ivl\vhdl_textio.vpi";
:vpi_module "C:\iverilog\lib\ivl\v2005_math.vpi";
:vpi_module "C:\iverilog\lib\ivl\va_math.vpi";
S_000001cb773d62f0 .scope module, "mux" "mux" 2 8;
 .timescale -9 -10;
    .port_info 0 /INPUT 8 "IN1";
    .port_info 1 /INPUT 8 "IN2";
    .port_info 2 /INPUT 1 "SELECT";
    .port_info 3 /OUTPUT 8 "OUT";
o000001cb773d6fd8 .functor BUFZ 8, C4<zzzzzzzz>; HiZ drive
v000001cb77386ba0_0 .net "IN1", 7 0, o000001cb773d6fd8;  0 drivers
o000001cb773d7008 .functor BUFZ 8, C4<zzzzzzzz>; HiZ drive
v000001cb7738bc50_0 .net "IN2", 7 0, o000001cb773d7008;  0 drivers
v000001cb7738bcf0_0 .var/s "OUT", 7 0;
o000001cb773d7068 .functor BUFZ 1, C4<z>; HiZ drive
v000001cb7738bd90_0 .net "SELECT", 0 0, o000001cb773d7068;  0 drivers
E_000001cb7738c7f0 .event anyedge, v000001cb7738bd90_0, v000001cb7738bc50_0, v000001cb77386ba0_0;
S_000001cb773d6480 .scope module, "mux32bit" "mux32bit" 2 33;
 .timescale -9 -10;
    .port_info 0 /OUTPUT 32 "OUTPUT";
    .port_info 1 /INPUT 32 "DATA1";
    .port_info 2 /INPUT 32 "DATA2";
    .port_info 3 /INPUT 1 "SELECT";
o000001cb773d7158 .functor BUFZ 32, C4<zzzzzzzzzzzzzzzzzzzzzzzzzzzzzzzz>; HiZ drive
v000001cb7738be30_0 .net "DATA1", 31 0, o000001cb773d7158;  0 drivers
o000001cb773d7188 .functor BUFZ 32, C4<zzzzzzzzzzzzzzzzzzzzzzzzzzzzzzzz>; HiZ drive
v000001cb7738bed0_0 .net "DATA2", 31 0, o000001cb773d7188;  0 drivers
v000001cb773d3610_0 .var "OUTPUT", 31 0;
o000001cb773d71e8 .functor BUFZ 1, C4<z>; HiZ drive
v000001cb773d36b0_0 .net "SELECT", 0 0, o000001cb773d71e8;  0 drivers
E_000001cb7738c6b0 .event anyedge, v000001cb773d36b0_0, v000001cb7738bed0_0, v000001cb7738be30_0;
    .scope S_000001cb773d62f0;
T_0 ;
    %wait E_000001cb7738c7f0;
    %load/vec4 v000001cb7738bd90_0;
    %cmpi/e 1, 0, 1;
    %jmp/0xz  T_0.0, 4;
    %load/vec4 v000001cb7738bc50_0;
    %store/vec4 v000001cb7738bcf0_0, 0, 8;
    %jmp T_0.1;
T_0.0 ;
    %load/vec4 v000001cb77386ba0_0;
    %store/vec4 v000001cb7738bcf0_0, 0, 8;
T_0.1 ;
    %jmp T_0;
    .thread T_0, $push;
    .scope S_000001cb773d6480;
T_1 ;
    %wait E_000001cb7738c6b0;
    %load/vec4 v000001cb773d36b0_0;
    %dup/vec4;
    %pushi/vec4 0, 0, 1;
    %cmp/u;
    %jmp/1 T_1.0, 6;
    %dup/vec4;
    %pushi/vec4 1, 0, 1;
    %cmp/u;
    %jmp/1 T_1.1, 6;
    %jmp T_1.2;
T_1.0 ;
    %load/vec4 v000001cb7738be30_0;
    %cassign/vec4 v000001cb773d3610_0;
    %cassign/link v000001cb773d3610_0, v000001cb7738be30_0;
    %jmp T_1.2;
T_1.1 ;
    %load/vec4 v000001cb7738bed0_0;
    %cassign/vec4 v000001cb773d3610_0;
    %cassign/link v000001cb773d3610_0, v000001cb7738bed0_0;
    %jmp T_1.2;
T_1.2 ;
    %pop/vec4 1;
    %jmp T_1;
    .thread T_1, $push;
# The file index is used to find the file name in the following table.
:file_names 3;
    "N/A";
    "<interactive>";
    "mux.v";
