#! /c/Source/iverilog-install/bin/vvp
:ivl_version "12.0 (devel)" "(s20150603-1539-g2693dd32b)";
:ivl_delay_selection "TYPICAL";
:vpi_time_precision - 10;
:vpi_module "C:\iverilog\lib\ivl\system.vpi";
:vpi_module "C:\iverilog\lib\ivl\vhdl_sys.vpi";
:vpi_module "C:\iverilog\lib\ivl\vhdl_textio.vpi";
:vpi_module "C:\iverilog\lib\ivl\v2005_math.vpi";
:vpi_module "C:\iverilog\lib\ivl\va_math.vpi";
S_000001954fe74bb0 .scope module, "reg_file" "reg_file" 2 9;
 .timescale -9 -10;
    .port_info 0 /INPUT 8 "IN";
    .port_info 1 /OUTPUT 8 "OUT1";
    .port_info 2 /OUTPUT 8 "OUT2";
    .port_info 3 /INPUT 3 "INADDRESS";
    .port_info 4 /INPUT 3 "OUT1ADDRESS";
    .port_info 5 /INPUT 3 "OUT2ADDRESS";
    .port_info 6 /INPUT 1 "WRITE";
    .port_info 7 /INPUT 1 "CLK";
    .port_info 8 /INPUT 1 "RESET";
    .port_info 9 /INPUT 1 "BUSYWAIT";
o000001954fe8af98 .functor BUFZ 1, C4<z>; HiZ drive
v000001954ffcbd10_0 .net "BUSYWAIT", 0 0, o000001954fe8af98;  0 drivers
o000001954fe8afc8 .functor BUFZ 1, C4<z>; HiZ drive
v000001954ffc6fc0_0 .net "CLK", 0 0, o000001954fe8afc8;  0 drivers
o000001954fe8aff8 .functor BUFZ 8, C4<zzzzzzzz>; HiZ drive
v000001954ffcbdb0_0 .net/s "IN", 7 0, o000001954fe8aff8;  0 drivers
o000001954fe8b028 .functor BUFZ 3, C4<zzz>; HiZ drive
v000001954ffcbe50_0 .net "INADDRESS", 2 0, o000001954fe8b028;  0 drivers
v000001954ffcbef0_0 .var/s "OUT1", 7 0;
o000001954fe8b088 .functor BUFZ 3, C4<zzz>; HiZ drive
v000001954fe77320_0 .net "OUT1ADDRESS", 2 0, o000001954fe8b088;  0 drivers
v000001954fe773c0_0 .var/s "OUT2", 7 0;
o000001954fe8b0e8 .functor BUFZ 3, C4<zzz>; HiZ drive
v000001954fe77460_0 .net "OUT2ADDRESS", 2 0, o000001954fe8b0e8;  0 drivers
o000001954fe8b118 .functor BUFZ 1, C4<z>; HiZ drive
v000001954fe77500_0 .net "RESET", 0 0, o000001954fe8b118;  0 drivers
o000001954fe8b148 .functor BUFZ 1, C4<z>; HiZ drive
v000001954fe775a0_0 .net "WRITE", 0 0, o000001954fe8b148;  0 drivers
v000001954fe81240_0 .var/i "i", 31 0;
v000001954fe812e0 .array "regfile", 0 7, 7 0;
v000001954fe812e0_0 .array/port v000001954fe812e0, 0;
v000001954fe812e0_1 .array/port v000001954fe812e0, 1;
v000001954fe812e0_2 .array/port v000001954fe812e0, 2;
E_000001954fe78a40/0 .event anyedge, v000001954fe77320_0, v000001954fe812e0_0, v000001954fe812e0_1, v000001954fe812e0_2;
v000001954fe812e0_3 .array/port v000001954fe812e0, 3;
v000001954fe812e0_4 .array/port v000001954fe812e0, 4;
v000001954fe812e0_5 .array/port v000001954fe812e0, 5;
v000001954fe812e0_6 .array/port v000001954fe812e0, 6;
E_000001954fe78a40/1 .event anyedge, v000001954fe812e0_3, v000001954fe812e0_4, v000001954fe812e0_5, v000001954fe812e0_6;
v000001954fe812e0_7 .array/port v000001954fe812e0, 7;
E_000001954fe78a40/2 .event anyedge, v000001954fe812e0_7, v000001954fe77460_0;
E_000001954fe78a40 .event/or E_000001954fe78a40/0, E_000001954fe78a40/1, E_000001954fe78a40/2;
E_000001954fe78e00 .event posedge, v000001954fe77500_0, v000001954ffc6fc0_0;
    .scope S_000001954fe74bb0;
T_0 ;
    %wait E_000001954fe78e00;
    %load/vec4 v000001954fe77500_0;
    %flag_set/vec4 8;
    %jmp/0xz  T_0.0, 8;
    %pushi/vec4 0, 0, 32;
    %store/vec4 v000001954fe81240_0, 0, 32;
T_0.2 ;
    %load/vec4 v000001954fe81240_0;
    %cmpi/s 8, 0, 32;
    %jmp/0xz T_0.3, 5;
    %pushi/vec4 0, 0, 8;
    %ix/getv/s 3, v000001954fe81240_0;
    %ix/load 4, 0, 0; Constant delay
    %assign/vec4/a/d v000001954fe812e0, 0, 4;
    %load/vec4 v000001954fe81240_0;
    %addi 1, 0, 32;
    %store/vec4 v000001954fe81240_0, 0, 32;
    %jmp T_0.2;
T_0.3 ;
    %jmp T_0.1;
T_0.0 ;
    %load/vec4 v000001954fe775a0_0;
    %flag_set/vec4 9;
    %flag_get/vec4 9;
    %jmp/0 T_0.6, 9;
    %load/vec4 v000001954ffcbd10_0;
    %nor/r;
    %and;
T_0.6;
    %flag_set/vec4 8;
    %jmp/0xz  T_0.4, 8;
    %delay 10, 0;
    %load/vec4 v000001954ffcbdb0_0;
    %load/vec4 v000001954ffcbe50_0;
    %pad/u 5;
    %ix/vec4 3;
    %ix/load 4, 0, 0; Constant delay
    %assign/vec4/a/d v000001954fe812e0, 0, 4;
T_0.4 ;
T_0.1 ;
    %jmp T_0;
    .thread T_0;
    .scope S_000001954fe74bb0;
T_1 ;
    %wait E_000001954fe78a40;
    %delay 20, 0;
    %load/vec4 v000001954fe77320_0;
    %pad/u 5;
    %ix/vec4 4;
    %load/vec4a v000001954fe812e0, 4;
    %store/vec4 v000001954ffcbef0_0, 0, 8;
    %load/vec4 v000001954fe77460_0;
    %pad/u 5;
    %ix/vec4 4;
    %load/vec4a v000001954fe812e0, 4;
    %store/vec4 v000001954fe773c0_0, 0, 8;
    %jmp T_1;
    .thread T_1, $push;
    .scope S_000001954fe74bb0;
T_2 ;
    %delay 50, 0;
    %vpi_call 2 47 "$display", "\012\011\011\011==============================================================" {0 0 0};
    %vpi_call 2 48 "$display", "\012\011\011\011 Change of Register Content starting from Time #5" {0 0 0};
    %vpi_call 2 49 "$display", "\012\011\011\011==============================================================" {0 0 0};
    %vpi_call 2 50 "$display", "\012\011\011time\011reg0\011reg1\011reg2\011reg3\011reg4\011reg5\011reg6\011reg7" {0 0 0};
    %vpi_call 2 51 "$display", "\012\011\011\011--------------------------------------------------------------------------------------" {0 0 0};
    %vpi_call 2 52 "$monitor", $time, "\011%d\011%d\011%d\011%d\011%d\011%d\011%d\011%d", &A<v000001954fe812e0, 0>, &A<v000001954fe812e0, 1>, &A<v000001954fe812e0, 2>, &A<v000001954fe812e0, 3>, &A<v000001954fe812e0, 4>, &A<v000001954fe812e0, 5>, &A<v000001954fe812e0, 6>, &A<v000001954fe812e0, 7> {0 0 0};
    %end;
    .thread T_2;
    .scope S_000001954fe74bb0;
T_3 ;
    %vpi_call 2 57 "$dumpfile", "cpu_wavedata.vcd" {0 0 0};
    %pushi/vec4 0, 0, 32;
    %store/vec4 v000001954fe81240_0, 0, 32;
T_3.0 ;
    %load/vec4 v000001954fe81240_0;
    %cmpi/s 8, 0, 32;
    %jmp/0xz T_3.1, 5;
    %vpi_call 2 59 "$dumpvars", 32'sb00000000000000000000000000000001, &A<v000001954fe812e0, v000001954fe81240_0 > {0 0 0};
    ; show_stmt_assign_vector: Get l-value for compressed += operand
    %load/vec4 v000001954fe81240_0;
    %pushi/vec4 1, 0, 32;
    %add;
    %store/vec4 v000001954fe81240_0, 0, 32;
    %jmp T_3.0;
T_3.1 ;
    %end;
    .thread T_3;
# The file index is used to find the file name in the following table.
:file_names 3;
    "N/A";
    "<interactive>";
    "Register.v";
