#! /c/Source/iverilog-install/bin/vvp
:ivl_version "12.0 (devel)" "(s20150603-1539-g2693dd32b)";
:ivl_delay_selection "TYPICAL";
:vpi_time_precision - 10;
:vpi_module "C:\iverilog\lib\ivl\system.vpi";
:vpi_module "C:\iverilog\lib\ivl\vhdl_sys.vpi";
:vpi_module "C:\iverilog\lib\ivl\vhdl_textio.vpi";
:vpi_module "C:\iverilog\lib\ivl\v2005_math.vpi";
:vpi_module "C:\iverilog\lib\ivl\va_math.vpi";
S_00000224becb6bc0 .scope module, "twosComp" "twosComp" 2 9;
 .timescale -9 -10;
    .port_info 0 /INPUT 8 "IN";
    .port_info 1 /OUTPUT 8 "OUT";
o00000224bef26a98 .functor BUFZ 8, C4<zzzzzzzz>; HiZ drive
L_00000224becb7490 .functor NOT 8, o00000224bef26a98, C4<00000000>, C4<00000000>, C4<00000000>;
v00000224becb6d50_0 .net "IN", 7 0, o00000224bef26a98;  0 drivers
v00000224becb6df0_0 .net "OUT", 7 0, L_00000224becb6fd0;  1 drivers
v00000224becb6e90_0 .net *"_ivl_0", 7 0, L_00000224becb7490;  1 drivers
L_00000224bef6bf08 .functor BUFT 1, C4<00000001>, C4<0>, C4<0>, C4<0>;
v00000224becb6f30_0 .net/2u *"_ivl_2", 7 0, L_00000224bef6bf08;  1 drivers
L_00000224becb6fd0 .delay 8 (10,10,10) L_00000224becb6fd0/d;
L_00000224becb6fd0/d .arith/sum 8, L_00000224becb7490, L_00000224bef6bf08;
# The file index is used to find the file name in the following table.
:file_names 3;
    "N/A";
    "<interactive>";
    "twos_comp.v";
